<?xml version="1.0"?>
<houses>
	<house name="Yurots House #1" houseid="1" entryx="153" entryy="61" entryz="7" rent="0" townid="1" size="66" />
	<house name="Yurots House #2" houseid="2" entryx="156" entryy="61" entryz="7" rent="0" townid="1" size="72" />
	<house name="Yurots House #3" houseid="3" entryx="130" entryy="44" entryz="7" rent="0" townid="1" size="12" />
	<house name="Yurots House #4" houseid="4" entryx="174" entryy="43" entryz="7" rent="0" townid="1" size="39" />
	<house name="Yurots House #5" houseid="5" entryx="141" entryy="33" entryz="7" rent="0" townid="1" size="51" />
	<house name="Yurots House #6" houseid="6" entryx="147" entryy="34" entryz="7" rent="0" townid="1" size="23" />
	<house name="Yurots House #7" houseid="7" entryx="157" entryy="34" entryz="7" rent="0" townid="1" size="18" />
	<house name="Yurots House #8" houseid="8" entryx="164" entryy="31" entryz="7" rent="0" townid="1" size="14" />
	<house name="Yurots House #9" houseid="9" entryx="163" entryy="37" entryz="7" rent="0" townid="1" size="23" />
	<house name="Yurots House #10" houseid="10" entryx="161" entryy="31" entryz="6" rent="0" townid="1" size="18" />
	<house name="Yurots House #11" houseid="11" entryx="165" entryy="30" entryz="6" rent="0" townid="1" size="11" />
	<house name="Yurots House #12" houseid="12" entryx="166" entryy="34" entryz="6" rent="0" townid="1" size="18" />
	<house name="Yurots House #13" houseid="13" entryx="174" entryy="32" entryz="7" rent="0" townid="1" size="32" />
	<house name="Yurots House #14" houseid="14" entryx="178" entryy="31" entryz="7" rent="0" townid="1" size="14" />
	<house name="Yurots House #15" houseid="15" entryx="179" entryy="34" entryz="7" rent="0" townid="1" size="40" />
	<house name="Yurots House #16" houseid="16" entryx="110" entryy="33" entryz="7" rent="0" townid="1" size="26" />
	<house name="Yurots House #17" houseid="17" entryx="110" entryy="30" entryz="7" rent="0" townid="1" size="20" />
	<house name="Yurots House #18" houseid="18" entryx="97" entryy="33" entryz="7" rent="0" townid="1" size="22" />
	<house name="Yurots House #19" houseid="19" entryx="96" entryy="30" entryz="7" rent="0" townid="1" size="15" />
	<house name="Yurots House #20" houseid="20" entryx="97" entryy="26" entryz="7" rent="0" townid="1" size="4" />
	<house name="Yurots House #21" houseid="21" entryx="109" entryy="26" entryz="7" rent="0" townid="1" size="4" />
	<house name="Yurots House #22" houseid="22" entryx="98" entryy="26" entryz="6" rent="0" townid="1" size="3" />
	<house name="Yurots House #23" houseid="23" entryx="108" entryy="26" entryz="6" rent="0" townid="1" size="3" />
	<house name="Yurots House #24" houseid="24" entryx="110" entryy="30" entryz="6" rent="0" townid="1" size="20" />
	<house name="Yurots House #25" houseid="25" entryx="110" entryy="33" entryz="6" rent="0" townid="1" size="26" />
	<house name="Yurots House #26" houseid="26" entryx="97" entryy="33" entryz="6" rent="0" townid="1" size="22" />
	<house name="Yurots House #27" houseid="27" entryx="96" entryy="30" entryz="6" rent="0" townid="1" size="15" />
	<house name="Yurots GuildHall #28" houseid="28" entryx="218" entryy="100" entryz="7" rent="0" guildhall="true" townid="1" size="134" />
	<house name="Yurots House #30" houseid="30" entryx="207" entryy="54" entryz="6" rent="0" townid="1" size="28" />
</houses>
