<?xml version="1.0"?>
<spawns>
	<spawn centerx="35" centery="233" centerz="2" radius="5">
		<monster name="giant spider" x="5" y="0" z="2" spawntime="60" direction="2" />
		<monster name="giant spider" x="-1" y="2" z="2" spawntime="60" direction="2" />
		<monster name="giant spider" x="0" y="5" z="2" spawntime="60" direction="2" />
	</spawn>
	<spawn centerx="42" centery="234" centerz="2" radius="5">
		<monster name="giant spider" x="4" y="-1" z="2" spawntime="60" direction="2" />
		<monster name="giant spider" x="1" y="1" z="2" spawntime="60" direction="2" />
		<monster name="giant spider" x="-2" y="5" z="2" spawntime="60" direction="2" />
	</spawn>
	<spawn centerx="38" centery="238" centerz="2" radius="5" />
	<spawn centerx="49" centery="238" centerz="2" radius="5">
		<monster name="giant spider" x="0" y="-5" z="2" spawntime="60" direction="2" />
	</spawn>
	<spawn centerx="95" centery="120" centerz="3" radius="100">
		<monster name="black knight" x="-2" y="-8" z="3" spawntime="60" direction="2" />
		<monster name="black knight" x="3" y="-8" z="3" spawntime="60" direction="2" />
		<monster name="behemoth" x="1" y="-7" z="3" spawntime="60" direction="2" />
		<monster name="black knight" x="-2" y="-6" z="3" spawntime="60" direction="2" />
		<monster name="black knight" x="3" y="-6" z="3" spawntime="60" direction="2" />
		<monster name="behemoth" x="-4" y="-4" z="3" spawntime="60" direction="2" />
		<monster name="behemoth" x="-1" y="-4" z="3" spawntime="60" direction="2" />
		<monster name="behemoth" x="3" y="-4" z="3" spawntime="60" direction="2" />
		<monster name="behemoth" x="5" y="-4" z="3" spawntime="60" direction="2" />
		<monster name="warlock" x="-4" y="-3" z="3" spawntime="60" direction="2" />
		<monster name="warlock" x="5" y="-3" z="3" spawntime="60" direction="2" />
		<monster name="warlock" x="-4" y="-2" z="3" spawntime="60" direction="2" />
		<monster name="behemoth" x="1" y="-2" z="3" spawntime="60" direction="2" />
		<monster name="warlock" x="5" y="-2" z="3" spawntime="60" direction="2" />
		<monster name="banshee" x="-1" y="0" z="3" spawntime="60" direction="2" />
		<monster name="banshee" x="2" y="0" z="3" spawntime="60" direction="2" />
		<monster name="black knight" x="-1" y="2" z="3" spawntime="60" direction="2" />
		<monster name="black knight" x="2" y="2" z="3" spawntime="60" direction="2" />
		<monster name="behemoth" x="-5" y="4" z="3" spawntime="60" direction="2" />
		<monster name="behemoth" x="7" y="4" z="3" spawntime="60" direction="2" />
		<monster name="black knight" x="4" y="9" z="3" spawntime="60" direction="2" />
		<monster name="banshee" x="13" y="9" z="3" spawntime="60" direction="2" />
		<monster name="black knight" x="-5" y="12" z="3" spawntime="60" direction="2" />
		<monster name="behemoth" x="1" y="12" z="3" spawntime="60" direction="2" />
		<monster name="banshee" x="-1" y="16" z="3" spawntime="60" direction="2" />
		<monster name="black knight" x="-5" y="17" z="3" spawntime="60" direction="2" />
		<monster name="behemoth" x="1" y="17" z="3" spawntime="60" direction="2" />
		<monster name="black knight" x="10" y="18" z="3" spawntime="60" direction="2" />
		<monster name="behemoth" x="15" y="18" z="3" spawntime="60" direction="2" />
		<monster name="behemoth" x="15" y="21" z="3" spawntime="60" direction="2" />
		<monster name="banshee" x="-3" y="24" z="3" spawntime="60" direction="2" />
		<monster name="black knight" x="4" y="26" z="3" spawntime="60" direction="2" />
		<monster name="black knight" x="13" y="26" z="3" spawntime="60" direction="2" />
		<monster name="banshee" x="6" y="31" z="3" spawntime="60" direction="2" />
		<monster name="behemoth" x="9" y="31" z="3" spawntime="60" direction="2" />
		<monster name="banshee" x="12" y="31" z="3" spawntime="60" direction="2" />
	</spawn>
	<spawn centerx="41" centery="234" centerz="3" radius="10">
		<monster name="warlock" x="-7" y="-5" z="3" spawntime="60" direction="2" />
		<monster name="black knight" x="-5" y="-5" z="3" spawntime="60" direction="2" />
		<monster name="black knight" x="-3" y="-5" z="3" spawntime="60" direction="2" />
		<monster name="black knight" x="-1" y="-5" z="3" spawntime="60" direction="2" />
		<monster name="behemoth" x="2" y="-4" z="3" spawntime="60" direction="2" />
		<monster name="giant spider" x="8" y="-4" z="3" spawntime="60" direction="2" />
		<monster name="hero" x="-7" y="-1" z="3" spawntime="60" direction="2" />
		<monster name="hero" x="-5" y="-1" z="3" spawntime="60" direction="2" />
		<monster name="hero" x="-3" y="-1" z="3" spawntime="60" direction="2" />
		<monster name="giant spider" x="5" y="1" z="3" spawntime="60" direction="2" />
		<monster name="hero" x="-7" y="2" z="3" spawntime="60" direction="2" />
		<monster name="hero" x="-5" y="2" z="3" spawntime="60" direction="2" />
		<monster name="hero" x="-3" y="2" z="3" spawntime="60" direction="2" />
		<monster name="black knight" x="1" y="3" z="3" spawntime="60" direction="2" />
		<monster name="giant spider" x="-3" y="5" z="3" spawntime="60" direction="2" />
		<monster name="giant spider" x="0" y="5" z="3" spawntime="60" direction="2" />
		<monster name="giant spider" x="3" y="5" z="3" spawntime="60" direction="2" />
		<monster name="giant spider" x="8" y="5" z="3" spawntime="60" direction="2" />
	</spawn>
	<spawn centerx="108" centery="66" centerz="4" radius="5">
		<monster name="elf arcanist" x="-1" y="-3" z="4" spawntime="60" direction="2" />
		<monster name="elf arcanist" x="-1" y="-2" z="4" spawntime="60" direction="2" />
		<monster name="elf arcanist" x="1" y="-2" z="4" spawntime="60" direction="2" />
		<monster name="elf arcanist" x="-1" y="0" z="4" spawntime="60" direction="2" />
		<monster name="elf arcanist" x="1" y="0" z="4" spawntime="60" direction="2" />
		<monster name="elf arcanist" x="-1" y="1" z="4" spawntime="60" direction="2" />
	</spawn>
	<spawn centerx="141" centery="89" centerz="4" radius="5">
		<monster name="warlock" x="0" y="2" z="4" spawntime="60" direction="2" />
	</spawn>
	<spawn centerx="100" centery="133" centerz="4" radius="100">
		<monster name="vampire" x="46" y="-53" z="4" spawntime="60" direction="2" />
		<monster name="vampire" x="53" y="-53" z="4" spawntime="60" direction="2" />
		<monster name="vampire" x="59" y="-53" z="4" spawntime="60" direction="2" />
		<monster name="necromancer" x="47" y="-49" z="4" spawntime="60" direction="2" />
		<monster name="necromancer" x="53" y="-49" z="4" spawntime="60" direction="2" />
		<monster name="necromancer" x="59" y="-49" z="4" spawntime="60" direction="2" />
		<monster name="warlock" x="67" y="-49" z="4" spawntime="60" direction="2" />
		<monster name="vampire" x="59" y="-46" z="4" spawntime="60" direction="2" />
		<monster name="vampire" x="50" y="-45" z="4" spawntime="60" direction="2" />
		<monster name="vampire" x="54" y="-45" z="4" spawntime="60" direction="2" />
		<monster name="black knight" x="2" y="-9" z="4" spawntime="60" direction="2" />
		<monster name="black knight" x="9" y="-9" z="4" spawntime="60" direction="2" />
		<monster name="black knight" x="-7" y="-8" z="4" spawntime="60" direction="2" />
		<monster name="black knight" x="5" y="-7" z="4" spawntime="60" direction="2" />
		<monster name="black knight" x="-3" y="-3" z="4" spawntime="60" direction="2" />
		<monster name="black knight" x="1" y="-3" z="4" spawntime="60" direction="2" />
		<monster name="black knight" x="-6" y="-1" z="4" spawntime="60" direction="2" />
		<monster name="black knight" x="9" y="-1" z="4" spawntime="60" direction="2" />
		<monster name="black knight" x="-6" y="1" z="4" spawntime="60" direction="2" />
		<monster name="black knight" x="-4" y="3" z="4" spawntime="60" direction="2" />
		<monster name="black knight" x="4" y="3" z="4" spawntime="60" direction="2" />
		<monster name="black knight" x="-8" y="7" z="4" spawntime="60" direction="2" />
		<monster name="black knight" x="0" y="7" z="4" spawntime="60" direction="2" />
		<monster name="orc berserker" x="23" y="10" z="4" spawntime="10" direction="2" />
		<monster name="orc leader" x="42" y="10" z="4" spawntime="30" direction="2" />
		<monster name="orc leader" x="26" y="11" z="4" spawntime="10" direction="2" />
		<monster name="orc leader" x="40" y="11" z="4" spawntime="60" direction="2" />
		<monster name="orc leader" x="43" y="11" z="4" spawntime="30" direction="2" />
		<monster name="orc leader" x="27" y="12" z="4" spawntime="10" direction="2" />
		<monster name="Demodras" x="-14" y="17" z="4" spawntime="60" direction="2" />
		<monster name="necromancer" x="-1" y="92" z="4" spawntime="60" direction="2" />
		<monster name="monk" x="2" y="92" z="4" spawntime="60" direction="2" />
		<monster name="bat" x="7" y="93" z="4" spawntime="60" direction="2" />
		<monster name="ghost" x="-4" y="94" z="4" spawntime="60" direction="2" />
		<monster name="priestess" x="-2" y="94" z="4" spawntime="60" direction="2" />
		<monster name="priestess" x="0" y="94" z="4" spawntime="60" direction="2" />
		<monster name="ghost" x="2" y="94" z="4" spawntime="60" direction="2" />
		<monster name="bat" x="5" y="94" z="4" spawntime="60" direction="2" />
		<monster name="vampire" x="-1" y="95" z="4" spawntime="60" direction="2" />
		<monster name="bat" x="5" y="96" z="4" spawntime="60" direction="2" />
		<monster name="bat" x="8" y="96" z="4" spawntime="60" direction="2" />
		<monster name="hero" x="-55" y="97" z="4" spawntime="60" direction="2" />
		<monster name="hero" x="-53" y="97" z="4" spawntime="60" direction="2" />
		<monster name="monk" x="-4" y="97" z="4" spawntime="60" direction="2" />
		<monster name="necromancer" x="-1" y="97" z="4" spawntime="60" direction="2" />
		<monster name="monk" x="2" y="97" z="4" spawntime="60" direction="2" />
		<monster name="hero" x="-59" y="99" z="4" spawntime="60" direction="2" />
		<monster name="hero" x="-58" y="99" z="4" spawntime="60" direction="2" />
		<monster name="necromancer" x="6" y="99" z="4" spawntime="60" direction="2" />
		<monster name="necromancer" x="8" y="99" z="4" spawntime="60" direction="2" />
		<monster name="hero" x="-67" y="100" z="4" spawntime="60" direction="2" />
		<monster name="Assasin" x="4" y="100" z="4" spawntime="60" direction="2" />
		<monster name="Assasin" x="6" y="100" z="4" spawntime="60" direction="2" />
		<monster name="Assasin" x="9" y="100" z="4" spawntime="60" direction="2" />
	</spawn>
	<spawn centerx="140" centery="143" centerz="4" radius="15" />
	<spawn centerx="124" centery="144" centerz="4" radius="15" />
	<spawn centerx="47" centery="231" centerz="4" radius="5">
		<monster name="hero" x="-1" y="5" z="4" spawntime="60" direction="2" />
	</spawn>
	<spawn centerx="38" centery="234" centerz="4" radius="5">
		<monster name="hero" x="0" y="0" z="4" spawntime="60" direction="2" />
		<monster name="hero" x="-1" y="4" z="4" spawntime="60" direction="2" />
	</spawn>
	<spawn centerx="106" centery="236" centerz="4" radius="5">
		<monster name="Assasin" x="1" y="-2" z="4" spawntime="60" direction="2" />
		<monster name="monk" x="-2" y="0" z="4" spawntime="60" direction="2" />
		<monster name="dog" x="0" y="0" z="4" spawntime="60" direction="2" />
		<monster name="monk" x="3" y="0" z="4" spawntime="60" direction="2" />
		<monster name="hero" x="0" y="1" z="4" spawntime="60" direction="2" />
		<monster name="dog" x="3" y="1" z="4" spawntime="60" direction="2" />
	</spawn>
	<spawn centerx="34" centery="237" centerz="4" radius="5" />
	<spawn centerx="47" centery="238" centerz="4" radius="5" />
	<spawn centerx="94" centery="239" centerz="4" radius="5">
		<monster name="banshee" x="-1" y="-3" z="4" spawntime="60" direction="2" />
		<monster name="banshee" x="2" y="-3" z="4" spawntime="60" direction="2" />
		<monster name="banshee" x="-1" y="2" z="4" spawntime="60" direction="2" />
		<monster name="banshee" x="2" y="2" z="4" spawntime="60" direction="2" />
	</spawn>
	<spawn centerx="108" centery="65" centerz="5" radius="5" />
	<spawn centerx="278" centery="65" centerz="5" radius="30">
		<monster name="elf" x="-2" y="-9" z="5" spawntime="60" direction="2" />
		<monster name="elf" x="0" y="-9" z="5" spawntime="60" direction="2" />
		<monster name="elf" x="2" y="-9" z="5" spawntime="60" direction="2" />
		<monster name="elf Scout" x="-10" y="-8" z="5" spawntime="60" direction="2" />
		<monster name="elf arcanist" x="-3" y="-8" z="5" spawntime="60" direction="2" />
		<monster name="elf arcanist" x="-1" y="-8" z="5" spawntime="60" direction="2" />
		<monster name="elf arcanist" x="1" y="-8" z="5" spawntime="60" direction="2" />
		<monster name="elf arcanist" x="3" y="-8" z="5" spawntime="60" direction="2" />
		<monster name="elf Scout" x="10" y="-8" z="5" spawntime="60" direction="2" />
		<monster name="elf Scout" x="-9" y="-7" z="5" spawntime="60" direction="2" />
		<monster name="elf arcanist" x="-2" y="-7" z="5" spawntime="60" direction="2" />
		<monster name="elf arcanist" x="0" y="-7" z="5" spawntime="60" direction="2" />
		<monster name="elf arcanist" x="2" y="-7" z="5" spawntime="60" direction="2" />
		<monster name="elf Scout" x="9" y="-7" z="5" spawntime="60" direction="2" />
		<monster name="elf Scout" x="-10" y="-6" z="5" spawntime="60" direction="2" />
		<monster name="elf" x="-3" y="-6" z="5" spawntime="60" direction="2" />
		<monster name="elf" x="-1" y="-6" z="5" spawntime="60" direction="2" />
		<monster name="elf" x="1" y="-6" z="5" spawntime="60" direction="2" />
		<monster name="elf" x="3" y="-6" z="5" spawntime="60" direction="2" />
		<monster name="elf Scout" x="10" y="-6" z="5" spawntime="60" direction="2" />
		<monster name="elf Scout" x="-9" y="-5" z="5" spawntime="60" direction="2" />
		<monster name="elf Scout" x="9" y="-5" z="5" spawntime="60" direction="2" />
		<monster name="elf Scout" x="-10" y="-4" z="5" spawntime="60" direction="2" />
		<monster name="dragon lord" x="-8" y="-4" z="5" spawntime="60" direction="2" />
		<monster name="dragon lord" x="8" y="-4" z="5" spawntime="60" direction="2" />
		<monster name="elf Scout" x="10" y="-4" z="5" spawntime="60" direction="2" />
		<monster name="elf Scout" x="-9" y="-3" z="5" spawntime="60" direction="2" />
		<monster name="dragon" x="0" y="-3" z="5" spawntime="60" direction="2" />
		<monster name="dragon" x="1" y="-3" z="5" spawntime="60" direction="2" />
		<monster name="elf Scout" x="9" y="-3" z="5" spawntime="60" direction="2" />
		<monster name="elf Scout" x="-10" y="-2" z="5" spawntime="60" direction="2" />
		<monster name="elf arcanist" x="-7" y="-2" z="5" spawntime="60" direction="2" />
		<monster name="elf arcanist" x="-5" y="-2" z="5" spawntime="60" direction="2" />
		<monster name="elf arcanist" x="4" y="-2" z="5" spawntime="60" direction="2" />
		<monster name="elf arcanist" x="6" y="-2" z="5" spawntime="60" direction="2" />
		<monster name="elf Scout" x="10" y="-2" z="5" spawntime="60" direction="2" />
		<monster name="elf Scout" x="-9" y="-1" z="5" spawntime="60" direction="2" />
		<monster name="elf arcanist" x="-6" y="-1" z="5" spawntime="60" direction="2" />
		<monster name="elf arcanist" x="5" y="-1" z="5" spawntime="60" direction="2" />
		<monster name="elf Scout" x="9" y="-1" z="5" spawntime="60" direction="2" />
		<monster name="elf Scout" x="-10" y="0" z="5" spawntime="60" direction="2" />
		<monster name="elf Scout" x="10" y="0" z="5" spawntime="60" direction="2" />
		<monster name="elf Scout" x="-9" y="1" z="5" spawntime="60" direction="2" />
		<monster name="dragon" x="0" y="1" z="5" spawntime="60" direction="2" />
		<monster name="dragon" x="1" y="1" z="5" spawntime="60" direction="2" />
		<monster name="elf Scout" x="9" y="1" z="5" spawntime="60" direction="2" />
		<monster name="elf Scout" x="-10" y="2" z="5" spawntime="60" direction="2" />
		<monster name="elf Scout" x="10" y="2" z="5" spawntime="60" direction="2" />
		<monster name="elf Scout" x="-9" y="3" z="5" spawntime="60" direction="2" />
		<monster name="elf Scout" x="9" y="3" z="5" spawntime="60" direction="2" />
		<monster name="elf Scout" x="-10" y="4" z="5" spawntime="60" direction="2" />
		<monster name="elf arcanist" x="-1" y="4" z="5" spawntime="60" direction="2" />
		<monster name="elf arcanist" x="1" y="4" z="5" spawntime="60" direction="2" />
		<monster name="elf Scout" x="10" y="4" z="5" spawntime="60" direction="2" />
		<monster name="elf Scout" x="-9" y="5" z="5" spawntime="60" direction="2" />
		<monster name="elf arcanist" x="0" y="5" z="5" spawntime="60" direction="2" />
		<monster name="elf Scout" x="9" y="5" z="5" spawntime="60" direction="2" />
		<monster name="elf Scout" x="-10" y="6" z="5" spawntime="60" direction="2" />
		<monster name="elf Scout" x="10" y="6" z="5" spawntime="60" direction="2" />
		<monster name="elf Scout" x="-9" y="7" z="5" spawntime="60" direction="2" />
		<monster name="dragon" x="-6" y="7" z="5" spawntime="60" direction="2" />
		<monster name="dragon" x="-2" y="7" z="5" spawntime="60" direction="2" />
		<monster name="dragon" x="3" y="7" z="5" spawntime="60" direction="2" />
		<monster name="dragon" x="7" y="7" z="5" spawntime="60" direction="2" />
		<monster name="elf Scout" x="9" y="7" z="5" spawntime="60" direction="2" />
		<monster name="elf Scout" x="-10" y="8" z="5" spawntime="60" direction="2" />
		<monster name="elf Scout" x="10" y="8" z="5" spawntime="60" direction="2" />
		<monster name="elf Scout" x="-9" y="9" z="5" spawntime="60" direction="2" />
		<monster name="dragon lord" x="0" y="9" z="5" spawntime="60" direction="2" />
		<monster name="dragon lord" x="1" y="9" z="5" spawntime="60" direction="2" />
		<monster name="elf Scout" x="9" y="9" z="5" spawntime="60" direction="2" />
		<monster name="elf Scout" x="-10" y="10" z="5" spawntime="60" direction="2" />
		<monster name="elf Scout" x="10" y="10" z="5" spawntime="60" direction="2" />
		<monster name="elf Scout" x="-9" y="11" z="5" spawntime="60" direction="2" />
		<monster name="elf Scout" x="9" y="11" z="5" spawntime="60" direction="2" />
		<monster name="elf Scout" x="-10" y="12" z="5" spawntime="60" direction="2" />
		<monster name="elf Scout" x="10" y="12" z="5" spawntime="60" direction="2" />
		<monster name="dragon lord" x="0" y="14" z="5" spawntime="60" direction="2" />
		<monster name="dragon lord" x="1" y="14" z="5" spawntime="60" direction="2" />
		<monster name="Demodras" x="0" y="18" z="5" spawntime="60" direction="2" />
		<monster name="dragon" x="-3" y="20" z="5" spawntime="60" direction="2" />
		<monster name="dragon" x="-1" y="20" z="5" spawntime="60" direction="2" />
		<monster name="dragon" x="1" y="20" z="5" spawntime="60" direction="2" />
		<monster name="dragon" x="3" y="20" z="5" spawntime="60" direction="2" />
		<monster name="dragon lord" x="0" y="22" z="5" spawntime="60" direction="2" />
	</spawn>
	<spawn centerx="115" centery="79" centerz="5" radius="8">
		<monster name="stone golem" x="5" y="-2" z="5" spawntime="60" direction="2" />
		<monster name="stone golem" x="3" y="4" z="5" spawntime="60" direction="2" />
		<monster name="stone golem" x="2" y="6" z="5" spawntime="60" direction="2" />
	</spawn>
	<spawn centerx="152" centery="81" centerz="5" radius="5">
		<monster name="crocodile" x="-2" y="-1" z="5" spawntime="60" direction="2" />
		<monster name="valkyrie" x="4" y="-1" z="5" spawntime="60" direction="2" />
		<monster name="crocodile" x="1" y="0" z="5" spawntime="60" direction="2" />
		<monster name="amazon" x="4" y="2" z="5" spawntime="60" direction="2" />
		<monster name="amazon" x="-3" y="3" z="5" spawntime="60" direction="2" />
		<monster name="crocodile" x="0" y="4" z="5" spawntime="60" direction="2" />
	</spawn>
	<spawn centerx="141" centery="89" centerz="5" radius="5">
		<monster name="black knight" x="-1" y="-1" z="5" spawntime="60" direction="2" />
		<monster name="black knight" x="0" y="0" z="5" spawntime="60" direction="2" />
	</spawn>
	<spawn centerx="113" centery="90" centerz="5" radius="8">
		<monster name="stone golem" x="1" y="-2" z="5" spawntime="60" direction="2" />
		<monster name="stone golem" x="4" y="3" z="5" spawntime="60" direction="2" />
		<monster name="stone golem" x="0" y="8" z="5" spawntime="60" direction="2" />
	</spawn>
	<spawn centerx="169" centery="118" centerz="5" radius="7">
		<monster name="dworc fleshhunter" x="-4" y="-5" z="5" spawntime="60" direction="2" />
		<monster name="goblin" x="0" y="-5" z="5" spawntime="60" direction="2" />
		<monster name="dworc voodoomaster" x="2" y="-5" z="5" spawntime="60" direction="2" />
		<monster name="dworc voodoomaster" x="4" y="-5" z="5" spawntime="60" direction="2" />
		<monster name="dworc fleshhunter" x="-5" y="-4" z="5" spawntime="60" direction="2" />
		<monster name="dworc venomsniper" x="-3" y="-4" z="5" spawntime="60" direction="2" />
		<monster name="goblin" x="-1" y="-3" z="5" spawntime="60" direction="2" />
		<monster name="dworc venomsniper" x="2" y="-3" z="5" spawntime="60" direction="2" />
		<monster name="dworc venomsniper" x="-1" y="-2" z="5" spawntime="60" direction="2" />
		<monster name="goblin" x="1" y="-2" z="5" spawntime="60" direction="2" />
		<monster name="dworc voodoomaster" x="4" y="-2" z="5" spawntime="60" direction="2" />
		<monster name="dworc voodoomaster" x="-5" y="-1" z="5" spawntime="60" direction="2" />
		<monster name="dworc fleshhunter" x="-3" y="-1" z="5" spawntime="60" direction="2" />
		<monster name="dworc venomsniper" x="1" y="-1" z="5" spawntime="60" direction="2" />
		<monster name="goblin" x="-1" y="0" z="5" spawntime="60" direction="2" />
		<monster name="goblin" x="2" y="0" z="5" spawntime="60" direction="2" />
		<monster name="dworc venomsniper" x="4" y="0" z="5" spawntime="60" direction="2" />
		<monster name="dworc venomsniper" x="-1" y="1" z="5" spawntime="60" direction="2" />
		<monster name="dworc fleshhunter" x="-5" y="2" z="5" spawntime="60" direction="2" />
		<monster name="dworc fleshhunter" x="-3" y="2" z="5" spawntime="60" direction="2" />
		<monster name="goblin" x="1" y="2" z="5" spawntime="60" direction="2" />
		<monster name="dworc voodoomaster" x="-7" y="3" z="5" spawntime="60" direction="2" />
		<monster name="dworc voodoomaster" x="4" y="3" z="5" spawntime="60" direction="2" />
		<monster name="dworc venomsniper" x="-5" y="4" z="5" spawntime="60" direction="2" />
		<monster name="goblin" x="-1" y="4" z="5" spawntime="60" direction="2" />
		<monster name="dworc voodoomaster" x="1" y="4" z="5" spawntime="60" direction="2" />
		<monster name="dworc voodoomaster" x="-3" y="5" z="5" spawntime="60" direction="2" />
		<monster name="dworc venomsniper" x="0" y="5" z="5" spawntime="60" direction="2" />
		<monster name="dworc venomsniper" x="-2" y="7" z="5" spawntime="60" direction="2" />
		<monster name="dworc voodoomaster" x="2" y="7" z="5" spawntime="60" direction="2" />
		<monster name="dworc venomsniper" x="4" y="7" z="5" spawntime="60" direction="2" />
	</spawn>
	<spawn centerx="102" centery="128" centerz="5" radius="100">
		<npc name="Dark Rodo" x="30" y="-74" z="5" spawntime="60" />
		<monster name="amazon" x="56" y="-49" z="5" spawntime="60" direction="2" />
		<monster name="amazon" x="62" y="-49" z="5" spawntime="60" direction="2" />
		<monster name="amazon" x="41" y="-48" z="5" spawntime="60" direction="2" />
		<monster name="valkyrie" x="58" y="-46" z="5" spawntime="60" direction="2" />
		<monster name="valkyrie" x="61" y="-46" z="5" spawntime="60" direction="2" />
		<monster name="valkyrie" x="41" y="-45" z="5" spawntime="60" direction="2" />
		<monster name="amazon" x="58" y="-42" z="5" spawntime="60" direction="2" />
		<monster name="minotaur mage" x="63" y="-42" z="5" spawntime="60" direction="2" />
		<monster name="minotaur mage" x="65" y="-42" z="5" spawntime="60" direction="2" />
		<monster name="minotaur mage" x="64" y="-41" z="5" spawntime="60" direction="2" />
		<monster name="amazon" x="47" y="-40" z="5" spawntime="60" direction="2" />
		<monster name="valkyrie" x="53" y="-40" z="5" spawntime="60" direction="2" />
		<monster name="giant spider" x="-23" y="-35" z="5" spawntime="60" direction="2" />
		<monster name="giant spider" x="-28" y="-34" z="5" spawntime="60" direction="2" />
		<monster name="giant spider" x="-22" y="-31" z="5" spawntime="60" direction="2" />
		<monster name="giant spider" x="-26" y="-30" z="5" spawntime="60" direction="2" />
		<monster name="giant spider" x="1" y="-26" z="5" spawntime="60" direction="2" />
		<monster name="The Old Widow" x="-26" y="-24" z="5" spawntime="60" direction="2" />
		<monster name="The Old Widow" x="-23" y="-24" z="5" spawntime="60" direction="2" />
		<monster name="black knight" x="12" y="-10" z="5" spawntime="60" direction="2" />
		<monster name="black knight" x="-4" y="-9" z="5" spawntime="60" direction="2" />
		<monster name="goblin" x="52" y="-7" z="5" spawntime="60" direction="2" />
		<monster name="goblin" x="54" y="-7" z="5" spawntime="60" direction="2" />
		<monster name="goblin" x="56" y="-7" z="5" spawntime="60" direction="2" />
		<monster name="goblin" x="55" y="-6" z="5" spawntime="60" direction="2" />
		<monster name="goblin" x="57" y="-6" z="5" spawntime="60" direction="2" />
		<monster name="black knight" x="2" y="-5" z="5" spawntime="60" direction="2" />
		<monster name="goblin" x="52" y="-5" z="5" spawntime="60" direction="2" />
		<monster name="beholder" x="54" y="-5" z="5" spawntime="60" direction="2" />
		<monster name="goblin" x="56" y="-5" z="5" spawntime="60" direction="2" />
		<monster name="goblin" x="53" y="-4" z="5" spawntime="60" direction="2" />
		<monster name="goblin" x="55" y="-4" z="5" spawntime="60" direction="2" />
		<monster name="goblin" x="57" y="-4" z="5" spawntime="60" direction="2" />
		<monster name="black knight" x="-8" y="-3" z="5" spawntime="60" direction="2" />
		<monster name="black knight" x="5" y="-1" z="5" spawntime="60" direction="2" />
		<monster name="black knight" x="19" y="-1" z="5" spawntime="60" direction="2" />
		<monster name="black knight" x="-2" y="3" z="5" spawntime="60" direction="2" />
		<monster name="black knight" x="-9" y="4" z="5" spawntime="60" direction="2" />
		<monster name="orc warrior" x="44" y="6" z="5" spawntime="60" direction="2" />
		<monster name="orc warrior" x="45" y="6" z="5" spawntime="60" direction="2" />
		<monster name="orc berserker" x="13" y="7" z="5" spawntime="60" direction="2" />
		<monster name="orc berserker" x="15" y="7" z="5" spawntime="60" direction="2" />
		<monster name="orc warrior" x="46" y="7" z="5" spawntime="60" direction="2" />
		<monster name="orc warrior" x="14" y="8" z="5" spawntime="60" direction="2" />
		<monster name="orc berserker" x="45" y="9" z="5" spawntime="10" direction="2" />
		<monster name="black knight" x="-6" y="11" z="5" spawntime="60" direction="2" />
		<monster name="black knight" x="5" y="11" z="5" spawntime="60" direction="2" />
		<monster name="orc warrior" x="14" y="11" z="5" spawntime="60" direction="2" />
		<monster name="orc warrior" x="47" y="13" z="5" spawntime="60" direction="2" />
		<monster name="orc warrior" x="13" y="14" z="5" spawntime="60" direction="2" />
		<monster name="orc leader" x="37" y="14" z="5" spawntime="60" direction="2" />
		<monster name="orc warrior" x="47" y="14" z="5" spawntime="60" direction="2" />
		<monster name="orc warlord" x="35" y="15" z="5" spawntime="60" direction="2" />
		<monster name="orc warlord" x="38" y="15" z="5" spawntime="60" direction="2" />
		<monster name="orc warrior" x="47" y="15" z="5" spawntime="60" direction="2" />
		<monster name="orc warrior" x="14" y="16" z="5" spawntime="60" direction="2" />
		<monster name="orc shaman" x="22" y="16" z="5" spawntime="10" direction="2" />
		<monster name="orc leader" x="23" y="16" z="5" spawntime="10" direction="2" />
		<monster name="orc warrior" x="47" y="16" z="5" spawntime="60" direction="2" />
		<monster name="orc warrior" x="13" y="17" z="5" spawntime="60" direction="2" />
		<monster name="orc leader" x="24" y="17" z="5" spawntime="10" direction="2" />
		<monster name="orc warrior" x="47" y="17" z="5" spawntime="60" direction="2" />
		<monster name="orc warrior" x="13" y="18" z="5" spawntime="60" direction="2" />
		<monster name="orc warrior" x="14" y="19" z="5" spawntime="60" direction="2" />
		<monster name="orc warrior" x="47" y="19" z="5" spawntime="60" direction="2" />
		<monster name="dragon lord" x="-17" y="21" z="5" spawntime="60" direction="2" />
		<monster name="dragon lord" x="-14" y="21" z="5" spawntime="60" direction="2" />
		<monster name="orc warrior" x="13" y="21" z="5" spawntime="60" direction="2" />
		<monster name="orc warrior" x="47" y="22" z="5" spawntime="60" direction="2" />
		<monster name="orc warrior" x="46" y="23" z="5" spawntime="60" direction="2" />
		<monster name="orc berserker" x="14" y="26" z="5" spawntime="10" direction="2" />
		<monster name="orc warlord" x="15" y="26" z="5" spawntime="60" direction="2" />
		<monster name="orc warrior" x="16" y="27" z="5" spawntime="10" direction="2" />
		<monster name="orc warrior" x="21" y="27" z="5" spawntime="60" direction="2" />
		<monster name="orc warrior" x="27" y="27" z="5" spawntime="60" direction="2" />
		<monster name="necromancer" x="1" y="97" z="5" spawntime="60" direction="2" />
		<monster name="necromancer" x="7" y="97" z="5" spawntime="60" direction="2" />
		<monster name="necromancer" x="-4" y="98" z="5" spawntime="60" direction="2" />
		<monster name="necromancer" x="5" y="99" z="5" spawntime="60" direction="2" />
		<monster name="hero" x="-66" y="100" z="5" spawntime="60" direction="2" />
		<monster name="necromancer" x="-4" y="100" z="5" spawntime="60" direction="2" />
		<monster name="necromancer" x="0" y="100" z="5" spawntime="60" direction="2" />
		<monster name="necromancer" x="7" y="100" z="5" spawntime="60" direction="2" />
	</spawn>
	<spawn centerx="146" centery="137" centerz="5" radius="15" />
	<spawn centerx="123" centery="144" centerz="5" radius="15" />
	<spawn centerx="86" centery="150" centerz="5" radius="5" />
	<spawn centerx="115" centery="155" centerz="5" radius="15" />
	<spawn centerx="237" centery="155" centerz="5" radius="5">
		<monster name="bat" x="1" y="1" z="5" spawntime="60" direction="2" />
		<monster name="bat" x="2" y="1" z="5" spawntime="60" direction="2" />
	</spawn>
	<spawn centerx="221" centery="156" centerz="5" radius="10">
		<monster name="Mahrdis" x="-1" y="-1" z="5" spawntime="60" direction="2" />
		<monster name="Dipthrah" x="1" y="-1" z="5" spawntime="60" direction="2" />
		<monster name="lich" x="-1" y="0" z="5" spawntime="60" direction="2" />
	</spawn>
	<spawn centerx="140" centery="162" centerz="5" radius="15" />
	<spawn centerx="37" centery="228" centerz="5" radius="5">
		<monster name="hero" x="2" y="3" z="5" spawntime="60" direction="2" />
		<monster name="hero" x="-5" y="4" z="5" spawntime="60" direction="2" />
	</spawn>
	<spawn centerx="109" centery="229" centerz="5" radius="5">
		<monster name="necromancer" x="-5" y="1" z="5" spawntime="60" direction="2" />
		<monster name="necromancer" x="-3" y="1" z="5" spawntime="60" direction="2" />
		<monster name="necromancer" x="-3" y="3" z="5" spawntime="60" direction="2" />
		<monster name="necromancer" x="0" y="4" z="5" spawntime="60" direction="2" />
	</spawn>
	<spawn centerx="101" centery="230" centerz="5" radius="5">
		<monster name="necromancer" x="-5" y="0" z="5" spawntime="60" direction="2" />
		<monster name="necromancer" x="0" y="0" z="5" spawntime="60" direction="2" />
		<monster name="necromancer" x="-4" y="2" z="5" spawntime="60" direction="2" />
		<monster name="necromancer" x="0" y="2" z="5" spawntime="60" direction="2" />
		<monster name="necromancer" x="-1" y="5" z="5" spawntime="60" direction="2" />
		<monster name="necromancer" x="3" y="5" z="5" spawntime="60" direction="2" />
	</spawn>
	<spawn centerx="96" centery="232" centerz="5" radius="5">
		<monster name="necromancer" x="-2" y="5" z="5" spawntime="60" direction="2" />
		<monster name="necromancer" x="0" y="5" z="5" spawntime="60" direction="2" />
	</spawn>
	<spawn centerx="34" centery="233" centerz="5" radius="5">
		<monster name="warlock" x="0" y="4" z="5" spawntime="60" direction="2" />
		<monster name="warlock" x="3" y="4" z="5" spawntime="60" direction="2" />
	</spawn>
	<spawn centerx="39" centery="234" centerz="5" radius="5" />
	<spawn centerx="105" centery="236" centerz="5" radius="5">
		<monster name="necromancer" x="4" y="0" z="5" spawntime="60" direction="2" />
	</spawn>
	<spawn centerx="93" centery="240" centerz="5" radius="5">
		<monster name="necromancer" x="1" y="0" z="5" spawntime="60" direction="2" />
		<monster name="necromancer" x="3" y="0" z="5" spawntime="60" direction="2" />
	</spawn>
	<spawn centerx="253" centery="36" centerz="6" radius="7">
		<monster name="yeti" x="4" y="-5" z="6" spawntime="60" direction="2" />
		<monster name="yeti" x="4" y="-3" z="6" spawntime="60" direction="2" />
		<monster name="yeti" x="3" y="5" z="6" spawntime="60" direction="2" />
	</spawn>
	<spawn centerx="272" centery="40" centerz="6" radius="25">
		<monster name="yeti" x="-5" y="-7" z="6" spawntime="60" direction="2" />
		<monster name="yeti" x="-3" y="0" z="6" spawntime="60" direction="2" />
		<monster name="yeti" x="-19" y="5" z="6" spawntime="60" direction="2" />
		<monster name="yeti" x="-6" y="8" z="6" spawntime="60" direction="2" />
		<monster name="elf arcanist" x="5" y="25" z="6" spawntime="60" direction="2" />
	</spawn>
	<spawn centerx="147" centery="47" centerz="6" radius="1">
		<npc name="Seller" x="0" y="0" z="6" spawntime="60" />
	</spawn>
	<spawn centerx="61" centery="58" centerz="6" radius="7">
		<monster name="priestess" x="-1" y="0" z="6" spawntime="60" direction="2" />
		<monster name="necromancer" x="-3" y="5" z="6" spawntime="60" direction="2" />
	</spawn>
	<spawn centerx="108" centery="65" centerz="6" radius="5">
		<monster name="elf" x="-1" y="-1" z="6" spawntime="60" direction="2" />
		<monster name="elf" x="1" y="-1" z="6" spawntime="60" direction="2" />
		<monster name="elf Scout" x="0" y="0" z="6" spawntime="60" direction="2" />
		<monster name="elf Scout" x="-1" y="1" z="6" spawntime="60" direction="2" />
		<monster name="elf" x="1" y="1" z="6" spawntime="60" direction="2" />
	</spawn>
	<spawn centerx="102" centery="71" centerz="6" radius="5">
		<monster name="elf Scout" x="0" y="0" z="6" spawntime="60" direction="2" />
		<monster name="elf Scout" x="3" y="0" z="6" spawntime="60" direction="2" />
	</spawn>
	<spawn centerx="114" centery="71" centerz="6" radius="5">
		<monster name="elf Scout" x="-3" y="0" z="6" spawntime="60" direction="2" />
		<monster name="elf Scout" x="0" y="0" z="6" spawntime="60" direction="2" />
	</spawn>
	<spawn centerx="277" centery="71" centerz="6" radius="25">
		<monster name="elf arcanist" x="3" y="-4" z="6" spawntime="60" direction="2" />
		<monster name="elf arcanist" x="0" y="-2" z="6" spawntime="60" direction="2" />
		<monster name="elf arcanist" x="3" y="0" z="6" spawntime="60" direction="2" />
	</spawn>
	<spawn centerx="127" centery="78" centerz="6" radius="5">
		<monster name="cyclops" x="-3" y="-1" z="6" spawntime="60" direction="2" />
	</spawn>
	<spawn centerx="122" centery="85" centerz="6" radius="5">
		<monster name="cyclops" x="-2" y="3" z="6" spawntime="15" direction="2" />
	</spawn>
	<spawn centerx="150" centery="86" centerz="6" radius="16">
		<monster name="troll" x="-6" y="-6" z="6" spawntime="60" direction="2" />
		<monster name="minotaur" x="2" y="-6" z="6" spawntime="60" direction="2" />
		<monster name="swamp troll" x="8" y="-6" z="6" spawntime="60" direction="2" />
		<monster name="minotaur" x="12" y="-6" z="6" spawntime="60" direction="2" />
		<monster name="troll" x="-5" y="-5" z="6" spawntime="60" direction="2" />
		<monster name="troll" x="0" y="-5" z="6" spawntime="60" direction="2" />
		<monster name="minotaur" x="4" y="-5" z="6" spawntime="60" direction="2" />
		<monster name="troll" x="9" y="-5" z="6" spawntime="60" direction="2" />
		<monster name="minotaur" x="10" y="-5" z="6" spawntime="60" direction="2" />
		<monster name="troll" x="-8" y="-4" z="6" spawntime="60" direction="2" />
		<monster name="troll" x="-1" y="-4" z="6" spawntime="60" direction="2" />
		<monster name="troll" x="9" y="-4" z="6" spawntime="60" direction="2" />
		<monster name="troll" x="-7" y="-3" z="6" spawntime="60" direction="2" />
		<monster name="troll" x="-4" y="-2" z="6" spawntime="10" direction="2" />
		<monster name="troll" x="-2" y="-2" z="6" spawntime="10" direction="2" />
		<monster name="swamp troll" x="3" y="-2" z="6" spawntime="60" direction="2" />
		<monster name="troll" x="-2" y="-1" z="6" spawntime="10" direction="2" />
		<monster name="troll" x="2" y="-1" z="6" spawntime="60" direction="2" />
		<monster name="troll" x="8" y="-1" z="6" spawntime="60" direction="2" />
		<monster name="swamp troll" x="10" y="-1" z="6" spawntime="60" direction="2" />
		<monster name="troll" x="0" y="0" z="6" spawntime="10" direction="2" />
		<monster name="troll" x="2" y="0" z="6" spawntime="10" direction="2" />
		<monster name="troll" x="8" y="0" z="6" spawntime="60" direction="2" />
		<monster name="crocodile" x="11" y="2" z="6" spawntime="60" direction="2" />
		<monster name="minotaur archer" x="-9" y="3" z="6" spawntime="60" direction="2" />
		<monster name="minotaur mage" x="-4" y="4" z="6" spawntime="60" direction="2" />
		<monster name="minotaur mage" x="-10" y="5" z="6" spawntime="60" direction="2" />
		<monster name="stone golem" x="-5" y="6" z="6" spawntime="60" direction="2" />
	</spawn>
	<spawn centerx="113" centery="87" centerz="6" radius="5">
		<monster name="cyclops" x="-3" y="-1" z="6" spawntime="60" direction="2" />
		<monster name="cyclops" x="1" y="-1" z="6" spawntime="60" direction="2" />
		<monster name="cyclops" x="-2" y="4" z="6" spawntime="60" direction="2" />
	</spawn>
	<spawn centerx="75" centery="92" centerz="6" radius="5">
		<monster name="The Old Widow" x="-1" y="2" z="6" spawntime="60" direction="2" />
		<monster name="The Old Widow" x="5" y="2" z="6" spawntime="60" direction="2" />
	</spawn>
	<spawn centerx="80" centery="94" centerz="6" radius="5" />
	<spawn centerx="108" centery="94" centerz="6" radius="5">
		<monster name="cyclops" x="1" y="3" z="6" spawntime="60" direction="2" />
	</spawn>
	<spawn centerx="121" centery="94" centerz="6" radius="5">
		<monster name="cyclops" x="4" y="0" z="6" spawntime="60" direction="2" />
	</spawn>
	<spawn centerx="116" centery="100" centerz="6" radius="5">
		<monster name="cyclops" x="0" y="0" z="6" spawntime="10" direction="2" />
	</spawn>
	<spawn centerx="104" centery="108" centerz="6" radius="10">
		<monster name="cyclops" x="0" y="0" z="6" spawntime="60" direction="2" />
		<monster name="cyclops" x="-2" y="5" z="6" spawntime="60" direction="2" />
		<monster name="cyclops" x="9" y="5" z="6" spawntime="60" direction="2" />
		<monster name="cyclops" x="-5" y="10" z="6" spawntime="60" direction="2" />
	</spawn>
	<spawn centerx="168" centery="117" centerz="6" radius="7">
		<monster name="goblin" x="1" y="-3" z="6" spawntime="60" direction="2" />
		<monster name="dworc venomsniper" x="1" y="-2" z="6" spawntime="60" direction="2" />
		<monster name="dworc venomsniper" x="-3" y="-1" z="6" spawntime="60" direction="2" />
		<monster name="goblin" x="2" y="-1" z="6" spawntime="60" direction="2" />
		<monster name="goblin" x="-4" y="0" z="6" spawntime="60" direction="2" />
		<monster name="goblin" x="0" y="2" z="6" spawntime="60" direction="2" />
		<monster name="dworc venomsniper" x="2" y="2" z="6" spawntime="60" direction="2" />
		<monster name="dworc venomsniper" x="-3" y="3" z="6" spawntime="60" direction="2" />
		<monster name="goblin" x="2" y="3" z="6" spawntime="60" direction="2" />
		<monster name="goblin" x="-7" y="4" z="6" spawntime="60" direction="2" />
		<monster name="dworc venomsniper" x="-6" y="4" z="6" spawntime="60" direction="2" />
		<monster name="goblin" x="-5" y="4" z="6" spawntime="60" direction="2" />
		<monster name="goblin" x="1" y="5" z="6" spawntime="60" direction="2" />
		<monster name="dworc venomsniper" x="-7" y="6" z="6" spawntime="60" direction="2" />
		<monster name="goblin" x="-3" y="6" z="6" spawntime="60" direction="2" />
		<monster name="goblin" x="-7" y="7" z="6" spawntime="60" direction="2" />
	</spawn>
	<spawn centerx="160" centery="123" centerz="6" radius="7">
		<monster name="goblin" x="-1" y="-2" z="6" spawntime="60" direction="2" />
		<monster name="dworc venomsniper" x="0" y="-2" z="6" spawntime="60" direction="2" />
		<monster name="dworc venomsniper" x="-3" y="-1" z="6" spawntime="60" direction="2" />
		<monster name="goblin" x="-5" y="0" z="6" spawntime="60" direction="2" />
	</spawn>
	<spawn centerx="106" centery="124" centerz="6" radius="20">
		<monster name="cyclops" x="15" y="-6" z="6" spawntime="60" direction="2" />
		<monster name="cyclops" x="0" y="-2" z="6" spawntime="60" direction="2" />
		<monster name="cyclops" x="-10" y="1" z="6" spawntime="60" direction="2" />
		<monster name="cyclops" x="-14" y="9" z="6" spawntime="60" direction="2" />
		<monster name="orc warrior" x="11" y="10" z="6" spawntime="60" direction="2" />
		<monster name="orc warrior" x="14" y="10" z="6" spawntime="60" direction="2" />
		<monster name="orc rider" x="17" y="11" z="6" spawntime="60" direction="2" />
		<monster name="orc warrior" x="19" y="11" z="6" spawntime="10" direction="2" />
		<monster name="orc warrior" x="11" y="13" z="6" spawntime="10" direction="2" />
		<monster name="orc warrior" x="16" y="13" z="6" spawntime="60" direction="2" />
		<monster name="orc warrior" x="14" y="14" z="6" spawntime="60" direction="2" />
		<monster name="cyclops" x="-10" y="15" z="6" spawntime="60" direction="2" />
		<monster name="orc warrior" x="19" y="15" z="6" spawntime="10" direction="2" />
		<monster name="orc shaman" x="9" y="16" z="6" spawntime="60" direction="2" />
		<monster name="orc warrior" x="12" y="17" z="6" spawntime="60" direction="2" />
		<monster name="orc warrior" x="15" y="17" z="6" spawntime="60" direction="2" />
		<monster name="orc warrior" x="14" y="19" z="6" spawntime="60" direction="2" />
		<monster name="orc warrior" x="20" y="19" z="6" spawntime="60" direction="2" />
		<monster name="orc warrior" x="16" y="20" z="6" spawntime="60" direction="2" />
	</spawn>
	<spawn centerx="201" centery="133" centerz="6" radius="9">
		<monster name="hydra" x="2" y="-8" z="6" spawntime="60" direction="2" />
		<monster name="hydra" x="-3" y="-4" z="6" spawntime="60" direction="2" />
		<monster name="hydra" x="-2" y="1" z="6" spawntime="60" direction="2" />
		<monster name="hydra" x="5" y="1" z="6" spawntime="60" direction="2" />
	</spawn>
	<spawn centerx="115" centery="137" centerz="6" radius="15">
		<monster name="orc rider" x="12" y="1" z="6" spawntime="60" direction="2" />
		<monster name="orc warrior" x="14" y="1" z="6" spawntime="10" direction="2" />
		<monster name="orc warrior" x="12" y="5" z="6" spawntime="10" direction="2" />
		<monster name="orc shaman" x="14" y="5" z="6" spawntime="10" direction="2" />
		<monster name="orc shaman" x="0" y="8" z="6" spawntime="60" direction="2" />
		<monster name="orc warrior" x="3" y="8" z="6" spawntime="60" direction="2" />
		<monster name="orc warrior" x="5" y="8" z="6" spawntime="60" direction="2" />
		<monster name="orc warrior" x="9" y="8" z="6" spawntime="10" direction="2" />
		<monster name="orc warrior" x="11" y="8" z="6" spawntime="60" direction="2" />
		<monster name="orc warrior" x="14" y="8" z="6" spawntime="10" direction="2" />
		<monster name="orc warrior" x="3" y="11" z="6" spawntime="60" direction="2" />
		<monster name="orc berserker" x="8" y="11" z="6" spawntime="60" direction="2" />
		<monster name="orc warrior" x="11" y="11" z="6" spawntime="60" direction="2" />
		<monster name="orc berserker" x="0" y="12" z="6" spawntime="60" direction="2" />
		<monster name="orc warrior" x="5" y="13" z="6" spawntime="60" direction="2" />
		<monster name="orc warrior" x="8" y="13" z="6" spawntime="10" direction="2" />
		<monster name="orc berserker" x="11" y="13" z="6" spawntime="60" direction="2" />
		<monster name="orc warrior" x="13" y="13" z="6" spawntime="60" direction="2" />
	</spawn>
	<spawn centerx="128" centery="137" centerz="6" radius="15">
		<monster name="orc shaman" x="13" y="-3" z="6" spawntime="10" direction="2" />
		<monster name="orc warrior" x="11" y="-2" z="6" spawntime="60" direction="2" />
		<monster name="orc warrior" x="15" y="-2" z="6" spawntime="60" direction="2" />
		<monster name="orc warrior" x="3" y="-1" z="6" spawntime="10" direction="2" />
		<monster name="orc warrior" x="7" y="0" z="6" spawntime="60" direction="2" />
		<monster name="orc warrior" x="4" y="1" z="6" spawntime="10" direction="2" />
		<monster name="orc warrior" x="10" y="1" z="6" spawntime="60" direction="2" />
		<monster name="orc warrior" x="13" y="1" z="6" spawntime="60" direction="2" />
		<monster name="orc warrior" x="3" y="3" z="6" spawntime="60" direction="2" />
		<monster name="orc berserker" x="13" y="4" z="6" spawntime="60" direction="2" />
		<monster name="orc warrior" x="5" y="5" z="6" spawntime="10" direction="2" />
		<monster name="orc warlord" x="12" y="5" z="6" spawntime="60" direction="2" />
		<monster name="orc berserker" x="15" y="5" z="6" spawntime="60" direction="2" />
		<monster name="orc warlord" x="10" y="6" z="6" spawntime="60" direction="2" />
		<monster name="orc shaman" x="13" y="6" z="6" spawntime="60" direction="2" />
		<monster name="orc warrior" x="3" y="8" z="6" spawntime="10" direction="2" />
		<monster name="orc shaman" x="13" y="8" z="6" spawntime="60" direction="2" />
		<monster name="orc shaman" x="15" y="8" z="6" spawntime="60" direction="2" />
		<monster name="orc rider" x="5" y="10" z="6" spawntime="60" direction="2" />
		<monster name="orc rider" x="10" y="11" z="6" spawntime="60" direction="2" />
		<monster name="orc warrior" x="13" y="11" z="6" spawntime="60" direction="2" />
		<monster name="orc shaman" x="15" y="11" z="6" spawntime="10" direction="2" />
		<monster name="orc warrior" x="3" y="12" z="6" spawntime="60" direction="2" />
		<monster name="orc warrior" x="7" y="12" z="6" spawntime="60" direction="2" />
		<monster name="orc warrior" x="11" y="13" z="6" spawntime="60" direction="2" />
		<monster name="orc berserker" x="5" y="14" z="6" spawntime="60" direction="2" />
		<monster name="orc warrior" x="8" y="14" z="6" spawntime="60" direction="2" />
		<monster name="orc warrior" x="14" y="15" z="6" spawntime="60" direction="2" />
	</spawn>
	<spawn centerx="146" centery="137" centerz="6" radius="15">
		<monster name="orc shaman" x="1" y="-3" z="6" spawntime="10" direction="2" />
		<monster name="orc warrior" x="2" y="0" z="6" spawntime="10" direction="2" />
		<monster name="orc warrior" x="3" y="1" z="6" spawntime="10" direction="2" />
		<monster name="orc rider" x="-2" y="2" z="6" spawntime="60" direction="2" />
		<monster name="orc warrior" x="3" y="6" z="6" spawntime="60" direction="2" />
		<monster name="orc warrior" x="2" y="10" z="6" spawntime="10" direction="2" />
		<monster name="orc warrior" x="-1" y="12" z="6" spawntime="60" direction="2" />
		<monster name="orc warrior" x="-2" y="14" z="6" spawntime="60" direction="2" />
		<monster name="orc warrior" x="1" y="15" z="6" spawntime="60" direction="2" />
	</spawn>
	<spawn centerx="131" centery="142" centerz="6" radius="15">
		<monster name="orc berserker" x="-14" y="11" z="6" spawntime="60" direction="2" />
		<monster name="orc warrior" x="-10" y="11" z="6" spawntime="60" direction="2" />
		<monster name="orc warrior" x="-7" y="11" z="6" spawntime="60" direction="2" />
		<monster name="orc warrior" x="-4" y="11" z="6" spawntime="60" direction="2" />
		<monster name="orc warrior" x="8" y="11" z="6" spawntime="60" direction="2" />
		<monster name="orc shaman" x="-14" y="13" z="6" spawntime="10" direction="2" />
		<monster name="orc warrior" x="-11" y="13" z="6" spawntime="10" direction="2" />
		<monster name="orc warrior" x="-7" y="13" z="6" spawntime="10" direction="2" />
		<monster name="orc berserker" x="-1" y="13" z="6" spawntime="60" direction="2" />
		<monster name="orc berserker" x="7" y="13" z="6" spawntime="60" direction="2" />
		<monster name="orc shaman" x="13" y="13" z="6" spawntime="10" direction="2" />
	</spawn>
	<spawn centerx="50" centery="145" centerz="6" radius="5">
		<monster name="General Murius" x="-1" y="-1" z="6" spawntime="60" direction="2" />
		<monster name="General Murius" x="2" y="-1" z="6" spawntime="60" direction="2" />
	</spawn>
	<spawn centerx="85" centery="149" centerz="6" radius="5">
		<monster name="dragon" x="-1" y="-1" z="6" spawntime="60" direction="2" />
		<monster name="dragon lord" x="-1" y="1" z="6" spawntime="60" direction="2" />
	</spawn>
	<spawn centerx="140" centery="150" centerz="6" radius="15">
		<monster name="orc warrior" x="9" y="5" z="6" spawntime="10" direction="2" />
	</spawn>
	<spawn centerx="122" centery="151" centerz="6" radius="15" />
	<spawn centerx="241" centery="154" centerz="6" radius="10">
		<monster name="lizard templar" x="-1" y="-2" z="6" spawntime="60" direction="2" />
		<monster name="lizard templar" x="0" y="-1" z="6" spawntime="60" direction="2" />
		<monster name="lizard templar" x="3" y="-1" z="6" spawntime="60" direction="2" />
		<monster name="lizard templar" x="5" y="2" z="6" spawntime="60" direction="2" />
		<monster name="lizard templar" x="7" y="2" z="6" spawntime="60" direction="2" />
		<monster name="lizard templar" x="-6" y="3" z="6" spawntime="60" direction="2" />
		<monster name="lizard templar" x="-3" y="4" z="6" spawntime="60" direction="2" />
	</spawn>
	<spawn centerx="116" centery="155" centerz="6" radius="15" />
	<spawn centerx="147" centery="155" centerz="6" radius="15" />
	<spawn centerx="221" centery="155" centerz="6" radius="10">
		<monster name="Rahemos" x="-4" y="-2" z="6" spawntime="60" direction="2" />
		<monster name="Rahemos" x="-2" y="-2" z="6" spawntime="60" direction="2" />
		<monster name="ancient scarab" x="0" y="-2" z="6" spawntime="60" direction="2" />
		<monster name="ancient scarab" x="1" y="-2" z="6" spawntime="60" direction="2" />
		<monster name="ancient scarab" x="2" y="-2" z="6" spawntime="60" direction="2" />
		<monster name="Rahemos" x="-3" y="-1" z="6" spawntime="60" direction="2" />
		<monster name="ancient scarab" x="0" y="-1" z="6" spawntime="60" direction="2" />
		<monster name="Dipthrah" x="3" y="-1" z="6" spawntime="60" direction="2" />
		<monster name="Rahemos" x="-4" y="1" z="6" spawntime="60" direction="2" />
		<monster name="Omruc" x="-2" y="1" z="6" spawntime="60" direction="2" />
		<monster name="lich" x="-1" y="2" z="6" spawntime="60" direction="2" />
		<monster name="Thalas" x="1" y="2" z="6" spawntime="60" direction="2" />
		<monster name="Thalas" x="-4" y="3" z="6" spawntime="60" direction="2" />
		<monster name="lich" x="-1" y="3" z="6" spawntime="60" direction="2" />
		<monster name="Dipthrah" x="1" y="3" z="6" spawntime="60" direction="2" />
	</spawn>
	<spawn centerx="43" centery="156" centerz="6" radius="25">
		<monster name="hydra" x="-2" y="-5" z="6" spawntime="60" direction="2" />
		<monster name="hydra" x="-7" y="-3" z="6" spawntime="60" direction="2" />
		<monster name="giant spider" x="-5" y="-2" z="6" spawntime="60" direction="2" />
		<monster name="hydra" x="10" y="-2" z="6" spawntime="60" direction="2" />
		<monster name="hydra" x="12" y="-2" z="6" spawntime="60" direction="2" />
		<monster name="hydra" x="14" y="-2" z="6" spawntime="60" direction="2" />
		<monster name="hydra" x="16" y="-2" z="6" spawntime="60" direction="2" />
		<monster name="hydra" x="18" y="-2" z="6" spawntime="60" direction="2" />
		<monster name="hydra" x="20" y="-2" z="6" spawntime="60" direction="2" />
		<monster name="hydra" x="22" y="-2" z="6" spawntime="60" direction="2" />
		<monster name="hydra" x="1" y="1" z="6" spawntime="60" direction="2" />
		<monster name="giant spider" x="5" y="1" z="6" spawntime="60" direction="2" />
		<monster name="giant spider" x="7" y="1" z="6" spawntime="60" direction="2" />
		<monster name="hydra" x="9" y="1" z="6" spawntime="60" direction="2" />
		<monster name="hydra" x="16" y="1" z="6" spawntime="60" direction="2" />
		<monster name="giant spider" x="-5" y="2" z="6" spawntime="60" direction="2" />
		<monster name="hydra" x="-8" y="3" z="6" spawntime="60" direction="2" />
		<monster name="hydra" x="13" y="3" z="6" spawntime="60" direction="2" />
		<monster name="hydra" x="21" y="3" z="6" spawntime="60" direction="2" />
		<monster name="hydra" x="18" y="4" z="6" spawntime="60" direction="2" />
		<monster name="giant spider" x="-5" y="7" z="6" spawntime="60" direction="2" />
		<monster name="hydra" x="10" y="7" z="6" spawntime="60" direction="2" />
		<monster name="hydra" x="12" y="7" z="6" spawntime="60" direction="2" />
		<monster name="hydra" x="14" y="7" z="6" spawntime="60" direction="2" />
		<monster name="hydra" x="16" y="7" z="6" spawntime="60" direction="2" />
		<monster name="hydra" x="18" y="7" z="6" spawntime="60" direction="2" />
		<monster name="hydra" x="20" y="7" z="6" spawntime="60" direction="2" />
		<monster name="hydra" x="22" y="7" z="6" spawntime="60" direction="2" />
		<monster name="hydra" x="-7" y="9" z="6" spawntime="60" direction="2" />
		<monster name="hydra" x="0" y="10" z="6" spawntime="60" direction="2" />
		<monster name="General Murius" x="6" y="15" z="6" spawntime="60" direction="2" />
		<monster name="General Murius" x="9" y="15" z="6" spawntime="60" direction="2" />
		<monster name="General Murius" x="20" y="21" z="6" spawntime="60" direction="2" />
		<monster name="General Murius" x="-5" y="23" z="6" spawntime="60" direction="2" />
		<monster name="General Murius" x="20" y="24" z="6" spawntime="60" direction="2" />
	</spawn>
	<spawn centerx="32" centery="185" centerz="6" radius="10">
		<monster name="stone golem" x="-3" y="-3" z="6" spawntime="60" direction="2" />
		<monster name="stone golem" x="1" y="-3" z="6" spawntime="60" direction="2" />
		<monster name="General Murius" x="6" y="-3" z="6" spawntime="60" direction="2" />
		<monster name="giant spider" x="-7" y="-1" z="6" spawntime="60" direction="2" />
		<monster name="giant spider" x="6" y="-1" z="6" spawntime="60" direction="2" />
		<monster name="stone golem" x="-3" y="2" z="6" spawntime="60" direction="2" />
		<monster name="stone golem" x="1" y="2" z="6" spawntime="60" direction="2" />
		<monster name="giant spider" x="0" y="5" z="6" spawntime="60" direction="2" />
		<monster name="spit nettle" x="-5" y="9" z="6" spawntime="60" direction="2" />
		<monster name="spit nettle" x="-3" y="9" z="6" spawntime="60" direction="2" />
		<monster name="spit nettle" x="-1" y="9" z="6" spawntime="60" direction="2" />
		<monster name="spit nettle" x="1" y="9" z="6" spawntime="60" direction="2" />
		<monster name="spit nettle" x="3" y="9" z="6" spawntime="60" direction="2" />
		<monster name="spit nettle" x="5" y="9" z="6" spawntime="60" direction="2" />
	</spawn>
	<spawn centerx="28" centery="198" centerz="6" radius="5">
		<monster name="Grorlam" x="1" y="-1" z="6" spawntime="60" direction="2" />
		<monster name="The Old Widow" x="4" y="1" z="6" spawntime="60" direction="2" />
	</spawn>
	<spawn centerx="36" centery="198" centerz="6" radius="5">
		<monster name="Grorlam" x="-2" y="-1" z="6" spawntime="60" direction="2" />
	</spawn>
	<spawn centerx="107" centery="225" centerz="6" radius="5">
		<monster name="monk" x="-4" y="1" z="6" spawntime="60" direction="2" />
		<monster name="monk" x="-2" y="1" z="6" spawntime="60" direction="2" />
		<monster name="monk" x="0" y="1" z="6" spawntime="60" direction="2" />
		<monster name="monk" x="2" y="3" z="6" spawntime="60" direction="2" />
	</spawn>
	<spawn centerx="97" centery="227" centerz="6" radius="5">
		<monster name="monk" x="-1" y="-1" z="6" spawntime="60" direction="2" />
		<monster name="monk" x="0" y="-1" z="6" spawntime="60" direction="2" />
		<monster name="monk" x="2" y="-1" z="6" spawntime="60" direction="2" />
		<monster name="monk" x="4" y="-1" z="6" spawntime="60" direction="2" />
		<monster name="monk" x="0" y="3" z="6" spawntime="60" direction="2" />
		<monster name="monk" x="4" y="4" z="6" spawntime="60" direction="2" />
	</spawn>
	<spawn centerx="103" centery="231" centerz="6" radius="5">
		<monster name="monk" x="1" y="0" z="6" spawntime="60" direction="2" />
		<monster name="monk" x="5" y="0" z="6" spawntime="60" direction="2" />
		<monster name="monk" x="3" y="1" z="6" spawntime="60" direction="2" />
		<monster name="monk" x="-5" y="2" z="6" spawntime="60" direction="2" />
		<monster name="monk" x="-2" y="3" z="6" spawntime="60" direction="2" />
		<monster name="monk" x="5" y="3" z="6" spawntime="60" direction="2" />
		<monster name="monk" x="-2" y="5" z="6" spawntime="60" direction="2" />
		<monster name="monk" x="2" y="5" z="6" spawntime="60" direction="2" />
		<monster name="monk" x="5" y="5" z="6" spawntime="60" direction="2" />
	</spawn>
	<spawn centerx="109" centery="232" centerz="6" radius="5" />
	<spawn centerx="97" centery="233" centerz="6" radius="5">
		<monster name="monk" x="-2" y="4" z="6" spawntime="60" direction="2" />
	</spawn>
	<spawn centerx="104" centery="237" centerz="6" radius="5" />
	<spawn centerx="68" centery="254" centerz="6" radius="100">
		<monster name="dragon" x="-22" y="-30" z="6" spawntime="60" direction="2" />
		<monster name="hero" x="-35" y="-26" z="6" spawntime="60" direction="2" />
		<monster name="necromancer" x="-30" y="-25" z="6" spawntime="60" direction="2" />
		<monster name="necromancer" x="-29" y="-24" z="6" spawntime="60" direction="2" />
		<monster name="dragon" x="-20" y="-24" z="6" spawntime="60" direction="2" />
		<monster name="dragon" x="13" y="-24" z="6" spawntime="60" direction="2" />
		<monster name="dragon" x="-26" y="-23" z="6" spawntime="60" direction="2" />
		<monster name="hero" x="-32" y="-22" z="6" spawntime="60" direction="2" />
		<monster name="hero" x="-30" y="-22" z="6" spawntime="60" direction="2" />
		<monster name="hero" x="-34" y="-21" z="6" spawntime="60" direction="2" />
		<monster name="dragon" x="18" y="-21" z="6" spawntime="60" direction="2" />
		<monster name="necromancer" x="-29" y="-20" z="6" spawntime="60" direction="2" />
		<monster name="hero" x="-36" y="-19" z="6" spawntime="60" direction="2" />
		<monster name="necromancer" x="-30" y="-19" z="6" spawntime="60" direction="2" />
		<monster name="dragon" x="-16" y="-19" z="6" spawntime="60" direction="2" />
		<monster name="hero" x="-32" y="-18" z="6" spawntime="60" direction="2" />
		<monster name="dragon" x="13" y="-16" z="6" spawntime="60" direction="2" />
		<monster name="dragon" x="-23" y="-15" z="6" spawntime="60" direction="2" />
		<monster name="dragon" x="4" y="-14" z="6" spawntime="60" direction="2" />
		<monster name="dragon" x="6" y="-14" z="6" spawntime="60" direction="2" />
		<monster name="dragon" x="23" y="-14" z="6" spawntime="60" direction="2" />
		<monster name="dragon" x="-9" y="-12" z="6" spawntime="60" direction="2" />
		<monster name="dragon" x="-34" y="-11" z="6" spawntime="60" direction="2" />
		<monster name="dragon" x="-17" y="-11" z="6" spawntime="60" direction="2" />
		<monster name="black knight" x="-4" y="-11" z="6" spawntime="60" direction="2" />
		<monster name="dragon" x="19" y="-10" z="6" spawntime="60" direction="2" />
		<monster name="black knight" x="-8" y="-9" z="6" spawntime="60" direction="2" />
		<monster name="dragon" x="28" y="-8" z="6" spawntime="60" direction="2" />
		<monster name="dragon" x="-25" y="-7" z="6" spawntime="60" direction="2" />
		<monster name="dragon" x="-31" y="-6" z="6" spawntime="60" direction="2" />
		<monster name="black knight" x="-14" y="-5" z="6" spawntime="60" direction="2" />
		<monster name="black knight" x="4" y="-5" z="6" spawntime="60" direction="2" />
		<monster name="black knight" x="14" y="-5" z="6" spawntime="60" direction="2" />
		<monster name="black knight" x="-2" y="-3" z="6" spawntime="60" direction="2" />
		<monster name="black knight" x="-11" y="-1" z="6" spawntime="60" direction="2" />
		<monster name="black knight" x="8" y="0" z="6" spawntime="60" direction="2" />
		<monster name="black knight" x="-14" y="3" z="6" spawntime="60" direction="2" />
		<monster name="black knight" x="-4" y="3" z="6" spawntime="60" direction="2" />
	</spawn>
	<spawn centerx="194" centery="25" centerz="7" radius="1">
		<npc name="Perac" x="0" y="0" z="7" spawntime="60" />
	</spawn>
	<spawn centerx="48" centery="31" centerz="7" radius="5">
		<monster name="demon skeleton" x="-4" y="0" z="7" spawntime="60" direction="2" />
	</spawn>
	<spawn centerx="229" centery="31" centerz="7" radius="10">
		<monster name="frost troll" x="-9" y="-3" z="7" spawntime="60" direction="2" />
		<monster name="winter wolf" x="-3" y="-1" z="7" spawntime="60" direction="2" />
		<monster name="frost troll" x="-10" y="0" z="7" spawntime="60" direction="2" />
		<monster name="frost troll" x="1" y="0" z="7" spawntime="60" direction="2" />
		<monster name="polar bear" x="-7" y="1" z="7" spawntime="60" direction="2" />
		<monster name="winter wolf" x="8" y="1" z="7" spawntime="60" direction="2" />
		<monster name="winter wolf" x="9" y="1" z="7" spawntime="60" direction="2" />
		<monster name="polar bear" x="8" y="2" z="7" spawntime="60" direction="2" />
		<monster name="polar bear" x="1" y="3" z="7" spawntime="60" direction="2" />
		<monster name="frost troll" x="4" y="3" z="7" spawntime="60" direction="2" />
		<monster name="winter wolf" x="1" y="4" z="7" spawntime="60" direction="2" />
		<monster name="frost troll" x="8" y="4" z="7" spawntime="60" direction="2" />
		<monster name="winter wolf" x="6" y="6" z="7" spawntime="60" direction="2" />
	</spawn>
	<spawn centerx="82" centery="36" centerz="7" radius="5">
		<monster name="minotaur guard" x="2" y="-2" z="7" spawntime="60" direction="2" />
		<monster name="minotaur guard" x="-4" y="-1" z="7" spawntime="60" direction="2" />
		<monster name="minotaur guard" x="0" y="2" z="7" spawntime="60" direction="2" />
	</spawn>
	<spawn centerx="107" centery="36" centerz="7" radius="14">
		<monster name="minotaur" x="-9" y="5" z="7" spawntime="60" direction="2" />
		<monster name="minotaur" x="2" y="5" z="7" spawntime="60" direction="2" />
		<monster name="minotaur" x="-1" y="6" z="7" spawntime="60" direction="2" />
		<monster name="minotaur guard" x="-5" y="8" z="7" spawntime="60" direction="2" />
		<monster name="minotaur" x="5" y="8" z="7" spawntime="60" direction="2" />
	</spawn>
	<spawn centerx="91" centery="37" centerz="7" radius="5">
		<monster name="minotaur guard" x="0" y="-2" z="7" spawntime="60" direction="2" />
		<monster name="minotaur guard" x="-2" y="0" z="7" spawntime="60" direction="2" />
	</spawn>
	<spawn centerx="252" centery="38" centerz="7" radius="10">
		<monster name="frost troll" x="-3" y="-8" z="7" spawntime="60" direction="2" />
		<monster name="frost troll" x="3" y="-8" z="7" spawntime="60" direction="2" />
		<monster name="winter wolf" x="-3" y="-5" z="7" spawntime="60" direction="2" />
		<monster name="winter wolf" x="-6" y="-4" z="7" spawntime="60" direction="2" />
		<monster name="polar bear" x="-5" y="-4" z="7" spawntime="60" direction="2" />
		<monster name="frost troll" x="2" y="-2" z="7" spawntime="60" direction="2" />
		<monster name="polar bear" x="-6" y="-1" z="7" spawntime="60" direction="2" />
		<monster name="winter wolf" x="2" y="-1" z="7" spawntime="60" direction="2" />
		<monster name="frost troll" x="-7" y="1" z="7" spawntime="60" direction="2" />
		<monster name="polar bear" x="0" y="1" z="7" spawntime="60" direction="2" />
		<monster name="winter wolf" x="-6" y="3" z="7" spawntime="60" direction="2" />
		<monster name="frost troll" x="-7" y="6" z="7" spawntime="60" direction="2" />
		<monster name="polar bear" x="-4" y="7" z="7" spawntime="60" direction="2" />
		<monster name="winter wolf" x="3" y="8" z="7" spawntime="60" direction="2" />
		<monster name="frost troll" x="-2" y="9" z="7" spawntime="60" direction="2" />
	</spawn>
	<spawn centerx="38" centery="40" centerz="7" radius="5">
		<monster name="demon skeleton" x="0" y="4" z="7" spawntime="60" direction="2" />
	</spawn>
	<spawn centerx="142" centery="46" centerz="7" radius="1">
		<npc name="Sarina" x="0" y="0" z="7" spawntime="60" />
	</spawn>
	<spawn centerx="133" centery="54" centerz="7" radius="1">
		<npc name="Benjamin" x="0" y="0" z="7" spawntime="60" />
	</spawn>
	<spawn centerx="107" centery="61" centerz="7" radius="5">
		<monster name="elf" x="1" y="-1" z="7" spawntime="60" direction="2" />
		<monster name="elf" x="-2" y="0" z="7" spawntime="60" direction="2" />
		<monster name="elf" x="4" y="1" z="7" spawntime="60" direction="2" />
		<monster name="elf Scout" x="-3" y="2" z="7" spawntime="60" direction="2" />
	</spawn>
	<spawn centerx="278" centery="62" centerz="7" radius="50">
		<monster name="elf arcanist" x="-8" y="-14" z="7" spawntime="60" direction="2" />
		<monster name="elf arcanist" x="-6" y="-14" z="7" spawntime="60" direction="2" />
		<monster name="elf arcanist" x="6" y="-14" z="7" spawntime="60" direction="2" />
		<monster name="elf arcanist" x="8" y="-14" z="7" spawntime="60" direction="2" />
		<monster name="elf arcanist" x="-6" y="-12" z="7" spawntime="60" direction="2" />
		<monster name="elf arcanist" x="7" y="-12" z="7" spawntime="60" direction="2" />
		<monster name="elf arcanist" x="-2" y="-11" z="7" spawntime="60" direction="2" />
		<monster name="elf arcanist" x="3" y="-11" z="7" spawntime="60" direction="2" />
		<monster name="elf arcanist" x="0" y="-9" z="7" spawntime="60" direction="2" />
		<monster name="elf Scout" x="-3" y="-7" z="7" spawntime="60" direction="2" />
		<monster name="elf Scout" x="3" y="-7" z="7" spawntime="60" direction="2" />
		<monster name="elf arcanist" x="-7" y="-6" z="7" spawntime="60" direction="2" />
		<monster name="elf arcanist" x="8" y="-6" z="7" spawntime="60" direction="2" />
		<monster name="elf arcanist" x="-8" y="-5" z="7" spawntime="60" direction="2" />
		<monster name="elf arcanist" x="-6" y="-5" z="7" spawntime="60" direction="2" />
		<monster name="elf Scout" x="0" y="-5" z="7" spawntime="60" direction="2" />
		<monster name="elf Scout" x="1" y="-5" z="7" spawntime="60" direction="2" />
		<monster name="elf arcanist" x="7" y="-5" z="7" spawntime="60" direction="2" />
		<monster name="elf arcanist" x="9" y="-5" z="7" spawntime="60" direction="2" />
		<monster name="elf Scout" x="0" y="-4" z="7" spawntime="60" direction="2" />
		<monster name="elf Scout" x="1" y="-4" z="7" spawntime="60" direction="2" />
		<monster name="elf arcanist" x="-7" y="0" z="7" spawntime="60" direction="2" />
		<monster name="elf Scout" x="0" y="0" z="7" spawntime="60" direction="2" />
		<monster name="elf Scout" x="1" y="0" z="7" spawntime="60" direction="2" />
		<monster name="elf arcanist" x="7" y="0" z="7" spawntime="60" direction="2" />
		<monster name="elf arcanist" x="-8" y="1" z="7" spawntime="60" direction="2" />
		<monster name="elf arcanist" x="-6" y="1" z="7" spawntime="60" direction="2" />
		<monster name="elf Scout" x="0" y="1" z="7" spawntime="60" direction="2" />
		<monster name="elf Scout" x="1" y="1" z="7" spawntime="60" direction="2" />
		<monster name="elf arcanist" x="6" y="1" z="7" spawntime="60" direction="2" />
		<monster name="elf arcanist" x="8" y="1" z="7" spawntime="60" direction="2" />
		<monster name="elf Scout" x="0" y="5" z="7" spawntime="60" direction="2" />
		<monster name="elf Scout" x="1" y="5" z="7" spawntime="60" direction="2" />
		<monster name="elf arcanist" x="-8" y="6" z="7" spawntime="60" direction="2" />
		<monster name="elf Scout" x="0" y="6" z="7" spawntime="60" direction="2" />
		<monster name="elf Scout" x="1" y="6" z="7" spawntime="60" direction="2" />
		<monster name="elf arcanist" x="8" y="6" z="7" spawntime="60" direction="2" />
		<monster name="ancient scarab" x="40" y="6" z="7" spawntime="60" direction="2" />
		<monster name="elf arcanist" x="-9" y="7" z="7" spawntime="60" direction="2" />
		<monster name="elf arcanist" x="-8" y="7" z="7" spawntime="60" direction="2" />
		<monster name="elf arcanist" x="7" y="7" z="7" spawntime="60" direction="2" />
		<monster name="elf arcanist" x="9" y="7" z="7" spawntime="60" direction="2" />
		<monster name="scarab" x="37" y="8" z="7" spawntime="60" direction="2" />
		<monster name="scarab" x="40" y="8" z="7" spawntime="60" direction="2" />
		<monster name="larva" x="45" y="8" z="7" spawntime="60" direction="2" />
		<monster name="scarab" x="46" y="8" z="7" spawntime="60" direction="2" />
		<monster name="elf Scout" x="0" y="10" z="7" spawntime="60" direction="2" />
		<monster name="elf Scout" x="1" y="10" z="7" spawntime="60" direction="2" />
		<monster name="larva" x="32" y="10" z="7" spawntime="60" direction="2" />
		<monster name="larva" x="41" y="10" z="7" spawntime="60" direction="2" />
		<monster name="elf Scout" x="0" y="11" z="7" spawntime="60" direction="2" />
		<monster name="elf Scout" x="1" y="11" z="7" spawntime="60" direction="2" />
		<monster name="ancient scarab" x="36" y="11" z="7" spawntime="60" direction="2" />
		<monster name="ancient scarab" x="42" y="12" z="7" spawntime="60" direction="2" />
		<monster name="elf arcanist" x="-8" y="13" z="7" spawntime="60" direction="2" />
		<monster name="elf arcanist" x="-6" y="13" z="7" spawntime="60" direction="2" />
		<monster name="elf arcanist" x="6" y="13" z="7" spawntime="60" direction="2" />
		<monster name="elf arcanist" x="8" y="13" z="7" spawntime="60" direction="2" />
		<monster name="scarab" x="32" y="13" z="7" spawntime="60" direction="2" />
		<monster name="larva" x="34" y="13" z="7" spawntime="60" direction="2" />
		<monster name="scarab" x="45" y="13" z="7" spawntime="60" direction="2" />
		<monster name="scarab" x="-37" y="14" z="7" spawntime="60" direction="2" />
		<monster name="elf arcanist" x="-7" y="14" z="7" spawntime="60" direction="2" />
		<monster name="elf arcanist" x="7" y="14" z="7" spawntime="60" direction="2" />
		<monster name="ancient scarab" x="28" y="14" z="7" spawntime="60" direction="2" />
		<monster name="scarab" x="-43" y="15" z="7" spawntime="60" direction="2" />
		<monster name="scarab" x="36" y="15" z="7" spawntime="60" direction="2" />
		<monster name="scarab" x="40" y="15" z="7" spawntime="60" direction="2" />
		<monster name="larva" x="45" y="15" z="7" spawntime="60" direction="2" />
		<monster name="larva" x="38" y="17" z="7" spawntime="60" direction="2" />
		<monster name="larva" x="41" y="17" z="7" spawntime="60" direction="2" />
		<monster name="larva" x="48" y="17" z="7" spawntime="60" direction="2" />
		<monster name="scarab" x="-33" y="18" z="7" spawntime="60" direction="2" />
		<monster name="larva" x="31" y="19" z="7" spawntime="60" direction="2" />
		<monster name="scarab" x="33" y="19" z="7" spawntime="60" direction="2" />
		<monster name="larva" x="43" y="19" z="7" spawntime="60" direction="2" />
		<monster name="larva" x="46" y="19" z="7" spawntime="60" direction="2" />
		<monster name="dragon" x="0" y="20" z="7" spawntime="60" direction="2" />
		<monster name="scarab" x="37" y="20" z="7" spawntime="60" direction="2" />
		<monster name="scarab" x="40" y="20" z="7" spawntime="60" direction="2" />
		<monster name="scarab" x="42" y="20" z="7" spawntime="60" direction="2" />
		<monster name="ancient scarab" x="50" y="20" z="7" spawntime="60" direction="2" />
		<monster name="hyaena" x="-48" y="21" z="7" spawntime="60" direction="2" />
		<monster name="scarab" x="-42" y="21" z="7" spawntime="60" direction="2" />
		<monster name="scarab" x="41" y="21" z="7" spawntime="60" direction="2" />
		<monster name="scarab" x="47" y="21" z="7" spawntime="60" direction="2" />
		<monster name="ancient scarab" x="35" y="22" z="7" spawntime="60" direction="2" />
		<monster name="scarab" x="40" y="22" z="7" spawntime="60" direction="2" />
		<monster name="scarab" x="49" y="22" z="7" spawntime="60" direction="2" />
		<monster name="larva" x="31" y="23" z="7" spawntime="60" direction="2" />
		<monster name="larva" x="35" y="23" z="7" spawntime="60" direction="2" />
		<monster name="ancient scarab" x="42" y="23" z="7" spawntime="60" direction="2" />
		<monster name="larva" x="43" y="23" z="7" spawntime="60" direction="2" />
		<monster name="scarab" x="31" y="24" z="7" spawntime="60" direction="2" />
		<monster name="larva" x="32" y="24" z="7" spawntime="60" direction="2" />
		<monster name="larva" x="45" y="24" z="7" spawntime="60" direction="2" />
		<monster name="larva" x="48" y="24" z="7" spawntime="60" direction="2" />
		<monster name="scarab" x="-38" y="25" z="7" spawntime="60" direction="2" />
		<monster name="larva" x="25" y="25" z="7" spawntime="60" direction="2" />
		<monster name="scarab" x="28" y="25" z="7" spawntime="60" direction="2" />
		<monster name="larva" x="39" y="25" z="7" spawntime="60" direction="2" />
		<monster name="scarab" x="42" y="25" z="7" spawntime="60" direction="2" />
		<monster name="scarab" x="32" y="26" z="7" spawntime="60" direction="2" />
		<monster name="larva" x="36" y="26" z="7" spawntime="60" direction="2" />
		<monster name="scarab" x="39" y="26" z="7" spawntime="60" direction="2" />
		<monster name="scarab" x="50" y="26" z="7" spawntime="60" direction="2" />
		<monster name="scarab" x="-31" y="27" z="7" spawntime="60" direction="2" />
		<monster name="larva" x="33" y="27" z="7" spawntime="60" direction="2" />
		<monster name="larva" x="43" y="27" z="7" spawntime="60" direction="2" />
		<monster name="scarab" x="45" y="27" z="7" spawntime="60" direction="2" />
		<monster name="scarab" x="46" y="27" z="7" spawntime="60" direction="2" />
		<monster name="ancient scarab" x="50" y="27" z="7" spawntime="60" direction="2" />
		<monster name="ancient scarab" x="27" y="28" z="7" spawntime="60" direction="2" />
		<monster name="larva" x="30" y="29" z="7" spawntime="60" direction="2" />
		<monster name="scarab" x="34" y="29" z="7" spawntime="60" direction="2" />
		<monster name="scarab" x="47" y="29" z="7" spawntime="60" direction="2" />
		<monster name="larva" x="26" y="30" z="7" spawntime="60" direction="2" />
		<monster name="larva" x="38" y="30" z="7" spawntime="60" direction="2" />
		<monster name="larva" x="41" y="30" z="7" spawntime="60" direction="2" />
		<monster name="ancient scarab" x="43" y="30" z="7" spawntime="60" direction="2" />
		<monster name="scarab" x="-27" y="31" z="7" spawntime="60" direction="2" />
		<monster name="ancient scarab" x="33" y="31" z="7" spawntime="60" direction="2" />
		<monster name="scarab" x="37" y="31" z="7" spawntime="60" direction="2" />
		<monster name="larva" x="42" y="31" z="7" spawntime="60" direction="2" />
		<monster name="scarab" x="46" y="31" z="7" spawntime="60" direction="2" />
		<monster name="larva" x="50" y="31" z="7" spawntime="60" direction="2" />
		<monster name="scarab" x="43" y="32" z="7" spawntime="60" direction="2" />
		<monster name="scarab" x="49" y="32" z="7" spawntime="60" direction="2" />
		<monster name="scarab" x="-37" y="33" z="7" spawntime="60" direction="2" />
		<monster name="larva" x="25" y="33" z="7" spawntime="60" direction="2" />
		<monster name="scarab" x="28" y="33" z="7" spawntime="60" direction="2" />
		<monster name="scarab" x="34" y="33" z="7" spawntime="60" direction="2" />
		<monster name="scarab" x="31" y="34" z="7" spawntime="60" direction="2" />
		<monster name="ancient scarab" x="39" y="34" z="7" spawntime="60" direction="2" />
		<monster name="ancient scarab" x="44" y="34" z="7" spawntime="60" direction="2" />
		<monster name="larva" x="28" y="35" z="7" spawntime="60" direction="2" />
		<monster name="larva" x="49" y="35" z="7" spawntime="60" direction="2" />
		<monster name="scarab" x="-32" y="36" z="7" spawntime="60" direction="2" />
		<monster name="scarab" x="-41" y="37" z="7" spawntime="60" direction="2" />
		<monster name="scarab" x="29" y="37" z="7" spawntime="60" direction="2" />
		<monster name="scarab" x="35" y="37" z="7" spawntime="60" direction="2" />
		<monster name="scarab" x="37" y="37" z="7" spawntime="60" direction="2" />
		<monster name="scarab" x="-23" y="38" z="7" spawntime="60" direction="2" />
		<monster name="larva" x="40" y="38" z="7" spawntime="60" direction="2" />
		<monster name="scarab" x="43" y="38" z="7" spawntime="60" direction="2" />
		<monster name="ancient scarab" x="47" y="38" z="7" spawntime="60" direction="2" />
		<monster name="scarab" x="26" y="39" z="7" spawntime="60" direction="2" />
		<monster name="scarab" x="29" y="39" z="7" spawntime="60" direction="2" />
		<monster name="scarab" x="-38" y="40" z="7" spawntime="60" direction="2" />
		<monster name="larva" x="36" y="40" z="7" spawntime="60" direction="2" />
		<monster name="ancient scarab" x="40" y="40" z="7" spawntime="60" direction="2" />
		<monster name="scarab" x="44" y="40" z="7" spawntime="60" direction="2" />
		<monster name="larva" x="49" y="40" z="7" spawntime="60" direction="2" />
		<monster name="scarab" x="-47" y="41" z="7" spawntime="60" direction="2" />
		<monster name="ancient scarab" x="28" y="41" z="7" spawntime="60" direction="2" />
		<monster name="larva" x="32" y="41" z="7" spawntime="60" direction="2" />
		<monster name="scarab" x="37" y="42" z="7" spawntime="60" direction="2" />
		<monster name="scarab" x="42" y="42" z="7" spawntime="60" direction="2" />
		<monster name="scarab" x="-30" y="44" z="7" spawntime="60" direction="2" />
		<monster name="larva" x="41" y="45" z="7" spawntime="60" direction="2" />
		<monster name="scarab" x="-41" y="46" z="7" spawntime="60" direction="2" />
		<monster name="scarab" x="38" y="46" z="7" spawntime="60" direction="2" />
		<monster name="scarab" x="-47" y="50" z="7" spawntime="60" direction="2" />
	</spawn>
	<spawn centerx="168" centery="66" centerz="7" radius="1">
		<npc name="Jhonny" x="0" y="-1" z="7" spawntime="0" />
	</spawn>
	<spawn centerx="64" centery="68" centerz="7" radius="12">
		<monster name="demon skeleton" x="-3" y="-9" z="7" spawntime="60" direction="2" />
		<monster name="demon skeleton" x="8" y="-8" z="7" spawntime="60" direction="2" />
		<monster name="demon skeleton" x="-11" y="-2" z="7" spawntime="40" direction="2" />
		<monster name="demon skeleton" x="-8" y="8" z="7" spawntime="60" direction="2" />
		<monster name="demon skeleton" x="5" y="8" z="7" spawntime="60" direction="2" />
	</spawn>
	<spawn centerx="105" centery="68" centerz="7" radius="5">
		<monster name="elf" x="-1" y="-1" z="7" spawntime="60" direction="2" />
		<monster name="elf Scout" x="2" y="0" z="7" spawntime="60" direction="2" />
		<monster name="elf" x="0" y="5" z="7" spawntime="60" direction="2" />
	</spawn>
	<spawn centerx="113" centery="69" centerz="7" radius="5">
		<monster name="elf" x="-1" y="-1" z="7" spawntime="60" direction="2" />
		<monster name="elf" x="-2" y="3" z="7" spawntime="60" direction="2" />
	</spawn>
	<spawn centerx="206" centery="71" centerz="7" radius="1">
		<npc name="Dark Rodo" x="0" y="0" z="7" spawntime="60" />
	</spawn>
	<spawn centerx="215" centery="71" centerz="7" radius="1">
		<npc name="Sarina" x="0" y="0" z="7" spawntime="60" />
	</spawn>
	<spawn centerx="123" centery="75" centerz="7" radius="5">
		<monster name="cyclops" x="-1" y="1" z="7" spawntime="60" direction="2" />
	</spawn>
	<spawn centerx="205" centery="77" centerz="7" radius="1">
		<npc name="Eremo" x="0" y="0" z="7" spawntime="60" />
	</spawn>
	<spawn centerx="217" centery="77" centerz="7" radius="1">
		<npc name="Seller" x="0" y="0" z="7" spawntime="60" />
	</spawn>
	<spawn centerx="116" centery="80" centerz="7" radius="5">
		<monster name="tarantula" x="-3" y="1" z="7" spawntime="60" direction="2" />
	</spawn>
	<spawn centerx="164" centery="81" centerz="7" radius="5">
		<monster name="minotaur" x="-3" y="-2" z="7" spawntime="60" direction="2" />
		<monster name="minotaur" x="3" y="-1" z="7" spawntime="60" direction="2" />
		<monster name="minotaur" x="-5" y="4" z="7" spawntime="60" direction="2" />
	</spawn>
	<spawn centerx="241" centery="81" centerz="7" radius="9" />
	<spawn centerx="227" centery="84" centerz="7" radius="6">
		<monster name="lion" x="-2" y="-4" z="7" spawntime="60" direction="2" />
		<monster name="lion" x="-3" y="4" z="7" spawntime="60" direction="2" />
	</spawn>
	<spawn centerx="146" centery="86" centerz="7" radius="16">
		<monster name="minotaur" x="11" y="-6" z="7" spawntime="60" direction="2" />
		<monster name="troll" x="-2" y="-5" z="7" spawntime="20" direction="2" />
		<monster name="minotaur" x="4" y="-5" z="7" spawntime="60" direction="2" />
		<monster name="minotaur" x="6" y="-4" z="7" spawntime="60" direction="2" />
		<monster name="minotaur" x="11" y="-3" z="7" spawntime="60" direction="2" />
		<monster name="minotaur" x="5" y="-1" z="7" spawntime="60" direction="2" />
		<monster name="troll" x="9" y="-1" z="7" spawntime="40" direction="2" />
		<monster name="minotaur" x="3" y="0" z="7" spawntime="60" direction="2" />
		<monster name="minotaur" x="11" y="0" z="7" spawntime="60" direction="2" />
		<monster name="troll" x="5" y="1" z="7" spawntime="20" direction="2" />
		<monster name="troll" x="-2" y="2" z="7" spawntime="20" direction="2" />
		<monster name="troll" x="-1" y="2" z="7" spawntime="40" direction="2" />
		<monster name="troll" x="-3" y="6" z="7" spawntime="60" direction="2" />
		<monster name="goblin" x="0" y="16" z="7" spawntime="60" direction="2" />
	</spawn>
	<spawn centerx="93" centery="93" centerz="7" radius="5">
		<monster name="kongra" x="4" y="0" z="7" spawntime="60" direction="2" />
		<monster name="giant spider" x="0" y="1" z="7" spawntime="60" direction="2" />
		<monster name="kongra" x="5" y="2" z="7" spawntime="60" direction="2" />
		<monster name="kongra" x="1" y="5" z="7" spawntime="60" direction="2" />
	</spawn>
	<spawn centerx="318" centery="96" centerz="7" radius="50">
		<monster name="larva" x="12" y="-11" z="7" spawntime="60" direction="2" />
		<monster name="larva" x="11" y="-8" z="7" spawntime="60" direction="2" />
		<monster name="ancient scarab" x="14" y="-2" z="7" spawntime="60" direction="2" />
		<monster name="larva" x="16" y="-2" z="7" spawntime="60" direction="2" />
		<monster name="larva" x="17" y="-1" z="7" spawntime="60" direction="2" />
		<monster name="scarab" x="16" y="0" z="7" spawntime="60" direction="2" />
		<monster name="larva" x="13" y="1" z="7" spawntime="60" direction="2" />
		<monster name="scarab" x="11" y="2" z="7" spawntime="60" direction="2" />
		<monster name="larva" x="13" y="2" z="7" spawntime="60" direction="2" />
		<monster name="ancient scarab" x="17" y="3" z="7" spawntime="60" direction="2" />
		<monster name="scarab" x="11" y="5" z="7" spawntime="60" direction="2" />
		<monster name="larva" x="18" y="5" z="7" spawntime="60" direction="2" />
		<monster name="larva" x="14" y="7" z="7" spawntime="60" direction="2" />
		<monster name="scarab" x="1" y="19" z="7" spawntime="60" direction="2" />
		<monster name="ancient scarab" x="4" y="19" z="7" spawntime="60" direction="2" />
		<monster name="ancient scarab" x="-1" y="21" z="7" spawntime="60" direction="2" />
		<monster name="scarab" x="0" y="21" z="7" spawntime="60" direction="2" />
		<monster name="ancient scarab" x="2" y="21" z="7" spawntime="60" direction="2" />
		<monster name="scarab" x="4" y="21" z="7" spawntime="60" direction="2" />
		<monster name="scarab" x="5" y="21" z="7" spawntime="60" direction="2" />
		<monster name="scarab" x="-2" y="22" z="7" spawntime="60" direction="2" />
		<monster name="scarab" x="1" y="23" z="7" spawntime="60" direction="2" />
		<monster name="ancient scarab" x="4" y="23" z="7" spawntime="60" direction="2" />
		<monster name="ancient scarab" x="-1" y="24" z="7" spawntime="60" direction="2" />
		<monster name="scarab" x="3" y="24" z="7" spawntime="60" direction="2" />
		<monster name="ancient scarab" x="6" y="24" z="7" spawntime="60" direction="2" />
	</spawn>
	<spawn centerx="75" centery="99" centerz="7" radius="5">
		<monster name="The Old Widow" x="2" y="-2" z="7" spawntime="60" direction="2" />
		<monster name="giant spider" x="-3" y="2" z="7" spawntime="60" direction="2" />
		<monster name="giant spider" x="3" y="2" z="7" spawntime="60" direction="2" />
	</spawn>
	<spawn centerx="247" centery="99" centerz="7" radius="10" />
	<spawn centerx="126" centery="102" centerz="7" radius="20">
		<monster name="tarantula" x="-4" y="-18" z="7" spawntime="60" direction="2" />
		<monster name="tarantula" x="-11" y="-13" z="7" spawntime="60" direction="2" />
		<monster name="tarantula" x="-3" y="-10" z="7" spawntime="60" direction="2" />
		<monster name="tarantula" x="-9" y="-5" z="7" spawntime="60" direction="2" />
		<monster name="tarantula" x="-19" y="-4" z="7" spawntime="60" direction="2" />
		<monster name="ghoul" x="2" y="-3" z="7" spawntime="60" direction="2" />
		<monster name="ghoul" x="-2" y="-2" z="7" spawntime="60" direction="2" />
		<monster name="dragon" x="-16" y="0" z="7" spawntime="60" direction="2" />
		<monster name="ghoul" x="3" y="0" z="7" spawntime="25" direction="2" />
		<monster name="ghoul" x="-2" y="2" z="7" spawntime="25" direction="2" />
		<monster name="ghoul" x="0" y="2" z="7" spawntime="25" direction="2" />
		<monster name="dragon" x="-17" y="11" z="7" spawntime="60" direction="2" />
		<monster name="flamingo" x="6" y="15" z="7" spawntime="60" direction="2" />
		<monster name="dragon" x="-19" y="16" z="7" spawntime="60" direction="2" />
	</spawn>
	<spawn centerx="32" centery="108" centerz="7" radius="5">
		<monster name="elder beholder" x="2" y="-3" z="7" spawntime="60" direction="2" />
		<monster name="elder beholder" x="-2" y="2" z="7" spawntime="60" direction="2" />
	</spawn>
	<spawn centerx="81" centery="108" centerz="7" radius="2">
		<monster name="giant spider" x="-1" y="-1" z="7" spawntime="60" direction="2" />
		<monster name="kongra" x="0" y="2" z="7" spawntime="60" direction="2" />
	</spawn>
	<spawn centerx="102" centery="109" centerz="7" radius="5">
		<monster name="dragon" x="-4" y="-1" z="7" spawntime="60" direction="2" />
	</spawn>
	<spawn centerx="231" centery="113" centerz="7" radius="10">
		<monster name="scarab" x="-4" y="-5" z="7" spawntime="60" direction="2" />
		<monster name="scarab" x="8" y="2" z="7" spawntime="60" direction="2" />
		<monster name="scarab" x="-6" y="3" z="7" spawntime="60" direction="2" />
		<monster name="scarab" x="1" y="6" z="7" spawntime="60" direction="2" />
	</spawn>
	<spawn centerx="253" centery="114" centerz="7" radius="5">
		<monster name="ancient scarab" x="3" y="3" z="7" spawntime="60" direction="2" />
	</spawn>
	<spawn centerx="30" centery="117" centerz="7" radius="5">
		<monster name="hydra" x="-1" y="2" z="7" spawntime="60" direction="2" />
		<monster name="kongra" x="3" y="2" z="7" spawntime="60" direction="2" />
		<monster name="kongra" x="-3" y="3" z="7" spawntime="60" direction="2" />
		<monster name="kongra" x="-1" y="5" z="7" spawntime="60" direction="2" />
	</spawn>
	<spawn centerx="167" centery="117" centerz="7" radius="7">
		<monster name="goblin" x="-1" y="-3" z="7" spawntime="60" direction="2" />
		<monster name="goblin" x="3" y="-3" z="7" spawntime="60" direction="2" />
		<monster name="dworc venomsniper" x="-3" y="-1" z="7" spawntime="60" direction="2" />
		<monster name="goblin" x="0" y="-1" z="7" spawntime="60" direction="2" />
		<monster name="goblin" x="-3" y="1" z="7" spawntime="60" direction="2" />
		<monster name="dworc venomsniper" x="3" y="1" z="7" spawntime="60" direction="2" />
		<monster name="dworc venomsniper" x="3" y="3" z="7" spawntime="60" direction="2" />
		<monster name="dworc venomsniper" x="-2" y="5" z="7" spawntime="60" direction="2" />
		<monster name="goblin" x="1" y="6" z="7" spawntime="60" direction="2" />
	</spawn>
	<spawn centerx="59" centery="119" centerz="7" radius="5">
		<monster name="kongra" x="2" y="-2" z="7" spawntime="60" direction="2" />
		<monster name="hunter" x="2" y="-1" z="7" spawntime="60" direction="2" />
		<monster name="giant spider" x="-2" y="0" z="7" spawntime="60" direction="2" />
		<monster name="hunter" x="-5" y="1" z="7" spawntime="60" direction="2" />
	</spawn>
	<spawn centerx="95" centery="120" centerz="7" radius="50">
		<monster name="kongra" x="5" y="-23" z="7" spawntime="60" direction="2" />
		<monster name="kongra" x="4" y="-19" z="7" spawntime="60" direction="2" />
		<monster name="kongra" x="0" y="-18" z="7" spawntime="60" direction="2" />
		<monster name="kongra" x="-8" y="-15" z="7" spawntime="60" direction="2" />
		<monster name="kongra" x="-9" y="-11" z="7" spawntime="60" direction="2" />
		<monster name="kongra" x="-20" y="-9" z="7" spawntime="60" direction="2" />
		<monster name="hunter" x="-8" y="-8" z="7" spawntime="60" direction="2" />
		<monster name="hunter" x="-19" y="-7" z="7" spawntime="60" direction="2" />
		<monster name="kongra" x="-5" y="-7" z="7" spawntime="60" direction="2" />
		<monster name="kongra" x="-11" y="-4" z="7" spawntime="60" direction="2" />
		<monster name="kongra" x="-28" y="-3" z="7" spawntime="60" direction="2" />
		<monster name="kongra" x="-20" y="-3" z="7" spawntime="60" direction="2" />
		<monster name="hunter" x="-5" y="-3" z="7" spawntime="60" direction="2" />
		<monster name="kongra" x="2" y="-3" z="7" spawntime="60" direction="2" />
		<monster name="hunter" x="-27" y="-1" z="7" spawntime="60" direction="2" />
		<monster name="giant spider" x="1" y="-1" z="7" spawntime="60" direction="2" />
		<monster name="hunter" x="-16" y="0" z="7" spawntime="60" direction="2" />
		<monster name="kongra" x="-14" y="0" z="7" spawntime="60" direction="2" />
		<monster name="kongra" x="-9" y="0" z="7" spawntime="60" direction="2" />
		<monster name="kongra" x="4" y="0" z="7" spawntime="60" direction="2" />
		<monster name="kongra" x="-43" y="2" z="7" spawntime="60" direction="2" />
		<monster name="kongra" x="-29" y="2" z="7" spawntime="60" direction="2" />
		<monster name="kongra" x="-8" y="2" z="7" spawntime="60" direction="2" />
		<monster name="hunter" x="-47" y="3" z="7" spawntime="60" direction="2" />
		<monster name="kongra" x="-3" y="3" z="7" spawntime="60" direction="2" />
		<monster name="hunter" x="-48" y="4" z="7" spawntime="60" direction="2" />
		<monster name="kongra" x="-35" y="5" z="7" spawntime="60" direction="2" />
		<monster name="hunter" x="-9" y="5" z="7" spawntime="60" direction="2" />
		<monster name="hunter" x="-28" y="6" z="7" spawntime="60" direction="2" />
		<monster name="kongra" x="-11" y="6" z="7" spawntime="60" direction="2" />
		<monster name="kongra" x="-45" y="7" z="7" spawntime="60" direction="2" />
		<monster name="hunter" x="-20" y="7" z="7" spawntime="60" direction="2" />
		<monster name="kongra" x="-16" y="7" z="7" spawntime="60" direction="2" />
		<monster name="hunter" x="-47" y="8" z="7" spawntime="60" direction="2" />
		<monster name="hunter" x="-34" y="8" z="7" spawntime="60" direction="2" />
		<monster name="hunter" x="-14" y="8" z="7" spawntime="60" direction="2" />
		<monster name="hunter" x="-6" y="8" z="7" spawntime="60" direction="2" />
		<monster name="kongra" x="-29" y="9" z="7" spawntime="60" direction="2" />
		<monster name="hunter" x="-36" y="10" z="7" spawntime="60" direction="2" />
		<monster name="kongra" x="-7" y="10" z="7" spawntime="60" direction="2" />
		<monster name="dragon" x="7" y="10" z="7" spawntime="25" direction="2" />
		<monster name="kongra" x="-37" y="12" z="7" spawntime="60" direction="2" />
		<monster name="giant spider" x="-16" y="12" z="7" spawntime="60" direction="2" />
		<monster name="kongra" x="-44" y="14" z="7" spawntime="60" direction="2" />
		<monster name="kongra" x="-27" y="14" z="7" spawntime="60" direction="2" />
		<monster name="giant spider" x="-34" y="15" z="7" spawntime="60" direction="2" />
		<monster name="hunter" x="-24" y="15" z="7" spawntime="60" direction="2" />
		<monster name="hunter" x="-43" y="18" z="7" spawntime="60" direction="2" />
		<monster name="dragon" x="-2" y="18" z="7" spawntime="60" direction="2" />
		<monster name="orc berserker" x="31" y="20" z="7" spawntime="60" direction="2" />
		<monster name="orc leader" x="38" y="20" z="7" spawntime="60" direction="2" />
		<monster name="orc shaman" x="34" y="21" z="7" spawntime="60" direction="2" />
		<monster name="dragon" x="-14" y="23" z="7" spawntime="60" direction="2" />
		<monster name="orc shaman" x="30" y="24" z="7" spawntime="60" direction="2" />
		<monster name="orc leader" x="40" y="24" z="7" spawntime="60" direction="2" />
		<monster name="orc leader" x="34" y="27" z="7" spawntime="60" direction="2" />
		<monster name="dragon" x="1" y="28" z="7" spawntime="60" direction="2" />
		<monster name="orc leader" x="39" y="28" z="7" spawntime="60" direction="2" />
		<monster name="dragon" x="-11" y="30" z="7" spawntime="60" direction="2" />
		<monster name="dragon" x="-8" y="30" z="7" spawntime="60" direction="2" />
		<monster name="hydra" x="-49" y="31" z="7" spawntime="60" direction="2" />
		<monster name="hydra" x="-37" y="31" z="7" spawntime="60" direction="2" />
		<monster name="orc warlord" x="26" y="32" z="7" spawntime="60" direction="2" />
		<monster name="hydra" x="-45" y="33" z="7" spawntime="60" direction="2" />
		<monster name="orc berserker" x="40" y="33" z="7" spawntime="60" direction="2" />
		<monster name="hydra" x="-42" y="34" z="7" spawntime="60" direction="2" />
		<monster name="orc warlord" x="29" y="34" z="7" spawntime="60" direction="2" />
		<monster name="orc warlord" x="33" y="35" z="7" spawntime="60" direction="2" />
		<monster name="orc shaman" x="36" y="35" z="7" spawntime="60" direction="2" />
		<monster name="hydra" x="-44" y="38" z="7" spawntime="60" direction="2" />
		<monster name="hydra" x="-39" y="39" z="7" spawntime="60" direction="2" />
		<monster name="hydra" x="-43" y="42" z="7" spawntime="60" direction="2" />
		<monster name="hydra" x="-47" y="43" z="7" spawntime="60" direction="2" />
		<monster name="hydra" x="-34" y="44" z="7" spawntime="60" direction="2" />
		<monster name="The Horned Fox" x="-2" y="44" z="7" spawntime="60" direction="2" />
		<monster name="The Horned Fox" x="2" y="44" z="7" spawntime="60" direction="2" />
		<monster name="hydra" x="-39" y="45" z="7" spawntime="60" direction="2" />
		<monster name="General Murius" x="-1" y="46" z="7" spawntime="60" direction="2" />
		<monster name="hydra" x="-47" y="47" z="7" spawntime="60" direction="2" />
		<monster name="General Murius" x="-7" y="47" z="7" spawntime="60" direction="2" />
		<monster name="General Murius" x="0" y="47" z="7" spawntime="60" direction="2" />
		<monster name="terror bird" x="47" y="47" z="7" spawntime="60" direction="2" />
		<monster name="General Murius" x="-12" y="48" z="7" spawntime="60" direction="2" />
		<monster name="General Murius" x="-2" y="48" z="7" spawntime="60" direction="2" />
		<monster name="General Murius" x="1" y="48" z="7" spawntime="60" direction="2" />
		<monster name="General Murius" x="-8" y="49" z="7" spawntime="60" direction="2" />
		<monster name="General Murius" x="-5" y="49" z="7" spawntime="60" direction="2" />
		<monster name="General Murius" x="0" y="49" z="7" spawntime="60" direction="2" />
		<monster name="terror bird" x="39" y="49" z="7" spawntime="60" direction="2" />
		<monster name="terror bird" x="41" y="49" z="7" spawntime="60" direction="2" />
		<monster name="terror bird" x="50" y="49" z="7" spawntime="60" direction="2" />
		<monster name="minotaur guard" x="-18" y="50" z="7" spawntime="60" direction="2" />
		<monster name="minotaur guard" x="-14" y="50" z="7" spawntime="60" direction="2" />
		<monster name="minotaur mage" x="-12" y="50" z="7" spawntime="60" direction="2" />
		<monster name="minotaur archer" x="-10" y="50" z="7" spawntime="60" direction="2" />
		<monster name="General Murius" x="2" y="50" z="7" spawntime="60" direction="2" />
	</spawn>
	<spawn centerx="106" centery="120" centerz="7" radius="10" />
	<spawn centerx="160" centery="122" centerz="7" radius="7">
		<monster name="dworc venomsniper" x="-1" y="-1" z="7" spawntime="60" direction="2" />
		<monster name="dworc venomsniper" x="-5" y="0" z="7" spawntime="60" direction="2" />
		<monster name="goblin" x="-1" y="0" z="7" spawntime="60" direction="2" />
		<monster name="goblin" x="-6" y="2" z="7" spawntime="60" direction="2" />
		<monster name="goblin" x="-2" y="2" z="7" spawntime="60" direction="2" />
	</spawn>
	<spawn centerx="33" centery="125" centerz="7" radius="5">
		<monster name="kongra" x="5" y="-1" z="7" spawntime="60" direction="2" />
		<monster name="kongra" x="-4" y="2" z="7" spawntime="60" direction="2" />
		<monster name="kongra" x="0" y="5" z="7" spawntime="60" direction="2" />
	</spawn>
	<spawn centerx="40" centery="127" centerz="7" radius="5">
		<monster name="kongra" x="-1" y="0" z="7" spawntime="60" direction="2" />
	</spawn>
	<spawn centerx="103" centery="131" centerz="7" radius="5" />
	<spawn centerx="63" centery="133" centerz="7" radius="5" />
	<spawn centerx="79" centery="133" centerz="7" radius="3" />
	<spawn centerx="192" centery="137" centerz="7" radius="5">
		<monster name="elephant" x="0" y="-4" z="7" spawntime="60" direction="2" />
		<monster name="elephant" x="-3" y="1" z="7" spawntime="60" direction="2" />
		<monster name="elephant" x="2" y="3" z="7" spawntime="60" direction="2" />
	</spawn>
	<spawn centerx="93" centery="140" centerz="7" radius="13" />
	<spawn centerx="128" centery="140" centerz="7" radius="5" />
	<spawn centerx="206" centery="144" centerz="7" radius="10">
		<monster name="elephant" x="0" y="-6" z="7" spawntime="60" direction="2" />
		<monster name="spit nettle" x="-6" y="-3" z="7" spawntime="60" direction="2" />
		<monster name="spit nettle" x="2" y="-1" z="7" spawntime="60" direction="2" />
		<monster name="elephant" x="-4" y="0" z="7" spawntime="60" direction="2" />
		<monster name="elephant" x="6" y="1" z="7" spawntime="60" direction="2" />
		<monster name="elephant" x="0" y="4" z="7" spawntime="60" direction="2" />
		<monster name="efreet" x="9" y="9" z="7" spawntime="60" direction="2" />
	</spawn>
	<spawn centerx="135" centery="149" centerz="7" radius="5" />
	<spawn centerx="189" centery="149" centerz="7" radius="5">
		<monster name="crab" x="-1" y="-4" z="7" spawntime="60" direction="2" />
		<monster name="crab" x="2" y="-3" z="7" spawntime="60" direction="2" />
		<monster name="crab" x="5" y="-3" z="7" spawntime="60" direction="2" />
	</spawn>
	<spawn centerx="89" centery="150" centerz="7" radius="5" />
	<spawn centerx="129" centery="151" centerz="7" radius="5" />
	<spawn centerx="122" centery="154" centerz="7" radius="5" />
	<spawn centerx="221" centery="154" centerz="7" radius="10">
		<monster name="elephant" x="2" y="-8" z="7" spawntime="60" direction="2" />
		<monster name="elephant" x="6" y="-7" z="7" spawntime="60" direction="2" />
		<monster name="Rahemos" x="-3" y="-3" z="7" spawntime="60" direction="2" />
		<monster name="Dipthrah" x="-1" y="-3" z="7" spawntime="60" direction="2" />
		<monster name="Rahemos" x="2" y="-3" z="7" spawntime="60" direction="2" />
		<monster name="Vashresamun" x="-3" y="-2" z="7" spawntime="60" direction="2" />
		<monster name="Thalas" x="-1" y="-2" z="7" spawntime="60" direction="2" />
		<monster name="Thalas" x="2" y="-2" z="7" spawntime="60" direction="2" />
		<monster name="efreet" x="-3" y="0" z="7" spawntime="60" direction="2" />
		<monster name="marid" x="-2" y="0" z="7" spawntime="60" direction="2" />
		<monster name="Thalas" x="2" y="0" z="7" spawntime="60" direction="2" />
		<monster name="ancient scarab" x="4" y="0" z="7" spawntime="60" direction="2" />
		<monster name="ancient scarab" x="5" y="0" z="7" spawntime="60" direction="2" />
		<monster name="marid" x="0" y="1" z="7" spawntime="60" direction="2" />
		<monster name="Thalas" x="2" y="1" z="7" spawntime="60" direction="2" />
		<monster name="ancient scarab" x="4" y="1" z="7" spawntime="60" direction="2" />
		<monster name="ancient scarab" x="5" y="1" z="7" spawntime="60" direction="2" />
		<monster name="ancient scarab" x="-5" y="2" z="7" spawntime="60" direction="2" />
		<monster name="ancient scarab" x="-3" y="2" z="7" spawntime="60" direction="2" />
		<monster name="efreet" x="0" y="2" z="7" spawntime="60" direction="2" />
		<monster name="Dipthrah" x="-6" y="3" z="7" spawntime="60" direction="2" />
		<monster name="ancient scarab" x="-5" y="3" z="7" spawntime="60" direction="2" />
		<monster name="ancient scarab" x="-2" y="3" z="7" spawntime="60" direction="2" />
		<monster name="marid" x="0" y="3" z="7" spawntime="60" direction="2" />
		<monster name="Rahemos" x="4" y="3" z="7" spawntime="60" direction="2" />
		<monster name="Rahemos" x="-5" y="5" z="7" spawntime="60" direction="2" />
		<monster name="Thalas" x="-2" y="5" z="7" spawntime="60" direction="2" />
		<monster name="Thalas" x="-5" y="6" z="7" spawntime="60" direction="2" />
		<monster name="Rahemos" x="-2" y="6" z="7" spawntime="60" direction="2" />
		<monster name="Thalas" x="3" y="6" z="7" spawntime="60" direction="2" />
		<monster name="Thalas" x="4" y="6" z="7" spawntime="60" direction="2" />
		<monster name="sibang" x="-10" y="9" z="7" spawntime="60" direction="2" />
		<monster name="merlkin" x="-8" y="10" z="7" spawntime="60" direction="2" />
		<monster name="merlkin" x="1" y="10" z="7" spawntime="60" direction="2" />
	</spawn>
	<spawn centerx="254" centery="154" centerz="7" radius="5">
		<monster name="tarantula" x="-1" y="-4" z="7" spawntime="60" direction="2" />
		<monster name="tarantula" x="1" y="0" z="7" spawntime="60" direction="2" />
	</spawn>
	<spawn centerx="240" centery="155" centerz="7" radius="10">
		<monster name="lizard templar" x="1" y="-3" z="7" spawntime="60" direction="2" />
		<monster name="lizard templar" x="-1" y="-2" z="7" spawntime="60" direction="2" />
		<monster name="lizard templar" x="4" y="-2" z="7" spawntime="60" direction="2" />
		<monster name="lizard templar" x="-5" y="-1" z="7" spawntime="60" direction="2" />
		<monster name="lizard templar" x="7" y="1" z="7" spawntime="60" direction="2" />
		<monster name="lizard templar" x="-6" y="2" z="7" spawntime="60" direction="2" />
		<monster name="elephant" x="-4" y="8" z="7" spawntime="60" direction="2" />
		<monster name="tarantula" x="9" y="9" z="7" spawntime="60" direction="2" />
	</spawn>
	<spawn centerx="201" centery="156" centerz="7" radius="5">
		<monster name="tarantula" x="4" y="-1" z="7" spawntime="60" direction="2" />
		<monster name="elephant" x="-3" y="4" z="7" spawntime="60" direction="2" />
		<monster name="elephant" x="4" y="5" z="7" spawntime="60" direction="2" />
	</spawn>
	<spawn centerx="190" centery="160" centerz="7" radius="5">
		<monster name="crocodile" x="-4" y="-2" z="7" spawntime="60" direction="2" />
		<monster name="crocodile" x="-2" y="-1" z="7" spawntime="60" direction="2" />
		<monster name="crocodile" x="2" y="0" z="7" spawntime="60" direction="2" />
		<monster name="crocodile" x="-2" y="2" z="7" spawntime="60" direction="2" />
		<monster name="crocodile" x="0" y="2" z="7" spawntime="60" direction="2" />
		<monster name="crocodile" x="4" y="2" z="7" spawntime="60" direction="2" />
	</spawn>
	<spawn centerx="253" centery="162" centerz="7" radius="5">
		<monster name="tarantula" x="0" y="-2" z="7" spawntime="60" direction="2" />
		<monster name="tarantula" x="2" y="2" z="7" spawntime="60" direction="2" />
	</spawn>
	<spawn centerx="48" centery="163" centerz="7" radius="50">
		<monster name="hunter" x="-4" y="-42" z="7" spawntime="60" direction="2" />
		<monster name="kongra" x="-7" y="-30" z="7" spawntime="60" direction="2" />
		<monster name="hunter" x="-5" y="-28" z="7" spawntime="60" direction="2" />
		<monster name="hydra" x="-10" y="-11" z="7" spawntime="60" direction="2" />
		<monster name="hydra" x="-11" y="-7" z="7" spawntime="60" direction="2" />
		<monster name="hydra" x="-8" y="-7" z="7" spawntime="60" direction="2" />
		<monster name="hydra" x="-4" y="-4" z="7" spawntime="60" direction="2" />
		<monster name="hydra" x="-7" y="-1" z="7" spawntime="60" direction="2" />
		<monster name="hydra" x="-8" y="2" z="7" spawntime="60" direction="2" />
		<monster name="minotaur guard" x="29" y="8" z="7" spawntime="60" direction="2" />
		<monster name="minotaur" x="34" y="8" z="7" spawntime="60" direction="2" />
		<monster name="minotaur" x="36" y="8" z="7" spawntime="60" direction="2" />
		<monster name="General Murius" x="44" y="8" z="7" spawntime="60" direction="2" />
		<monster name="General Murius" x="48" y="8" z="7" spawntime="60" direction="2" />
		<monster name="General Murius" x="22" y="9" z="7" spawntime="60" direction="2" />
		<monster name="General Murius" x="24" y="9" z="7" spawntime="60" direction="2" />
		<monster name="minotaur guard" x="29" y="9" z="7" spawntime="60" direction="2" />
		<monster name="minotaur guard" x="33" y="9" z="7" spawntime="60" direction="2" />
		<monster name="minotaur mage" x="35" y="9" z="7" spawntime="60" direction="2" />
		<monster name="minotaur archer" x="37" y="9" z="7" spawntime="60" direction="2" />
		<monster name="General Murius" x="39" y="9" z="7" spawntime="60" direction="2" />
		<monster name="General Murius" x="41" y="9" z="7" spawntime="60" direction="2" />
		<monster name="minotaur guard" x="21" y="10" z="7" spawntime="60" direction="2" />
		<monster name="minotaur mage" x="23" y="10" z="7" spawntime="60" direction="2" />
		<monster name="minotaur archer" x="25" y="10" z="7" spawntime="60" direction="2" />
		<monster name="General Murius" x="26" y="10" z="7" spawntime="60" direction="2" />
		<monster name="minotaur guard" x="29" y="10" z="7" spawntime="60" direction="2" />
		<monster name="minotaur" x="34" y="10" z="7" spawntime="60" direction="2" />
		<monster name="minotaur" x="36" y="10" z="7" spawntime="60" direction="2" />
		<monster name="General Murius" x="41" y="10" z="7" spawntime="60" direction="2" />
		<monster name="minotaur" x="22" y="11" z="7" spawntime="60" direction="2" />
		<monster name="minotaur" x="24" y="11" z="7" spawntime="60" direction="2" />
		<monster name="minotaur guard" x="29" y="11" z="7" spawntime="60" direction="2" />
		<monster name="minotaur guard" x="33" y="11" z="7" spawntime="60" direction="2" />
		<monster name="minotaur mage" x="35" y="11" z="7" spawntime="60" direction="2" />
		<monster name="minotaur archer" x="37" y="11" z="7" spawntime="60" direction="2" />
		<monster name="minotaur guard" x="21" y="12" z="7" spawntime="60" direction="2" />
		<monster name="minotaur mage" x="23" y="12" z="7" spawntime="60" direction="2" />
		<monster name="minotaur archer" x="25" y="12" z="7" spawntime="60" direction="2" />
		<monster name="minotaur guard" x="29" y="12" z="7" spawntime="60" direction="2" />
		<monster name="minotaur" x="34" y="12" z="7" spawntime="60" direction="2" />
		<monster name="minotaur" x="36" y="12" z="7" spawntime="60" direction="2" />
		<monster name="minotaur" x="22" y="13" z="7" spawntime="60" direction="2" />
		<monster name="minotaur" x="24" y="13" z="7" spawntime="60" direction="2" />
		<monster name="minotaur guard" x="29" y="13" z="7" spawntime="60" direction="2" />
		<monster name="minotaur guard" x="33" y="13" z="7" spawntime="60" direction="2" />
		<monster name="minotaur mage" x="35" y="13" z="7" spawntime="60" direction="2" />
		<monster name="minotaur archer" x="37" y="13" z="7" spawntime="60" direction="2" />
		<monster name="elder beholder" x="-6" y="14" z="7" spawntime="60" direction="2" />
		<monster name="minotaur guard" x="21" y="14" z="7" spawntime="60" direction="2" />
		<monster name="minotaur mage" x="23" y="14" z="7" spawntime="60" direction="2" />
		<monster name="minotaur archer" x="25" y="14" z="7" spawntime="60" direction="2" />
		<monster name="minotaur" x="34" y="14" z="7" spawntime="60" direction="2" />
		<monster name="minotaur" x="36" y="14" z="7" spawntime="60" direction="2" />
		<monster name="minotaur" x="22" y="15" z="7" spawntime="60" direction="2" />
		<monster name="minotaur" x="24" y="15" z="7" spawntime="60" direction="2" />
		<monster name="General Murius" x="27" y="15" z="7" spawntime="60" direction="2" />
		<monster name="kongra" x="4" y="16" z="7" spawntime="60" direction="2" />
		<monster name="minotaur guard" x="21" y="16" z="7" spawntime="60" direction="2" />
		<monster name="minotaur mage" x="23" y="16" z="7" spawntime="60" direction="2" />
		<monster name="minotaur archer" x="25" y="16" z="7" spawntime="60" direction="2" />
		<monster name="elder beholder" x="5" y="18" z="7" spawntime="60" direction="2" />
		<monster name="scorpion" x="-21" y="19" z="7" spawntime="60" direction="2" />
		<monster name="elder beholder" x="-4" y="19" z="7" spawntime="60" direction="2" />
		<monster name="kongra" x="7" y="20" z="7" spawntime="60" direction="2" />
		<monster name="scorpion" x="-18" y="21" z="7" spawntime="60" direction="2" />
		<monster name="scorpion" x="-13" y="21" z="7" spawntime="60" direction="2" />
		<monster name="kongra" x="0" y="21" z="7" spawntime="60" direction="2" />
		<monster name="stone golem" x="-10" y="22" z="7" spawntime="60" direction="2" />
		<monster name="stone golem" x="-16" y="23" z="7" spawntime="60" direction="2" />
		<monster name="elder beholder" x="6" y="23" z="7" spawntime="60" direction="2" />
		<monster name="scorpion" x="-17" y="25" z="7" spawntime="60" direction="2" />
		<monster name="scorpion" x="-21" y="26" z="7" spawntime="60" direction="2" />
		<monster name="kongra" x="-7" y="26" z="7" spawntime="60" direction="2" />
		<monster name="elder beholder" x="-2" y="27" z="7" spawntime="60" direction="2" />
		<monster name="kongra" x="4" y="27" z="7" spawntime="60" direction="2" />
		<monster name="scorpion" x="-13" y="28" z="7" spawntime="60" direction="2" />
		<monster name="stone golem" x="-16" y="29" z="7" spawntime="60" direction="2" />
		<monster name="kongra" x="2" y="30" z="7" spawntime="60" direction="2" />
		<monster name="spit nettle" x="-21" y="31" z="7" spawntime="60" direction="2" />
		<monster name="spit nettle" x="-16" y="31" z="7" spawntime="60" direction="2" />
		<monster name="spit nettle" x="-12" y="31" z="7" spawntime="60" direction="2" />
		<monster name="elder beholder" x="2" y="33" z="7" spawntime="60" direction="2" />
		<monster name="giant spider" x="-21" y="35" z="7" spawntime="60" direction="2" />
		<monster name="giant spider" x="-11" y="35" z="7" spawntime="60" direction="2" />
		<monster name="kongra" x="4" y="35" z="7" spawntime="60" direction="2" />
		<monster name="stone golem" x="-16" y="36" z="7" spawntime="60" direction="2" />
		<monster name="hunter" x="6" y="36" z="7" spawntime="60" direction="2" />
		<monster name="elder beholder" x="8" y="37" z="7" spawntime="60" direction="2" />
		<monster name="giant spider" x="-21" y="38" z="7" spawntime="60" direction="2" />
		<monster name="giant spider" x="-14" y="38" z="7" spawntime="60" direction="2" />
		<monster name="kongra" x="6" y="40" z="7" spawntime="60" direction="2" />
		<monster name="hunter" x="5" y="44" z="7" spawntime="60" direction="2" />
		<monster name="elder beholder" x="8" y="46" z="7" spawntime="60" direction="2" />
	</spawn>
	<spawn centerx="207" centery="163" centerz="7" radius="5">
		<monster name="kongra" x="2" y="-1" z="7" spawntime="60" direction="2" />
		<monster name="sibang" x="-1" y="0" z="7" spawntime="60" direction="2" />
		<monster name="sibang" x="0" y="2" z="7" spawntime="60" direction="2" />
		<monster name="sibang" x="2" y="2" z="7" spawntime="60" direction="2" />
		<monster name="merlkin" x="4" y="3" z="7" spawntime="60" direction="2" />
		<monster name="sibang" x="5" y="4" z="7" spawntime="60" direction="2" />
	</spawn>
	<spawn centerx="216" centery="167" centerz="7" radius="5">
		<monster name="sibang" x="1" y="-2" z="7" spawntime="60" direction="2" />
		<monster name="merlkin" x="-2" y="0" z="7" spawntime="60" direction="2" />
		<monster name="kongra" x="1" y="0" z="7" spawntime="60" direction="2" />
	</spawn>
	<spawn centerx="237" centery="167" centerz="7" radius="5">
		<monster name="tarantula" x="3" y="0" z="7" spawntime="60" direction="2" />
		<monster name="tarantula" x="1" y="2" z="7" spawntime="60" direction="2" />
	</spawn>
	<spawn centerx="222" centery="168" centerz="7" radius="5">
		<monster name="elephant" x="4" y="-3" z="7" spawntime="60" direction="2" />
		<monster name="merlkin" x="0" y="-1" z="7" spawntime="60" direction="2" />
	</spawn>
	<spawn centerx="153" centery="169" centerz="7" radius="25">
		<monster name="terror bird" x="2" y="-6" z="7" spawntime="60" direction="2" />
		<monster name="terror bird" x="8" y="-5" z="7" spawntime="60" direction="2" />
		<monster name="terror bird" x="-2" y="-4" z="7" spawntime="60" direction="2" />
		<monster name="terror bird" x="5" y="-2" z="7" spawntime="60" direction="2" />
		<monster name="terror bird" x="2" y="1" z="7" spawntime="60" direction="2" />
		<monster name="terror bird" x="12" y="2" z="7" spawntime="60" direction="2" />
		<monster name="terror bird" x="-6" y="3" z="7" spawntime="60" direction="2" />
		<monster name="terror bird" x="7" y="3" z="7" spawntime="60" direction="2" />
		<monster name="terror bird" x="1" y="7" z="7" spawntime="60" direction="2" />
	</spawn>
	<spawn centerx="52" centery="217" centerz="7" radius="10">
		<monster name="Grorlam" x="1" y="-3" z="7" spawntime="60" direction="2" />
	</spawn>
	<spawn centerx="58" centery="238" centerz="7" radius="25">
		<monster name="kongra" x="4" y="-9" z="7" spawntime="60" direction="2" />
		<monster name="kongra" x="7" y="-8" z="7" spawntime="60" direction="2" />
		<monster name="kongra" x="9" y="-7" z="7" spawntime="60" direction="2" />
		<monster name="kongra" x="-19" y="-5" z="7" spawntime="60" direction="2" />
		<monster name="kongra" x="-4" y="-5" z="7" spawntime="60" direction="2" />
		<monster name="kongra" x="20" y="-5" z="7" spawntime="60" direction="2" />
		<monster name="kongra" x="-11" y="-4" z="7" spawntime="60" direction="2" />
		<monster name="kongra" x="24" y="-4" z="7" spawntime="60" direction="2" />
		<monster name="kongra" x="8" y="-2" z="7" spawntime="60" direction="2" />
		<monster name="kongra" x="19" y="-1" z="7" spawntime="60" direction="2" />
		<monster name="kongra" x="-1" y="0" z="7" spawntime="60" direction="2" />
		<monster name="kongra" x="25" y="0" z="7" spawntime="60" direction="2" />
		<monster name="kongra" x="-18" y="2" z="7" spawntime="60" direction="2" />
		<monster name="kongra" x="-11" y="3" z="7" spawntime="60" direction="2" />
		<monster name="kongra" x="6" y="3" z="7" spawntime="60" direction="2" />
		<monster name="kongra" x="21" y="3" z="7" spawntime="60" direction="2" />
		<monster name="kongra" x="-2" y="4" z="7" spawntime="60" direction="2" />
		<monster name="kongra" x="3" y="4" z="7" spawntime="60" direction="2" />
		<monster name="kongra" x="-22" y="6" z="7" spawntime="60" direction="2" />
		<monster name="kongra" x="-13" y="6" z="7" spawntime="60" direction="2" />
		<monster name="kongra" x="-7" y="6" z="7" spawntime="60" direction="2" />
		<monster name="kongra" x="14" y="7" z="7" spawntime="60" direction="2" />
		<monster name="kongra" x="13" y="11" z="7" spawntime="60" direction="2" />
	</spawn>
	<spawn centerx="243" centery="22" centerz="8" radius="5">
		<monster name="yeti" x="0" y="0" z="8" spawntime="60" direction="2" />
	</spawn>
	<spawn centerx="204" centery="28" centerz="8" radius="5">
		<monster name="frost troll" x="-3" y="-1" z="8" spawntime="60" direction="2" />
		<monster name="winter wolf" x="3" y="-1" z="8" spawntime="60" direction="2" />
		<monster name="frost troll" x="5" y="0" z="8" spawntime="60" direction="2" />
		<monster name="winter wolf" x="-3" y="1" z="8" spawntime="60" direction="2" />
		<monster name="frost troll" x="-1" y="1" z="8" spawntime="60" direction="2" />
		<monster name="winter wolf" x="3" y="1" z="8" spawntime="60" direction="2" />
		<monster name="winter wolf" x="-3" y="2" z="8" spawntime="60" direction="2" />
	</spawn>
	<spawn centerx="262" centery="28" centerz="8" radius="5">
		<monster name="yeti" x="1" y="1" z="8" spawntime="60" direction="2" />
	</spawn>
	<spawn centerx="151" centery="31" centerz="8" radius="5">
		<monster name="bug" x="0" y="-1" z="8" spawntime="60" direction="2" />
		<monster name="spider" x="2" y="-1" z="8" spawntime="60" direction="2" />
		<monster name="bug" x="2" y="1" z="8" spawntime="60" direction="2" />
		<monster name="spider" x="-1" y="3" z="8" spawntime="60" direction="2" />
	</spawn>
	<spawn centerx="36" centery="34" centerz="8" radius="10">
		<monster name="ghoul" x="-2" y="-5" z="8" spawntime="60" direction="2" />
		<monster name="ghoul" x="2" y="-5" z="8" spawntime="60" direction="2" />
		<monster name="priestess" x="-2" y="-2" z="8" spawntime="60" direction="2" />
		<monster name="skeleton" x="-1" y="-2" z="8" spawntime="60" direction="2" />
		<monster name="skeleton" x="0" y="-2" z="8" spawntime="60" direction="2" />
		<monster name="skeleton" x="1" y="-2" z="8" spawntime="60" direction="2" />
		<monster name="priestess" x="2" y="-2" z="8" spawntime="60" direction="2" />
		<monster name="ghoul" x="-7" y="-1" z="8" spawntime="60" direction="2" />
		<monster name="dark monk" x="-4" y="-1" z="8" spawntime="60" direction="2" />
		<monster name="ghost" x="0" y="-1" z="8" spawntime="60" direction="2" />
		<monster name="dark monk" x="2" y="-1" z="8" spawntime="60" direction="2" />
		<monster name="dark monk" x="4" y="-1" z="8" spawntime="60" direction="2" />
		<monster name="ghoul" x="7" y="-1" z="8" spawntime="60" direction="2" />
		<monster name="fire devil" x="-7" y="1" z="8" spawntime="60" direction="2" />
		<monster name="dark monk" x="-5" y="1" z="8" spawntime="60" direction="2" />
		<monster name="skeleton" x="-2" y="1" z="8" spawntime="60" direction="2" />
		<monster name="fire elemental" x="0" y="1" z="8" spawntime="60" direction="2" />
		<monster name="skeleton" x="2" y="1" z="8" spawntime="60" direction="2" />
		<monster name="dark monk" x="5" y="1" z="8" spawntime="60" direction="2" />
		<monster name="fire devil" x="7" y="1" z="8" spawntime="60" direction="2" />
		<monster name="mummy" x="-4" y="2" z="8" spawntime="60" direction="2" />
		<monster name="mummy" x="4" y="2" z="8" spawntime="60" direction="2" />
		<monster name="vampire" x="-7" y="3" z="8" spawntime="60" direction="2" />
		<monster name="demon skeleton" x="-2" y="3" z="8" spawntime="60" direction="2" />
		<monster name="banshee" x="0" y="3" z="8" spawntime="60" direction="2" />
		<monster name="demon skeleton" x="2" y="3" z="8" spawntime="60" direction="2" />
		<monster name="vampire" x="7" y="3" z="8" spawntime="60" direction="2" />
	</spawn>
	<spawn centerx="118" centery="35" centerz="8" radius="4">
		<monster name="bug" x="0" y="0" z="8" spawntime="10" direction="2" />
		<monster name="bug" x="1" y="0" z="8" spawntime="10" direction="2" />
		<monster name="spider" x="0" y="4" z="8" spawntime="60" direction="2" />
	</spawn>
	<spawn centerx="242" centery="36" centerz="8" radius="5">
		<monster name="yeti" x="-1" y="1" z="8" spawntime="60" direction="2" />
	</spawn>
	<spawn centerx="103" centery="37" centerz="8" radius="5">
		<monster name="rotworm" x="-1" y="1" z="8" spawntime="60" direction="2" />
		<monster name="rotworm" x="4" y="1" z="8" spawntime="60" direction="2" />
	</spawn>
	<spawn centerx="95" centery="38" centerz="8" radius="5">
		<monster name="rotworm" x="1" y="-1" z="8" spawntime="60" direction="2" />
		<monster name="rotworm" x="1" y="5" z="8" spawntime="60" direction="2" />
		<monster name="rotworm" x="5" y="5" z="8" spawntime="60" direction="2" />
	</spawn>
	<spawn centerx="161" centery="40" centerz="8" radius="5">
		<monster name="bug" x="1" y="-1" z="8" spawntime="60" direction="2" />
		<monster name="bug" x="-2" y="0" z="8" spawntime="60" direction="2" />
		<monster name="spider" x="3" y="0" z="8" spawntime="60" direction="2" />
	</spawn>
	<spawn centerx="118" centery="41" centerz="8" radius="4">
		<monster name="bug" x="0" y="0" z="8" spawntime="10" direction="2" />
		<monster name="bug" x="3" y="0" z="8" spawntime="60" direction="2" />
	</spawn>
	<spawn centerx="128" centery="41" centerz="8" radius="4">
		<monster name="bug" x="-1" y="-1" z="8" spawntime="60" direction="2" />
		<monster name="bug" x="0" y="0" z="8" spawntime="10" direction="2" />
		<monster name="bug" x="3" y="1" z="8" spawntime="60" direction="2" />
	</spawn>
	<spawn centerx="138" centery="41" centerz="8" radius="4">
		<monster name="spider" x="1" y="-3" z="8" spawntime="60" direction="2" />
		<monster name="bug" x="0" y="0" z="8" spawntime="10" direction="2" />
	</spawn>
	<spawn centerx="149" centery="41" centerz="8" radius="5">
		<monster name="bug" x="2" y="0" z="8" spawntime="60" direction="2" />
		<monster name="spider" x="-4" y="1" z="8" spawntime="60" direction="2" />
	</spawn>
	<spawn centerx="255" centery="44" centerz="8" radius="5">
		<monster name="yeti" x="1" y="0" z="8" spawntime="60" direction="2" />
	</spawn>
	<spawn centerx="97" centery="45" centerz="8" radius="5">
		<monster name="rotworm" x="0" y="4" z="8" spawntime="60" direction="2" />
	</spawn>
	<spawn centerx="108" centery="45" centerz="8" radius="5">
		<monster name="rotworm" x="0" y="-2" z="8" spawntime="60" direction="2" />
		<monster name="rotworm" x="-1" y="2" z="8" spawntime="60" direction="2" />
	</spawn>
	<spawn centerx="140" centery="48" centerz="8" radius="4">
		<monster name="spider" x="-1" y="-1" z="8" spawntime="60" direction="2" />
		<monster name="bug" x="0" y="0" z="8" spawntime="10" direction="2" />
		<monster name="spider" x="3" y="1" z="8" spawntime="60" direction="2" />
	</spawn>
	<spawn centerx="126" centery="51" centerz="8" radius="4">
		<monster name="spider" x="1" y="-2" z="8" spawntime="60" direction="2" />
		<monster name="bug" x="0" y="0" z="8" spawntime="10" direction="2" />
	</spawn>
	<spawn centerx="101" centery="52" centerz="8" radius="5">
		<monster name="rotworm" x="4" y="0" z="8" spawntime="60" direction="2" />
	</spawn>
	<spawn centerx="118" centery="52" centerz="8" radius="4">
		<monster name="bug" x="3" y="-1" z="8" spawntime="60" direction="2" />
		<monster name="slime" x="0" y="0" z="8" spawntime="10" direction="2" />
		<monster name="spider" x="1" y="0" z="8" spawntime="60" direction="2" />
	</spawn>
	<spawn centerx="112" centery="53" centerz="8" radius="5">
		<monster name="rotworm" x="-2" y="0" z="8" spawntime="60" direction="2" />
		<monster name="rotworm" x="1" y="2" z="8" spawntime="60" direction="2" />
	</spawn>
	<spawn centerx="37" centery="54" centerz="8" radius="5">
		<monster name="demon skeleton" x="0" y="0" z="8" spawntime="60" direction="2" />
	</spawn>
	<spawn centerx="165" centery="58" centerz="8" radius="1">
		<npc name="Sarina" x="0" y="0" z="8" spawntime="60" />
	</spawn>
	<spawn centerx="150" centery="61" centerz="8" radius="8">
		<monster name="rotworm" x="-5" y="-3" z="8" spawntime="60" direction="2" />
		<npc name="Eremo" x="6" y="-3" z="8" spawntime="60" />
		<monster name="rotworm" x="-8" y="3" z="8" spawntime="60" direction="2" />
		<monster name="rotworm" x="-1" y="4" z="8" spawntime="60" direction="2" />
		<monster name="rotworm" x="-5" y="7" z="8" spawntime="60" direction="2" />
	</spawn>
	<spawn centerx="96" centery="62" centerz="8" radius="5">
		<monster name="rotworm" x="0" y="-3" z="8" spawntime="60" direction="2" />
		<monster name="rotworm" x="0" y="0" z="8" spawntime="60" direction="2" />
		<monster name="rotworm" x="2" y="4" z="8" spawntime="60" direction="2" />
	</spawn>
	<spawn centerx="108" centery="62" centerz="8" radius="5">
		<monster name="rotworm" x="4" y="-3" z="8" spawntime="60" direction="2" />
		<monster name="rotworm" x="-2" y="0" z="8" spawntime="60" direction="2" />
		<monster name="rotworm" x="3" y="5" z="8" spawntime="60" direction="2" />
	</spawn>
	<spawn centerx="120" centery="63" centerz="8" radius="5">
		<monster name="rotworm" x="-5" y="0" z="8" spawntime="60" direction="2" />
	</spawn>
	<spawn centerx="133" centery="63" centerz="8" radius="7">
		<monster name="rotworm" x="4" y="-5" z="8" spawntime="60" direction="2" />
		<monster name="rotworm" x="-2" y="-1" z="8" spawntime="60" direction="2" />
		<monster name="rotworm" x="0" y="2" z="8" spawntime="60" direction="2" />
		<monster name="rotworm" x="4" y="6" z="8" spawntime="60" direction="2" />
	</spawn>
	<spawn centerx="163" centery="65" centerz="8" radius="5">
		<monster name="rotworm" x="1" y="-2" z="8" spawntime="60" direction="2" />
		<monster name="rotworm" x="-3" y="0" z="8" spawntime="60" direction="2" />
	</spawn>
	<spawn centerx="113" centery="67" centerz="8" radius="5">
		<monster name="rotworm" x="3" y="3" z="8" spawntime="60" direction="2" />
	</spawn>
	<spawn centerx="104" centery="69" centerz="8" radius="5">
		<monster name="rotworm" x="2" y="-1" z="8" spawntime="60" direction="2" />
		<monster name="rotworm" x="-1" y="4" z="8" spawntime="60" direction="2" />
	</spawn>
	<spawn centerx="144" centery="69" centerz="8" radius="7">
		<monster name="rotworm" x="-3" y="1" z="8" spawntime="60" direction="2" />
	</spawn>
	<spawn centerx="72" centery="70" centerz="8" radius="20">
		<monster name="demon skeleton" x="3" y="-11" z="8" spawntime="60" direction="2" />
		<monster name="demon skeleton" x="16" y="-10" z="8" spawntime="60" direction="2" />
		<monster name="demon skeleton" x="0" y="-7" z="8" spawntime="60" direction="2" />
		<monster name="demon skeleton" x="5" y="-7" z="8" spawntime="60" direction="2" />
		<monster name="demon skeleton" x="-12" y="-6" z="8" spawntime="60" direction="2" />
		<monster name="demon skeleton" x="1" y="0" z="8" spawntime="60" direction="2" />
		<monster name="demon skeleton" x="-6" y="1" z="8" spawntime="20" direction="2" />
		<monster name="demon skeleton" x="-12" y="7" z="8" spawntime="60" direction="2" />
		<monster name="demon skeleton" x="13" y="7" z="8" spawntime="20" direction="2" />
		<monster name="demon skeleton" x="15" y="7" z="8" spawntime="20" direction="2" />
		<monster name="demon skeleton" x="-7" y="10" z="8" spawntime="60" direction="2" />
		<monster name="demon skeleton" x="-4" y="10" z="8" spawntime="20" direction="2" />
		<monster name="demon skeleton" x="5" y="10" z="8" spawntime="60" direction="2" />
		<monster name="cyclops" x="-15" y="12" z="8" spawntime="60" direction="2" />
		<monster name="elder beholder" x="-19" y="19" z="8" spawntime="60" direction="2" />
		<monster name="cyclops" x="-10" y="20" z="8" spawntime="60" direction="2" />
		<monster name="behemoth" x="-9" y="20" z="8" spawntime="60" direction="2" />
	</spawn>
	<spawn centerx="187" centery="72" centerz="8" radius="8">
		<monster name="fire elemental" x="0" y="-4" z="8" spawntime="60" direction="2" />
		<monster name="fire elemental" x="6" y="-4" z="8" spawntime="60" direction="2" />
		<monster name="fire elemental" x="-6" y="0" z="8" spawntime="60" direction="2" />
		<monster name="fire elemental" x="-4" y="0" z="8" spawntime="60" direction="2" />
		<monster name="dragon lord" x="5" y="0" z="8" spawntime="60" direction="2" />
		<monster name="fire elemental" x="-5" y="1" z="8" spawntime="60" direction="2" />
		<monster name="dragon lord" x="7" y="1" z="8" spawntime="60" direction="2" />
		<monster name="fire elemental" x="-6" y="3" z="8" spawntime="60" direction="2" />
		<monster name="fire elemental" x="0" y="4" z="8" spawntime="60" direction="2" />
		<monster name="fire elemental" x="6" y="4" z="8" spawntime="60" direction="2" />
		<monster name="fire elemental" x="-8" y="7" z="8" spawntime="60" direction="2" />
	</spawn>
	<spawn centerx="199" centery="73" centerz="8" radius="5">
		<monster name="fire elemental" x="0" y="-5" z="8" spawntime="60" direction="2" />
		<monster name="fire elemental" x="-1" y="0" z="8" spawntime="60" direction="2" />
		<monster name="banshee" x="3" y="0" z="8" spawntime="60" direction="2" />
		<monster name="banshee" x="4" y="0" z="8" spawntime="60" direction="2" />
		<monster name="fire elemental" x="0" y="3" z="8" spawntime="60" direction="2" />
	</spawn>
	<spawn centerx="214" centery="73" centerz="8" radius="5">
		<monster name="fire elemental" x="1" y="-3" z="8" spawntime="60" direction="2" />
		<monster name="fire elemental" x="-2" y="-2" z="8" spawntime="60" direction="2" />
		<monster name="demon" x="0" y="-2" z="8" spawntime="60" direction="2" />
		<monster name="fire elemental" x="-3" y="0" z="8" spawntime="60" direction="2" />
		<monster name="demon" x="3" y="1" z="8" spawntime="60" direction="2" />
		<monster name="fire elemental" x="-2" y="2" z="8" spawntime="60" direction="2" />
		<monster name="demon" x="0" y="3" z="8" spawntime="60" direction="2" />
		<monster name="fire elemental" x="2" y="4" z="8" spawntime="60" direction="2" />
	</spawn>
	<spawn centerx="35" centery="74" centerz="8" radius="25">
		<monster name="cyclops" x="3" y="-3" z="8" spawntime="60" direction="2" />
		<monster name="cyclops" x="14" y="-2" z="8" spawntime="60" direction="2" />
		<monster name="behemoth" x="15" y="-2" z="8" spawntime="60" direction="2" />
		<monster name="cyclops" x="16" y="-2" z="8" spawntime="60" direction="2" />
		<monster name="cyclops" x="-1" y="0" z="8" spawntime="60" direction="2" />
		<monster name="cyclops" x="1" y="5" z="8" spawntime="60" direction="2" />
		<monster name="behemoth" x="15" y="5" z="8" spawntime="60" direction="2" />
		<monster name="cyclops" x="14" y="7" z="8" spawntime="60" direction="2" />
		<monster name="cyclops" x="16" y="7" z="8" spawntime="60" direction="2" />
		<monster name="cyclops" x="-2" y="12" z="8" spawntime="60" direction="2" />
		<monster name="behemoth" x="-1" y="12" z="8" spawntime="60" direction="2" />
		<monster name="cyclops" x="0" y="12" z="8" spawntime="60" direction="2" />
		<monster name="cyclops" x="9" y="13" z="8" spawntime="60" direction="2" />
		<monster name="cyclops" x="13" y="17" z="8" spawntime="60" direction="2" />
		<monster name="elder beholder" x="18" y="17" z="8" spawntime="60" direction="2" />
		<monster name="elder beholder" x="18" y="19" z="8" spawntime="60" direction="2" />
		<monster name="cyclops" x="22" y="20" z="8" spawntime="60" direction="2" />
		<monster name="cyclops" x="24" y="20" z="8" spawntime="60" direction="2" />
		<monster name="elder beholder" x="18" y="21" z="8" spawntime="60" direction="2" />
		<monster name="cyclops" x="-2" y="22" z="8" spawntime="60" direction="2" />
		<monster name="behemoth" x="23" y="22" z="8" spawntime="60" direction="2" />
		<monster name="cyclops" x="9" y="23" z="8" spawntime="60" direction="2" />
		<monster name="behemoth" x="10" y="23" z="8" spawntime="60" direction="2" />
		<monster name="cyclops" x="11" y="23" z="8" spawntime="60" direction="2" />
		<monster name="elder beholder" x="18" y="23" z="8" spawntime="60" direction="2" />
		<monster name="cyclops" x="-5" y="24" z="8" spawntime="60" direction="2" />
		<monster name="elder beholder" x="18" y="25" z="8" spawntime="60" direction="2" />
		<monster name="cyclops" x="25" y="25" z="8" spawntime="60" direction="2" />
	</spawn>
	<spawn centerx="97" centery="74" centerz="8" radius="5">
		<monster name="rotworm" x="-1" y="-3" z="8" spawntime="60" direction="2" />
		<monster name="rotworm" x="1" y="1" z="8" spawntime="60" direction="2" />
	</spawn>
	<spawn centerx="116" centery="74" centerz="8" radius="5">
		<monster name="rotworm" x="-1" y="1" z="8" spawntime="60" direction="2" />
		<monster name="cyclops" x="4" y="1" z="8" spawntime="60" direction="2" />
	</spawn>
	<spawn centerx="126" centery="74" centerz="8" radius="5">
		<monster name="cyclops" x="-4" y="-1" z="8" spawntime="60" direction="2" />
	</spawn>
	<spawn centerx="107" centery="75" centerz="8" radius="5">
		<monster name="rotworm" x="3" y="0" z="8" spawntime="60" direction="2" />
	</spawn>
	<spawn centerx="181" centery="75" centerz="8" radius="8">
		<monster name="fire elemental" x="-4" y="-6" z="8" spawntime="60" direction="2" />
		<monster name="fire elemental" x="-6" y="-2" z="8" spawntime="60" direction="2" />
		<monster name="fire elemental" x="-5" y="8" z="8" spawntime="60" direction="2" />
	</spawn>
	<spawn centerx="127" centery="83" centerz="8" radius="5">
		<monster name="cyclops" x="-3" y="-2" z="8" spawntime="60" direction="2" />
		<monster name="ghoul" x="-2" y="-2" z="8" spawntime="60" direction="2" />
		<monster name="ghoul" x="2" y="-2" z="8" spawntime="60" direction="2" />
		<monster name="cyclops" x="3" y="-2" z="8" spawntime="60" direction="2" />
		<monster name="ghoul" x="-2" y="0" z="8" spawntime="60" direction="2" />
		<monster name="ghoul" x="2" y="0" z="8" spawntime="60" direction="2" />
		<monster name="ghoul" x="-2" y="2" z="8" spawntime="60" direction="2" />
		<monster name="ghoul" x="2" y="2" z="8" spawntime="60" direction="2" />
		<monster name="cyclops" x="-4" y="3" z="8" spawntime="60" direction="2" />
		<monster name="necromancer" x="0" y="3" z="8" spawntime="60" direction="2" />
		<monster name="cyclops" x="4" y="3" z="8" spawntime="60" direction="2" />
	</spawn>
	<spawn centerx="147" centery="85" centerz="8" radius="12">
		<monster name="vampire" x="-3" y="-4" z="8" spawntime="60" direction="2" />
		<monster name="fire elemental" x="9" y="-1" z="8" spawntime="60" direction="2" />
		<monster name="fire elemental" x="5" y="0" z="8" spawntime="60" direction="2" />
		<monster name="fire elemental" x="12" y="0" z="8" spawntime="60" direction="2" />
		<monster name="fire devil" x="-2" y="4" z="8" spawntime="60" direction="2" />
		<monster name="ghoul" x="-6" y="12" z="8" spawntime="60" direction="2" />
	</spawn>
	<spawn centerx="176" centery="85" centerz="8" radius="5">
		<monster name="demon" x="0" y="0" z="8" spawntime="60" direction="2" />
		<monster name="fire elemental" x="0" y="1" z="8" spawntime="60" direction="2" />
	</spawn>
	<spawn centerx="253" centery="88" centerz="8" radius="5">
		<monster name="crypt shambler" x="1" y="-1" z="8" spawntime="60" direction="2" />
		<monster name="crypt shambler" x="-3" y="3" z="8" spawntime="60" direction="2" />
	</spawn>
	<spawn centerx="275" centery="88" centerz="8" radius="5">
		<monster name="crypt shambler" x="0" y="2" z="8" spawntime="60" direction="2" />
	</spawn>
	<spawn centerx="250" centery="97" centerz="8" radius="5">
		<monster name="crypt shambler" x="1" y="0" z="8" spawntime="60" direction="2" />
		<monster name="crypt shambler" x="-3" y="1" z="8" spawntime="60" direction="2" />
		<monster name="crypt shambler" x="5" y="1" z="8" spawntime="60" direction="2" />
		<monster name="crypt shambler" x="-1" y="2" z="8" spawntime="60" direction="2" />
	</spawn>
	<spawn centerx="257" centery="97" centerz="8" radius="5">
		<monster name="crypt shambler" x="5" y="0" z="8" spawntime="60" direction="2" />
	</spawn>
	<spawn centerx="274" centery="97" centerz="8" radius="5">
		<monster name="crypt shambler" x="-1" y="-3" z="8" spawntime="60" direction="2" />
		<monster name="crypt shambler" x="-5" y="-1" z="8" spawntime="60" direction="2" />
		<monster name="crypt shambler" x="-3" y="2" z="8" spawntime="60" direction="2" />
	</spawn>
	<spawn centerx="236" centery="98" centerz="8" radius="5">
		<monster name="crypt shambler" x="-2" y="-1" z="8" spawntime="60" direction="2" />
		<monster name="crypt shambler" x="-4" y="0" z="8" spawntime="60" direction="2" />
		<monster name="crypt shambler" x="5" y="0" z="8" spawntime="60" direction="2" />
	</spawn>
	<spawn centerx="266" centery="98" centerz="8" radius="5">
		<monster name="crypt shambler" x="2" y="3" z="8" spawntime="60" direction="2" />
	</spawn>
	<spawn centerx="107" centery="99" centerz="8" radius="5">
		<monster name="tarantula" x="-1" y="-2" z="8" spawntime="60" direction="2" />
		<monster name="spider" x="3" y="-2" z="8" spawntime="60" direction="2" />
		<monster name="spider" x="0" y="-1" z="8" spawntime="60" direction="2" />
		<monster name="spider" x="2" y="-1" z="8" spawntime="60" direction="2" />
		<monster name="spider" x="0" y="1" z="8" spawntime="60" direction="2" />
		<monster name="spider" x="2" y="1" z="8" spawntime="60" direction="2" />
		<monster name="spider" x="-1" y="2" z="8" spawntime="60" direction="2" />
		<monster name="giant spider" x="3" y="2" z="8" spawntime="60" direction="2" />
	</spawn>
	<spawn centerx="134" centery="99" centerz="8" radius="8">
		<monster name="ghoul" x="-7" y="-2" z="8" spawntime="60" direction="2" />
		<monster name="ghoul" x="-1" y="-2" z="8" spawntime="60" direction="2" />
		<monster name="ghoul" x="-4" y="0" z="8" spawntime="60" direction="2" />
		<monster name="ghoul" x="4" y="1" z="8" spawntime="60" direction="2" />
	</spawn>
	<spawn centerx="182" centery="99" centerz="8" radius="5">
		<monster name="behemoth" x="-1" y="-1" z="8" spawntime="60" direction="2" />
		<monster name="behemoth" x="0" y="1" z="8" spawntime="60" direction="2" />
	</spawn>
	<spawn centerx="274" centery="106" centerz="8" radius="5">
		<monster name="crypt shambler" x="2" y="-1" z="8" spawntime="60" direction="2" />
	</spawn>
	<spawn centerx="205" centery="107" centerz="8" radius="7">
		<monster name="behemoth" x="-4" y="-3" z="8" spawntime="60" direction="2" />
		<monster name="demon" x="0" y="-1" z="8" spawntime="60" direction="2" />
		<monster name="warlock" x="-5" y="2" z="8" spawntime="60" direction="2" />
		<monster name="warlock" x="3" y="3" z="8" spawntime="60" direction="2" />
		<monster name="behemoth" x="0" y="5" z="8" spawntime="60" direction="2" />
	</spawn>
	<spawn centerx="232" centery="108" centerz="8" radius="5">
		<monster name="crypt shambler" x="-1" y="-3" z="8" spawntime="60" direction="2" />
		<monster name="Bone Beast" x="5" y="-1" z="8" spawntime="60" direction="2" />
		<monster name="Bone Beast" x="-2" y="0" z="8" spawntime="60" direction="2" />
		<monster name="Bone Beast" x="2" y="0" z="8" spawntime="60" direction="2" />
	</spawn>
	<spawn centerx="238" centery="108" centerz="8" radius="5" />
	<spawn centerx="250" centery="108" centerz="8" radius="5">
		<monster name="crypt shambler" x="1" y="-2" z="8" spawntime="60" direction="2" />
		<monster name="crypt shambler" x="-2" y="-1" z="8" spawntime="60" direction="2" />
		<monster name="crypt shambler" x="3" y="0" z="8" spawntime="60" direction="2" />
		<monster name="crypt shambler" x="1" y="2" z="8" spawntime="60" direction="2" />
		<monster name="crypt shambler" x="0" y="4" z="8" spawntime="60" direction="2" />
	</spawn>
	<spawn centerx="222" centery="110" centerz="8" radius="5">
		<monster name="Bone Beast" x="1" y="-3" z="8" spawntime="60" direction="2" />
		<monster name="Bone Beast" x="0" y="3" z="8" spawntime="60" direction="2" />
	</spawn>
	<spawn centerx="146" centery="113" centerz="8" radius="5">
		<monster name="demon skeleton" x="2" y="-1" z="8" spawntime="60" direction="2" />
		<monster name="necromancer" x="-2" y="0" z="8" spawntime="60" direction="2" />
	</spawn>
	<spawn centerx="188" centery="113" centerz="8" radius="5">
		<monster name="behemoth" x="-3" y="-2" z="8" spawntime="60" direction="2" />
		<monster name="behemoth" x="-2" y="1" z="8" spawntime="60" direction="2" />
		<monster name="behemoth" x="-2" y="3" z="8" spawntime="60" direction="2" />
	</spawn>
	<spawn centerx="85" centery="116" centerz="8" radius="5">
		<monster name="necromancer" x="1" y="-2" z="8" spawntime="60" direction="2" />
	</spawn>
	<spawn centerx="196" centery="120" centerz="8" radius="5">
		<monster name="warlock" x="3" y="-2" z="8" spawntime="60" direction="2" />
		<monster name="warlock" x="-2" y="-1" z="8" spawntime="60" direction="2" />
		<monster name="warlock" x="-5" y="4" z="8" spawntime="60" direction="2" />
	</spawn>
	<spawn centerx="217" centery="120" centerz="8" radius="5">
		<monster name="Bone Beast" x="1" y="-2" z="8" spawntime="60" direction="2" />
		<monster name="Bone Beast" x="-2" y="3" z="8" spawntime="60" direction="2" />
	</spawn>
	<spawn centerx="109" centery="125" centerz="8" radius="5">
		<monster name="dragon" x="-3" y="0" z="8" spawntime="60" direction="2" />
	</spawn>
	<spawn centerx="142" centery="125" centerz="8" radius="5">
		<monster name="dwarf" x="3" y="-2" z="8" spawntime="60" direction="2" />
		<monster name="dwarf" x="-2" y="-1" z="8" spawntime="60" direction="2" />
		<monster name="dwarf" x="-2" y="3" z="8" spawntime="60" direction="2" />
	</spawn>
	<spawn centerx="151" centery="125" centerz="8" radius="5">
		<monster name="dwarf" x="4" y="-2" z="8" spawntime="60" direction="2" />
		<monster name="dwarf" x="2" y="-1" z="8" spawntime="60" direction="2" />
		<monster name="dwarf" x="-3" y="1" z="8" spawntime="60" direction="2" />
		<monster name="dwarf" x="3" y="4" z="8" spawntime="60" direction="2" />
	</spawn>
	<spawn centerx="189" centery="126" centerz="8" radius="5">
		<monster name="warlock" x="-1" y="-1" z="8" spawntime="60" direction="2" />
	</spawn>
	<spawn centerx="238" centery="126" centerz="8" radius="10">
		<monster name="ghost" x="-5" y="-1" z="8" spawntime="60" direction="2" />
		<monster name="ghost" x="-1" y="-1" z="8" spawntime="60" direction="2" />
		<monster name="ghost" x="1" y="-1" z="8" spawntime="60" direction="2" />
		<monster name="Bone Beast" x="3" y="-1" z="8" spawntime="60" direction="2" />
		<monster name="skeleton" x="-5" y="0" z="8" spawntime="60" direction="2" />
		<monster name="demon skeleton" x="-4" y="0" z="8" spawntime="60" direction="2" />
		<monster name="demon skeleton" x="-3" y="0" z="8" spawntime="60" direction="2" />
		<monster name="demon skeleton" x="-2" y="0" z="8" spawntime="60" direction="2" />
		<monster name="ghost" x="-5" y="1" z="8" spawntime="60" direction="2" />
		<monster name="demon skeleton" x="-5" y="2" z="8" spawntime="60" direction="2" />
		<monster name="skeleton" x="-2" y="2" z="8" spawntime="60" direction="2" />
	</spawn>
	<spawn centerx="134" centery="127" centerz="8" radius="5">
		<monster name="dwarf soldier" x="-4" y="-2" z="8" spawntime="60" direction="2" />
		<monster name="dwarf" x="2" y="-1" z="8" spawntime="60" direction="2" />
		<monster name="dwarf soldier" x="-3" y="1" z="8" spawntime="60" direction="2" />
	</spawn>
	<spawn centerx="91" centery="130" centerz="8" radius="5">
		<monster name="hero" x="0" y="-3" z="8" spawntime="60" direction="2" />
		<monster name="hero" x="-1" y="0" z="8" spawntime="60" direction="2" />
	</spawn>
	<spawn centerx="158" centery="132" centerz="8" radius="5">
		<monster name="dwarf" x="3" y="0" z="8" spawntime="60" direction="2" />
		<monster name="dwarf" x="-2" y="3" z="8" spawntime="60" direction="2" />
	</spawn>
	<spawn centerx="176" centery="132" centerz="8" radius="5">
		<monster name="fire elemental" x="0" y="-5" z="8" spawntime="60" direction="2" />
		<monster name="demon" x="2" y="-4" z="8" spawntime="60" direction="2" />
		<monster name="fire elemental" x="-2" y="-2" z="8" spawntime="60" direction="2" />
		<monster name="fire elemental" x="2" y="-2" z="8" spawntime="60" direction="2" />
		<monster name="demon" x="-1" y="0" z="8" spawntime="60" direction="2" />
		<monster name="fire elemental" x="-2" y="1" z="8" spawntime="60" direction="2" />
	</spawn>
	<spawn centerx="64" centery="137" centerz="8" radius="5">
		<monster name="dragon lord" x="-3" y="0" z="8" spawntime="60" direction="2" />
		<monster name="dragon lord" x="-3" y="2" z="8" spawntime="60" direction="2" />
	</spawn>
	<spawn centerx="141" centery="152" centerz="8" radius="5">
		<monster name="orc berserker" x="-3" y="-2" z="8" spawntime="60" direction="2" />
		<monster name="orc berserker" x="0" y="-2" z="8" spawntime="60" direction="2" />
		<monster name="orc warlord" x="3" y="-2" z="8" spawntime="60" direction="2" />
		<monster name="orc warlord" x="-3" y="1" z="8" spawntime="60" direction="2" />
		<monster name="orc berserker" x="2" y="1" z="8" spawntime="60" direction="2" />
		<monster name="orc berserker" x="4" y="2" z="8" spawntime="60" direction="2" />
		<monster name="orc leader" x="-3" y="4" z="8" spawntime="60" direction="2" />
	</spawn>
	<spawn centerx="90" centery="156" centerz="8" radius="10">
		<monster name="dragon lord" x="3" y="3" z="8" spawntime="60" direction="2" />
		<monster name="hydra" x="-5" y="6" z="8" spawntime="60" direction="2" />
	</spawn>
	<spawn centerx="221" centery="156" centerz="8" radius="10">
		<monster name="Rahemos" x="-6" y="-8" z="8" spawntime="60" direction="2" />
		<monster name="Omruc" x="-5" y="-8" z="8" spawntime="60" direction="2" />
		<monster name="efreet" x="-2" y="-8" z="8" spawntime="60" direction="2" />
		<monster name="marid" x="-1" y="-8" z="8" spawntime="60" direction="2" />
		<monster name="marid" x="2" y="-8" z="8" spawntime="60" direction="2" />
		<monster name="marid" x="3" y="-8" z="8" spawntime="60" direction="2" />
		<monster name="Rahemos" x="5" y="-8" z="8" spawntime="60" direction="2" />
		<monster name="Rahemos" x="6" y="-8" z="8" spawntime="60" direction="2" />
		<monster name="Ashmunrah" x="-7" y="-7" z="8" spawntime="60" direction="2" />
		<monster name="Mahrdis" x="-6" y="-7" z="8" spawntime="60" direction="2" />
		<monster name="Dipthrah" x="-7" y="-6" z="8" spawntime="60" direction="2" />
		<monster name="Thalas" x="-6" y="-6" z="8" spawntime="60" direction="2" />
		<monster name="Morguthis" x="-5" y="-6" z="8" spawntime="60" direction="2" />
		<monster name="ancient scarab" x="2" y="-6" z="8" spawntime="60" direction="2" />
		<monster name="ancient scarab" x="3" y="-6" z="8" spawntime="60" direction="2" />
		<monster name="Mahrdis" x="0" y="-5" z="8" spawntime="60" direction="2" />
		<monster name="Dipthrah" x="1" y="-5" z="8" spawntime="60" direction="2" />
		<monster name="Thalas" x="-6" y="-4" z="8" spawntime="60" direction="2" />
		<monster name="Dipthrah" x="-5" y="-4" z="8" spawntime="60" direction="2" />
		<monster name="efreet" x="-2" y="-4" z="8" spawntime="60" direction="2" />
		<monster name="ancient scarab" x="3" y="-4" z="8" spawntime="60" direction="2" />
		<monster name="ancient scarab" x="4" y="-4" z="8" spawntime="60" direction="2" />
		<monster name="Omruc" x="6" y="-4" z="8" spawntime="60" direction="2" />
		<monster name="Rahemos" x="7" y="-4" z="8" spawntime="60" direction="2" />
		<monster name="efreet" x="-2" y="-3" z="8" spawntime="60" direction="2" />
		<monster name="Omruc" x="0" y="-3" z="8" spawntime="60" direction="2" />
		<monster name="lich" x="-7" y="-2" z="8" spawntime="60" direction="2" />
		<monster name="lich" x="-6" y="-2" z="8" spawntime="60" direction="2" />
		<monster name="Dipthrah" x="2" y="-2" z="8" spawntime="60" direction="2" />
		<monster name="Ashmunrah" x="3" y="-2" z="8" spawntime="60" direction="2" />
		<monster name="Morguthis" x="-2" y="-1" z="8" spawntime="60" direction="2" />
		<monster name="lich" x="-7" y="0" z="8" spawntime="60" direction="2" />
		<monster name="lich" x="-5" y="0" z="8" spawntime="60" direction="2" />
		<monster name="lich" x="-4" y="0" z="8" spawntime="60" direction="2" />
		<monster name="Thalas" x="-2" y="0" z="8" spawntime="60" direction="2" />
		<monster name="Thalas" x="2" y="0" z="8" spawntime="60" direction="2" />
		<monster name="Ashmunrah" x="3" y="0" z="8" spawntime="60" direction="2" />
		<monster name="Ashmunrah" x="6" y="0" z="8" spawntime="60" direction="2" />
		<monster name="Omruc" x="7" y="0" z="8" spawntime="60" direction="2" />
		<monster name="lich" x="-7" y="1" z="8" spawntime="60" direction="2" />
		<monster name="Dipthrah" x="7" y="1" z="8" spawntime="60" direction="2" />
		<monster name="ancient scarab" x="-5" y="2" z="8" spawntime="60" direction="2" />
		<monster name="ancient scarab" x="-3" y="2" z="8" spawntime="60" direction="2" />
		<monster name="ancient scarab" x="-1" y="2" z="8" spawntime="60" direction="2" />
		<monster name="ancient scarab" x="1" y="2" z="8" spawntime="60" direction="2" />
		<monster name="ancient scarab" x="4" y="2" z="8" spawntime="60" direction="2" />
		<monster name="ancient scarab" x="5" y="2" z="8" spawntime="60" direction="2" />
		<monster name="lich" x="-7" y="3" z="8" spawntime="60" direction="2" />
		<monster name="ancient scarab" x="-3" y="3" z="8" spawntime="60" direction="2" />
		<monster name="ancient scarab" x="-1" y="3" z="8" spawntime="60" direction="2" />
		<monster name="ancient scarab" x="1" y="3" z="8" spawntime="60" direction="2" />
		<monster name="ancient scarab" x="3" y="3" z="8" spawntime="60" direction="2" />
		<monster name="ancient scarab" x="3" y="4" z="8" spawntime="60" direction="2" />
		<monster name="Ashmunrah" x="7" y="4" z="8" spawntime="60" direction="2" />
		<monster name="ancient scarab" x="-7" y="5" z="8" spawntime="60" direction="2" />
		<monster name="ancient scarab" x="-6" y="5" z="8" spawntime="60" direction="2" />
		<monster name="ancient scarab" x="-3" y="5" z="8" spawntime="60" direction="2" />
		<monster name="ancient scarab" x="-2" y="5" z="8" spawntime="60" direction="2" />
		<monster name="ancient scarab" x="1" y="5" z="8" spawntime="60" direction="2" />
		<monster name="ancient scarab" x="2" y="5" z="8" spawntime="60" direction="2" />
		<monster name="Ashmunrah" x="6" y="5" z="8" spawntime="60" direction="2" />
		<monster name="Omruc" x="7" y="5" z="8" spawntime="60" direction="2" />
	</spawn>
	<spawn centerx="63" centery="157" centerz="8" radius="20">
		<monster name="dragon lord" x="12" y="-13" z="8" spawntime="60" direction="2" />
		<monster name="dragon lord" x="2" y="-2" z="8" spawntime="60" direction="2" />
		<monster name="hydra" x="11" y="4" z="8" spawntime="60" direction="2" />
		<monster name="dragon lord" x="-8" y="6" z="8" spawntime="60" direction="2" />
		<monster name="dragon lord" x="-5" y="9" z="8" spawntime="60" direction="2" />
		<monster name="hydra" x="14" y="11" z="8" spawntime="60" direction="2" />
		<monster name="elder beholder" x="-1" y="17" z="8" spawntime="60" direction="2" />
		<monster name="hydra" x="10" y="17" z="8" spawntime="60" direction="2" />
	</spawn>
	<spawn centerx="124" centery="158" centerz="8" radius="5">
		<monster name="orc warlord" x="2" y="-4" z="8" spawntime="60" direction="2" />
		<monster name="orc rider" x="-2" y="-1" z="8" spawntime="60" direction="2" />
		<monster name="orc rider" x="1" y="1" z="8" spawntime="60" direction="2" />
		<monster name="orc leader" x="4" y="1" z="8" spawntime="60" direction="2" />
	</spawn>
	<spawn centerx="155" centery="160" centerz="8" radius="5">
		<monster name="orc warlord" x="-4" y="-1" z="8" spawntime="60" direction="2" />
		<monster name="orc warlord" x="1" y="-1" z="8" spawntime="60" direction="2" />
		<monster name="orc berserker" x="-1" y="0" z="8" spawntime="60" direction="2" />
		<monster name="orc berserker" x="1" y="2" z="8" spawntime="60" direction="2" />
	</spawn>
	<spawn centerx="138" centery="167" centerz="8" radius="5">
		<monster name="orc warlord" x="0" y="-5" z="8" spawntime="60" direction="2" />
		<monster name="orc berserker" x="-2" y="-2" z="8" spawntime="60" direction="2" />
		<monster name="orc warlord" x="-5" y="0" z="8" spawntime="60" direction="2" />
		<monster name="orc leader" x="5" y="0" z="8" spawntime="60" direction="2" />
		<monster name="orc warlord" x="3" y="2" z="8" spawntime="60" direction="2" />
		<monster name="orc berserker" x="0" y="4" z="8" spawntime="60" direction="2" />
	</spawn>
	<spawn centerx="219" centery="174" centerz="8" radius="8">
		<monster name="hydra" x="3" y="-5" z="8" spawntime="60" direction="2" />
	</spawn>
	<spawn centerx="221" centery="187" centerz="8" radius="5">
		<monster name="hydra" x="1" y="-4" z="8" spawntime="60" direction="2" />
		<monster name="hydra" x="3" y="1" z="8" spawntime="60" direction="2" />
	</spawn>
	<spawn centerx="75" centery="189" centerz="8" radius="100">
		<monster name="cyclops" x="-12" y="-98" z="8" spawntime="60" direction="2" />
		<monster name="cyclops" x="-13" y="-90" z="8" spawntime="60" direction="2" />
		<monster name="behemoth" x="-13" y="-89" z="8" spawntime="60" direction="2" />
		<monster name="elder beholder" x="-22" y="-88" z="8" spawntime="60" direction="2" />
		<monster name="hydra" x="11" y="-20" z="8" spawntime="60" direction="2" />
		<monster name="hydra" x="12" y="-14" z="8" spawntime="60" direction="2" />
		<monster name="elder beholder" x="19" y="-13" z="8" spawntime="60" direction="2" />
		<monster name="hydra" x="28" y="-13" z="8" spawntime="60" direction="2" />
		<monster name="Grorlam" x="19" y="-11" z="8" spawntime="60" direction="2" />
		<monster name="elder beholder" x="1" y="-10" z="8" spawntime="60" direction="2" />
		<monster name="elder beholder" x="19" y="-10" z="8" spawntime="60" direction="2" />
		<monster name="hydra" x="35" y="-10" z="8" spawntime="60" direction="2" />
		<monster name="Grorlam" x="1" y="-9" z="8" spawntime="60" direction="2" />
		<monster name="elder beholder" x="-23" y="-8" z="8" spawntime="60" direction="2" />
		<monster name="elder beholder" x="-11" y="-8" z="8" spawntime="60" direction="2" />
		<monster name="elder beholder" x="8" y="-8" z="8" spawntime="60" direction="2" />
		<monster name="elder beholder" x="1" y="-7" z="8" spawntime="60" direction="2" />
		<monster name="Grorlam" x="8" y="-7" z="8" spawntime="60" direction="2" />
		<monster name="elder beholder" x="8" y="-5" z="8" spawntime="60" direction="2" />
		<monster name="hydra" x="23" y="-4" z="8" spawntime="60" direction="2" />
		<monster name="elder beholder" x="-8" y="-1" z="8" spawntime="60" direction="2" />
		<monster name="elder beholder" x="1" y="1" z="8" spawntime="60" direction="2" />
		<monster name="elder beholder" x="20" y="2" z="8" spawntime="60" direction="2" />
		<monster name="elder beholder" x="-19" y="4" z="8" spawntime="60" direction="2" />
		<monster name="Grorlam" x="20" y="4" z="8" spawntime="60" direction="2" />
		<monster name="elder beholder" x="20" y="6" z="8" spawntime="60" direction="2" />
		<monster name="elder beholder" x="-13" y="7" z="8" spawntime="60" direction="2" />
		<monster name="elder beholder" x="3" y="10" z="8" spawntime="60" direction="2" />
		<monster name="Grorlam" x="6" y="10" z="8" spawntime="60" direction="2" />
		<monster name="elder beholder" x="9" y="10" z="8" spawntime="60" direction="2" />
		<monster name="elder beholder" x="-10" y="13" z="8" spawntime="60" direction="2" />
		<monster name="Grorlam" x="-7" y="13" z="8" spawntime="60" direction="2" />
		<monster name="elder beholder" x="-4" y="13" z="8" spawntime="60" direction="2" />
		<monster name="fire elemental" x="-40" y="17" z="8" spawntime="60" direction="2" />
		<monster name="fire elemental" x="-36" y="17" z="8" spawntime="60" direction="2" />
		<monster name="fire elemental" x="-36" y="25" z="8" spawntime="60" direction="2" />
		<monster name="fire elemental" x="-32" y="26" z="8" spawntime="60" direction="2" />
		<monster name="demon" x="-34" y="28" z="8" spawntime="60" direction="2" />
		<monster name="fire elemental" x="-32" y="30" z="8" spawntime="60" direction="2" />
		<monster name="fire elemental" x="-36" y="31" z="8" spawntime="60" direction="2" />
	</spawn>
	<spawn centerx="225" centery="195" centerz="8" radius="5">
		<monster name="hydra" x="0" y="-2" z="8" spawntime="60" direction="2" />
		<monster name="hydra" x="-1" y="2" z="8" spawntime="60" direction="2" />
		<monster name="hydra" x="2" y="3" z="8" spawntime="60" direction="2" />
	</spawn>
	<spawn centerx="32" centery="30" centerz="9" radius="5">
		<monster name="fire elemental" x="0" y="1" z="9" spawntime="60" direction="2" />
		<monster name="dragon" x="1" y="1" z="9" spawntime="60" direction="2" />
		<monster name="fire elemental" x="3" y="1" z="9" spawntime="60" direction="2" />
		<monster name="skeleton" x="1" y="5" z="9" spawntime="60" direction="2" />
	</spawn>
	<spawn centerx="149" centery="37" centerz="9" radius="10">
		<monster name="slime" x="2" y="-7" z="9" spawntime="60" direction="2" />
		<monster name="slime" x="9" y="-6" z="9" spawntime="60" direction="2" />
		<monster name="slime" x="-2" y="-3" z="9" spawntime="60" direction="2" />
		<monster name="slime" x="4" y="5" z="9" spawntime="60" direction="2" />
	</spawn>
	<spawn centerx="248" centery="59" centerz="9" radius="50">
		<monster name="yeti" x="-10" y="-30" z="9" spawntime="60" direction="2" />
		<monster name="yeti" x="-15" y="-27" z="9" spawntime="60" direction="2" />
		<monster name="yeti" x="-10" y="-24" z="9" spawntime="60" direction="2" />
		<monster name="yeti" x="0" y="-24" z="9" spawntime="60" direction="2" />
		<monster name="yeti" x="-3" y="-21" z="9" spawntime="60" direction="2" />
		<monster name="yeti" x="-6" y="-18" z="9" spawntime="60" direction="2" />
		<monster name="yeti" x="0" y="-17" z="9" spawntime="60" direction="2" />
		<monster name="yeti" x="6" y="-12" z="9" spawntime="60" direction="2" />
		<monster name="yeti" x="6" y="-5" z="9" spawntime="60" direction="2" />
		<monster name="yeti" x="-3" y="-3" z="9" spawntime="60" direction="2" />
		<monster name="yeti" x="1" y="-2" z="9" spawntime="60" direction="2" />
		<monster name="yeti" x="8" y="1" z="9" spawntime="60" direction="2" />
		<monster name="yeti" x="-4" y="2" z="9" spawntime="60" direction="2" />
		<monster name="yeti" x="3" y="4" z="9" spawntime="60" direction="2" />
		<monster name="yeti" x="-7" y="5" z="9" spawntime="60" direction="2" />
		<monster name="yeti" x="-1" y="5" z="9" spawntime="60" direction="2" />
		<monster name="yeti" x="8" y="6" z="9" spawntime="60" direction="2" />
		<monster name="Orshabaal" x="-37" y="30" z="9" spawntime="60" direction="2" />
	</spawn>
	<spawn centerx="159" centery="67" centerz="9" radius="10">
		<monster name="fire elemental" x="-4" y="-10" z="9" spawntime="60" direction="2" />
		<monster name="fire devil" x="-3" y="-10" z="9" spawntime="60" direction="2" />
		<monster name="fire elemental" x="-2" y="-10" z="9" spawntime="60" direction="2" />
		<monster name="fire devil" x="-1" y="-10" z="9" spawntime="60" direction="2" />
		<monster name="fire elemental" x="0" y="-10" z="9" spawntime="60" direction="2" />
		<monster name="fire devil" x="1" y="-10" z="9" spawntime="60" direction="2" />
		<monster name="fire elemental" x="2" y="-10" z="9" spawntime="60" direction="2" />
		<monster name="fire devil" x="3" y="-10" z="9" spawntime="60" direction="2" />
		<monster name="fire elemental" x="4" y="-10" z="9" spawntime="60" direction="2" />
		<monster name="fire devil" x="5" y="-10" z="9" spawntime="60" direction="2" />
		<monster name="fire elemental" x="6" y="-10" z="9" spawntime="60" direction="2" />
		<monster name="fire devil" x="7" y="-10" z="9" spawntime="60" direction="2" />
		<monster name="fire elemental" x="8" y="-10" z="9" spawntime="60" direction="2" />
		<monster name="vampire" x="-6" y="-9" z="9" spawntime="60" direction="2" />
		<monster name="vampire" x="1" y="-7" z="9" spawntime="60" direction="2" />
		<monster name="vampire" x="7" y="-7" z="9" spawntime="60" direction="2" />
		<monster name="vampire" x="-5" y="-5" z="9" spawntime="60" direction="2" />
		<monster name="vampire" x="4" y="-1" z="9" spawntime="60" direction="2" />
		<monster name="vampire" x="8" y="-1" z="9" spawntime="60" direction="2" />
		<monster name="vampire" x="-6" y="0" z="9" spawntime="60" direction="2" />
		<monster name="vampire" x="-1" y="5" z="9" spawntime="60" direction="2" />
		<monster name="vampire" x="4" y="5" z="9" spawntime="60" direction="2" />
		<monster name="vampire" x="-5" y="7" z="9" spawntime="60" direction="2" />
	</spawn>
	<spawn centerx="130" centery="70" centerz="9" radius="6">
		<monster name="vampire" x="-5" y="-2" z="9" spawntime="60" direction="2" />
		<monster name="vampire" x="-6" y="0" z="9" spawntime="60" direction="2" />
		<monster name="vampire" x="6" y="4" z="9" spawntime="60" direction="2" />
	</spawn>
	<spawn centerx="76" centery="78" centerz="9" radius="5">
		<monster name="warlock" x="0" y="-3" z="9" spawntime="60" direction="2" />
		<monster name="witch" x="-3" y="-2" z="9" spawntime="60" direction="2" />
		<monster name="witch" x="4" y="-2" z="9" spawntime="60" direction="2" />
		<monster name="witch" x="0" y="1" z="9" spawntime="60" direction="2" />
	</spawn>
	<spawn centerx="139" centery="82" centerz="9" radius="10">
		<monster name="hero" x="-2" y="-3" z="9" spawntime="60" direction="2" />
		<monster name="hero" x="-1" y="-2" z="9" spawntime="60" direction="2" />
		<monster name="vampire" x="3" y="0" z="9" spawntime="60" direction="2" />
	</spawn>
	<spawn centerx="159" centery="82" centerz="9" radius="10">
		<monster name="hero" x="1" y="-3" z="9" spawntime="60" direction="2" />
		<monster name="hero" x="3" y="-3" z="9" spawntime="60" direction="2" />
		<monster name="vampire" x="-8" y="0" z="9" spawntime="60" direction="2" />
		<monster name="vampire" x="-5" y="0" z="9" spawntime="60" direction="2" />
		<monster name="hero" x="-5" y="9" z="9" spawntime="60" direction="2" />
		<monster name="hero" x="5" y="9" z="9" spawntime="60" direction="2" />
	</spawn>
	<spawn centerx="212" centery="90" centerz="9" radius="5" />
	<spawn centerx="108" centery="97" centerz="9" radius="100">
		<monster name="slime" x="53" y="-76" z="9" spawntime="60" direction="2" />
		<monster name="slime" x="50" y="-75" z="9" spawntime="60" direction="2" />
		<monster name="slime" x="61" y="-72" z="9" spawntime="60" direction="2" />
		<monster name="slime" x="53" y="-70" z="9" spawntime="60" direction="2" />
		<monster name="necromancer" x="-69" y="-67" z="9" spawntime="60" direction="2" />
		<monster name="necromancer" x="-63" y="-67" z="9" spawntime="60" direction="2" />
		<monster name="slime" x="56" y="-67" z="9" spawntime="60" direction="2" />
		<monster name="priestess" x="-68" y="-66" z="9" spawntime="60" direction="2" />
		<monster name="priestess" x="-63" y="-66" z="9" spawntime="60" direction="2" />
		<monster name="fire devil" x="-62" y="-66" z="9" spawntime="60" direction="2" />
		<monster name="fire elemental" x="-59" y="-66" z="9" spawntime="60" direction="2" />
		<monster name="dragon" x="-57" y="-66" z="9" spawntime="60" direction="2" />
		<monster name="fire elemental" x="-56" y="-66" z="9" spawntime="60" direction="2" />
		<monster name="fire devil" x="-69" y="-65" z="9" spawntime="60" direction="2" />
		<monster name="skeleton" x="-68" y="-65" z="9" spawntime="60" direction="2" />
		<monster name="fire devil" x="-63" y="-65" z="9" spawntime="60" direction="2" />
		<monster name="skeleton" x="-62" y="-65" z="9" spawntime="60" direction="2" />
		<monster name="necromancer" x="-69" y="-64" z="9" spawntime="60" direction="2" />
		<monster name="skeleton" x="-68" y="-64" z="9" spawntime="60" direction="2" />
		<monster name="necromancer" x="-63" y="-64" z="9" spawntime="60" direction="2" />
		<monster name="ghoul" x="-68" y="-63" z="9" spawntime="60" direction="2" />
		<monster name="ghoul" x="-62" y="-63" z="9" spawntime="60" direction="2" />
		<monster name="skeleton" x="-57" y="-62" z="9" spawntime="60" direction="2" />
		<monster name="mummy" x="-76" y="-61" z="9" spawntime="60" direction="2" />
		<monster name="mummy" x="-75" y="-61" z="9" spawntime="60" direction="2" />
		<monster name="vampire" x="-73" y="-61" z="9" spawntime="60" direction="2" />
		<monster name="vampire" x="-71" y="-61" z="9" spawntime="60" direction="2" />
		<monster name="demon skeleton" x="-68" y="-61" z="9" spawntime="60" direction="2" />
		<monster name="demon skeleton" x="-64" y="-61" z="9" spawntime="60" direction="2" />
		<monster name="vampire" x="-61" y="-61" z="9" spawntime="60" direction="2" />
		<monster name="vampire" x="-59" y="-61" z="9" spawntime="60" direction="2" />
		<monster name="mummy" x="-57" y="-61" z="9" spawntime="60" direction="2" />
		<monster name="mummy" x="-56" y="-61" z="9" spawntime="60" direction="2" />
		<monster name="slime" x="69" y="-60" z="9" spawntime="60" direction="2" />
		<monster name="ghost" x="-72" y="-59" z="9" spawntime="60" direction="2" />
		<monster name="ghost" x="-60" y="-59" z="9" spawntime="60" direction="2" />
		<monster name="slime" x="65" y="-59" z="9" spawntime="60" direction="2" />
		<monster name="skeleton" x="-67" y="-58" z="9" spawntime="60" direction="2" />
		<monster name="skeleton" x="-65" y="-58" z="9" spawntime="60" direction="2" />
		<monster name="slime" x="52" y="-58" z="9" spawntime="60" direction="2" />
		<monster name="slime" x="59" y="-58" z="9" spawntime="60" direction="2" />
		<monster name="ghoul" x="-68" y="-57" z="9" spawntime="60" direction="2" />
		<monster name="ghoul" x="-64" y="-57" z="9" spawntime="60" direction="2" />
		<monster name="demon skeleton" x="-76" y="-56" z="9" spawntime="60" direction="2" />
		<monster name="banshee" x="-74" y="-56" z="9" spawntime="60" direction="2" />
		<monster name="demon skeleton" x="-72" y="-56" z="9" spawntime="60" direction="2" />
		<monster name="dragon" x="-66" y="-56" z="9" spawntime="60" direction="2" />
		<monster name="demon skeleton" x="-60" y="-56" z="9" spawntime="60" direction="2" />
		<monster name="banshee" x="-58" y="-56" z="9" spawntime="60" direction="2" />
		<monster name="demon skeleton" x="-56" y="-56" z="9" spawntime="60" direction="2" />
		<monster name="slime" x="64" y="-55" z="9" spawntime="60" direction="2" />
		<monster name="slime" x="69" y="-55" z="9" spawntime="60" direction="2" />
		<monster name="slime" x="53" y="-54" z="9" spawntime="60" direction="2" />
		<monster name="demon skeleton" x="-45" y="-47" z="9" spawntime="60" direction="2" />
		<monster name="demon skeleton" x="-46" y="-46" z="9" spawntime="60" direction="2" />
		<monster name="banshee" x="-45" y="-46" z="9" spawntime="60" direction="2" />
		<monster name="demon skeleton" x="-44" y="-46" z="9" spawntime="60" direction="2" />
		<monster name="demon skeleton" x="-67" y="-45" z="9" spawntime="60" direction="2" />
		<monster name="demon skeleton" x="-57" y="-45" z="9" spawntime="60" direction="2" />
		<monster name="demon skeleton" x="-45" y="-45" z="9" spawntime="60" direction="2" />
		<monster name="demon skeleton" x="-37" y="-45" z="9" spawntime="60" direction="2" />
		<monster name="demon skeleton" x="-68" y="-44" z="9" spawntime="60" direction="2" />
		<monster name="banshee" x="-67" y="-44" z="9" spawntime="60" direction="2" />
		<monster name="demon skeleton" x="-66" y="-44" z="9" spawntime="60" direction="2" />
		<monster name="demon skeleton" x="-58" y="-44" z="9" spawntime="60" direction="2" />
		<monster name="banshee" x="-57" y="-44" z="9" spawntime="60" direction="2" />
		<monster name="demon skeleton" x="-56" y="-44" z="9" spawntime="60" direction="2" />
		<monster name="demon skeleton" x="-38" y="-44" z="9" spawntime="60" direction="2" />
		<monster name="banshee" x="-37" y="-44" z="9" spawntime="60" direction="2" />
		<monster name="demon skeleton" x="-36" y="-44" z="9" spawntime="60" direction="2" />
		<monster name="demon skeleton" x="-67" y="-43" z="9" spawntime="60" direction="2" />
		<monster name="demon skeleton" x="-57" y="-43" z="9" spawntime="60" direction="2" />
		<monster name="demon skeleton" x="-37" y="-43" z="9" spawntime="60" direction="2" />
		<monster name="vampire" x="37" y="-42" z="9" spawntime="60" direction="2" />
		<monster name="demon skeleton" x="-74" y="-41" z="9" spawntime="60" direction="2" />
		<monster name="demon skeleton" x="-75" y="-40" z="9" spawntime="60" direction="2" />
		<monster name="banshee" x="-74" y="-40" z="9" spawntime="60" direction="2" />
		<monster name="demon skeleton" x="-73" y="-40" z="9" spawntime="60" direction="2" />
		<monster name="vampire" x="19" y="-40" z="9" spawntime="60" direction="2" />
		<monster name="demon skeleton" x="-74" y="-39" z="9" spawntime="60" direction="2" />
		<monster name="vampire" x="29" y="-39" z="9" spawntime="60" direction="2" />
		<monster name="vampire" x="16" y="-38" z="9" spawntime="60" direction="2" />
		<monster name="demon skeleton" x="-69" y="-36" z="9" spawntime="60" direction="2" />
		<monster name="demon skeleton" x="-50" y="-36" z="9" spawntime="60" direction="2" />
		<monster name="demon skeleton" x="-41" y="-36" z="9" spawntime="60" direction="2" />
		<monster name="vampire" x="37" y="-36" z="9" spawntime="60" direction="2" />
		<monster name="demon skeleton" x="-70" y="-35" z="9" spawntime="60" direction="2" />
		<monster name="banshee" x="-69" y="-35" z="9" spawntime="60" direction="2" />
		<monster name="demon skeleton" x="-68" y="-35" z="9" spawntime="60" direction="2" />
		<monster name="demon skeleton" x="-62" y="-35" z="9" spawntime="60" direction="2" />
		<monster name="demon skeleton" x="-51" y="-35" z="9" spawntime="60" direction="2" />
		<monster name="banshee" x="-50" y="-35" z="9" spawntime="60" direction="2" />
		<monster name="demon skeleton" x="-49" y="-35" z="9" spawntime="60" direction="2" />
		<monster name="demon skeleton" x="-42" y="-35" z="9" spawntime="60" direction="2" />
		<monster name="banshee" x="-41" y="-35" z="9" spawntime="60" direction="2" />
		<monster name="demon skeleton" x="-40" y="-35" z="9" spawntime="60" direction="2" />
		<monster name="demon skeleton" x="-69" y="-34" z="9" spawntime="60" direction="2" />
		<monster name="demon skeleton" x="-63" y="-34" z="9" spawntime="60" direction="2" />
		<monster name="banshee" x="-62" y="-34" z="9" spawntime="60" direction="2" />
		<monster name="demon skeleton" x="-61" y="-34" z="9" spawntime="60" direction="2" />
		<monster name="demon skeleton" x="-50" y="-34" z="9" spawntime="60" direction="2" />
		<monster name="demon skeleton" x="-41" y="-34" z="9" spawntime="60" direction="2" />
		<monster name="demon skeleton" x="-62" y="-33" z="9" spawntime="60" direction="2" />
		<monster name="vampire" x="32" y="-32" z="9" spawntime="60" direction="2" />
		<monster name="demon skeleton" x="-46" y="-29" z="9" spawntime="60" direction="2" />
		<monster name="vampire" x="29" y="-29" z="9" spawntime="60" direction="2" />
		<monster name="vampire" x="36" y="-29" z="9" spawntime="60" direction="2" />
		<monster name="demon skeleton" x="-54" y="-28" z="9" spawntime="60" direction="2" />
		<monster name="demon skeleton" x="-47" y="-28" z="9" spawntime="60" direction="2" />
		<monster name="banshee" x="-46" y="-28" z="9" spawntime="60" direction="2" />
		<monster name="demon skeleton" x="-45" y="-28" z="9" spawntime="60" direction="2" />
		<monster name="demon skeleton" x="-71" y="-27" z="9" spawntime="60" direction="2" />
		<monster name="demon skeleton" x="-62" y="-27" z="9" spawntime="60" direction="2" />
		<monster name="demon skeleton" x="-55" y="-27" z="9" spawntime="60" direction="2" />
		<monster name="banshee" x="-54" y="-27" z="9" spawntime="60" direction="2" />
		<monster name="demon skeleton" x="-53" y="-27" z="9" spawntime="60" direction="2" />
		<monster name="demon skeleton" x="-46" y="-27" z="9" spawntime="60" direction="2" />
		<monster name="demon skeleton" x="-72" y="-26" z="9" spawntime="60" direction="2" />
		<monster name="banshee" x="-71" y="-26" z="9" spawntime="60" direction="2" />
		<monster name="demon skeleton" x="-70" y="-26" z="9" spawntime="60" direction="2" />
		<monster name="demon skeleton" x="-63" y="-26" z="9" spawntime="60" direction="2" />
		<monster name="banshee" x="-62" y="-26" z="9" spawntime="60" direction="2" />
		<monster name="demon skeleton" x="-61" y="-26" z="9" spawntime="60" direction="2" />
		<monster name="demon skeleton" x="-54" y="-26" z="9" spawntime="60" direction="2" />
		<monster name="demon skeleton" x="-71" y="-25" z="9" spawntime="60" direction="2" />
		<monster name="demon skeleton" x="-62" y="-25" z="9" spawntime="60" direction="2" />
		<monster name="demon skeleton" x="-43" y="-22" z="9" spawntime="60" direction="2" />
		<monster name="demon skeleton" x="-44" y="-21" z="9" spawntime="60" direction="2" />
		<monster name="banshee" x="-43" y="-21" z="9" spawntime="60" direction="2" />
		<monster name="demon skeleton" x="-42" y="-21" z="9" spawntime="60" direction="2" />
		<monster name="demon skeleton" x="-72" y="-20" z="9" spawntime="60" direction="2" />
		<monster name="demon skeleton" x="-57" y="-20" z="9" spawntime="60" direction="2" />
		<monster name="demon skeleton" x="-43" y="-20" z="9" spawntime="60" direction="2" />
		<monster name="demon skeleton" x="-73" y="-19" z="9" spawntime="60" direction="2" />
		<monster name="banshee" x="-72" y="-19" z="9" spawntime="60" direction="2" />
		<monster name="demon skeleton" x="-71" y="-19" z="9" spawntime="60" direction="2" />
		<monster name="demon skeleton" x="-58" y="-19" z="9" spawntime="60" direction="2" />
		<monster name="banshee" x="-57" y="-19" z="9" spawntime="60" direction="2" />
		<monster name="demon skeleton" x="-56" y="-19" z="9" spawntime="60" direction="2" />
		<monster name="demon skeleton" x="-72" y="-18" z="9" spawntime="60" direction="2" />
		<monster name="demon skeleton" x="-57" y="-18" z="9" spawntime="60" direction="2" />
		<monster name="tarantula" x="-3" y="-18" z="9" spawntime="60" direction="2" />
		<monster name="demon skeleton" x="-43" y="-17" z="9" spawntime="60" direction="2" />
		<monster name="tarantula" x="9" y="-17" z="9" spawntime="60" direction="2" />
		<monster name="demon skeleton" x="-44" y="-16" z="9" spawntime="60" direction="2" />
		<monster name="banshee" x="-43" y="-16" z="9" spawntime="60" direction="2" />
		<monster name="demon skeleton" x="-42" y="-16" z="9" spawntime="60" direction="2" />
		<monster name="giant spider" x="13" y="-16" z="9" spawntime="60" direction="2" />
		<monster name="demon skeleton" x="-47" y="-15" z="9" spawntime="60" direction="2" />
		<monster name="demon skeleton" x="-43" y="-15" z="9" spawntime="60" direction="2" />
		<monster name="tarantula" x="-10" y="-15" z="9" spawntime="60" direction="2" />
		<monster name="demon skeleton" x="-62" y="-14" z="9" spawntime="60" direction="2" />
		<monster name="demon skeleton" x="-48" y="-14" z="9" spawntime="60" direction="2" />
		<monster name="banshee" x="-47" y="-14" z="9" spawntime="60" direction="2" />
		<monster name="demon skeleton" x="-46" y="-14" z="9" spawntime="60" direction="2" />
		<monster name="demon skeleton" x="-63" y="-13" z="9" spawntime="60" direction="2" />
		<monster name="banshee" x="-62" y="-13" z="9" spawntime="60" direction="2" />
		<monster name="demon skeleton" x="-61" y="-13" z="9" spawntime="60" direction="2" />
		<monster name="demon skeleton" x="-47" y="-13" z="9" spawntime="60" direction="2" />
		<monster name="demon skeleton" x="-62" y="-12" z="9" spawntime="60" direction="2" />
		<monster name="giant spider" x="-9" y="-12" z="9" spawntime="60" direction="2" />
		<monster name="tarantula" x="1" y="-12" z="9" spawntime="60" direction="2" />
		<monster name="giant spider" x="3" y="-12" z="9" spawntime="60" direction="2" />
		<monster name="tarantula" x="5" y="-12" z="9" spawntime="60" direction="2" />
		<monster name="tarantula" x="12" y="-12" z="9" spawntime="60" direction="2" />
		<monster name="demon skeleton" x="-73" y="-11" z="9" spawntime="60" direction="2" />
		<monster name="tarantula" x="-6" y="-11" z="9" spawntime="60" direction="2" />
		<monster name="demon skeleton" x="-74" y="-10" z="9" spawntime="60" direction="2" />
		<monster name="banshee" x="-73" y="-10" z="9" spawntime="60" direction="2" />
		<monster name="demon skeleton" x="-72" y="-10" z="9" spawntime="60" direction="2" />
		<monster name="demon skeleton" x="-73" y="-9" z="9" spawntime="60" direction="2" />
		<monster name="tarantula" x="-15" y="-9" z="9" spawntime="60" direction="2" />
		<monster name="tarantula" x="9" y="-8" z="9" spawntime="60" direction="2" />
		<monster name="demon skeleton" x="-48" y="-7" z="9" spawntime="60" direction="2" />
		<monster name="giant spider" x="14" y="-7" z="9" spawntime="60" direction="2" />
		<monster name="demon skeleton" x="-70" y="-6" z="9" spawntime="60" direction="2" />
		<monster name="demon skeleton" x="-56" y="-6" z="9" spawntime="60" direction="2" />
		<monster name="demon skeleton" x="-49" y="-6" z="9" spawntime="60" direction="2" />
		<monster name="banshee" x="-48" y="-6" z="9" spawntime="60" direction="2" />
		<monster name="demon skeleton" x="-47" y="-6" z="9" spawntime="60" direction="2" />
		<monster name="necromancer" x="-36" y="-6" z="9" spawntime="60" direction="2" />
		<monster name="necromancer" x="-28" y="-6" z="9" spawntime="60" direction="2" />
		<monster name="demon skeleton" x="-71" y="-5" z="9" spawntime="60" direction="2" />
		<monster name="banshee" x="-70" y="-5" z="9" spawntime="60" direction="2" />
		<monster name="demon skeleton" x="-69" y="-5" z="9" spawntime="60" direction="2" />
		<monster name="demon skeleton" x="-57" y="-5" z="9" spawntime="60" direction="2" />
		<monster name="banshee" x="-56" y="-5" z="9" spawntime="60" direction="2" />
		<monster name="demon skeleton" x="-55" y="-5" z="9" spawntime="60" direction="2" />
		<monster name="demon skeleton" x="-48" y="-5" z="9" spawntime="60" direction="2" />
		<monster name="tarantula" x="-15" y="-5" z="9" spawntime="60" direction="2" />
		<monster name="demon skeleton" x="-70" y="-4" z="9" spawntime="60" direction="2" />
		<monster name="demon skeleton" x="-56" y="-4" z="9" spawntime="60" direction="2" />
		<monster name="giant spider" x="-4" y="-4" z="9" spawntime="60" direction="2" />
		<monster name="tarantula" x="5" y="-4" z="9" spawntime="60" direction="2" />
		<monster name="hero" x="43" y="-4" z="9" spawntime="60" direction="2" />
		<monster name="hero" x="44" y="-4" z="9" spawntime="60" direction="2" />
		<monster name="tarantula" x="15" y="-2" z="9" spawntime="60" direction="2" />
		<monster name="necromancer" x="-38" y="-1" z="9" spawntime="60" direction="2" />
		<monster name="giant spider" x="-15" y="-1" z="9" spawntime="60" direction="2" />
		<monster name="hero" x="52" y="-1" z="9" spawntime="60" direction="2" />
		<monster name="demon skeleton" x="-77" y="0" z="9" spawntime="60" direction="2" />
		<monster name="necromancer" x="-26" y="0" z="9" spawntime="60" direction="2" />
		<monster name="tarantula" x="-2" y="0" z="9" spawntime="60" direction="2" />
		<monster name="demon skeleton" x="-78" y="1" z="9" spawntime="60" direction="2" />
		<monster name="banshee" x="-77" y="1" z="9" spawntime="60" direction="2" />
		<monster name="demon skeleton" x="-76" y="1" z="9" spawntime="60" direction="2" />
		<monster name="demon skeleton" x="-56" y="1" z="9" spawntime="60" direction="2" />
		<monster name="tarantula" x="-13" y="1" z="9" spawntime="60" direction="2" />
		<monster name="tarantula" x="9" y="1" z="9" spawntime="60" direction="2" />
		<monster name="hero" x="47" y="1" z="9" spawntime="60" direction="2" />
		<monster name="hero" x="53" y="1" z="9" spawntime="60" direction="2" />
		<monster name="demon skeleton" x="-77" y="2" z="9" spawntime="60" direction="2" />
		<monster name="demon skeleton" x="-69" y="2" z="9" spawntime="60" direction="2" />
		<monster name="demon skeleton" x="-63" y="2" z="9" spawntime="60" direction="2" />
		<monster name="demon skeleton" x="-57" y="2" z="9" spawntime="60" direction="2" />
		<monster name="banshee" x="-56" y="2" z="9" spawntime="60" direction="2" />
		<monster name="demon skeleton" x="-55" y="2" z="9" spawntime="60" direction="2" />
		<monster name="giant spider" x="7" y="2" z="9" spawntime="60" direction="2" />
		<monster name="demon skeleton" x="-70" y="3" z="9" spawntime="60" direction="2" />
		<monster name="banshee" x="-69" y="3" z="9" spawntime="60" direction="2" />
		<monster name="demon skeleton" x="-68" y="3" z="9" spawntime="60" direction="2" />
		<monster name="demon skeleton" x="-64" y="3" z="9" spawntime="60" direction="2" />
		<monster name="banshee" x="-63" y="3" z="9" spawntime="60" direction="2" />
		<monster name="demon skeleton" x="-62" y="3" z="9" spawntime="60" direction="2" />
		<monster name="demon skeleton" x="-56" y="3" z="9" spawntime="60" direction="2" />
		<monster name="necromancer" x="-41" y="3" z="9" spawntime="60" direction="2" />
		<monster name="demon skeleton" x="-69" y="4" z="9" spawntime="60" direction="2" />
		<monster name="demon skeleton" x="-63" y="4" z="9" spawntime="60" direction="2" />
		<monster name="necromancer" x="-47" y="4" z="9" spawntime="60" direction="2" />
		<monster name="giant spider" x="-7" y="4" z="9" spawntime="60" direction="2" />
		<monster name="hero" x="50" y="4" z="9" spawntime="60" direction="2" />
		<monster name="necromancer" x="-35" y="5" z="9" spawntime="60" direction="2" />
		<monster name="tarantula" x="-4" y="5" z="9" spawntime="60" direction="2" />
		<monster name="tarantula" x="20" y="5" z="9" spawntime="60" direction="2" />
		<monster name="tarantula" x="8" y="6" z="9" spawntime="60" direction="2" />
		<monster name="demon skeleton" x="-77" y="7" z="9" spawntime="60" direction="2" />
		<monster name="necromancer" x="-30" y="7" z="9" spawntime="60" direction="2" />
		<monster name="tarantula" x="-15" y="7" z="9" spawntime="60" direction="2" />
		<monster name="hero" x="37" y="7" z="9" spawntime="60" direction="2" />
		<monster name="hero" x="41" y="7" z="9" spawntime="60" direction="2" />
		<monster name="demon skeleton" x="-78" y="8" z="9" spawntime="60" direction="2" />
		<monster name="banshee" x="-77" y="8" z="9" spawntime="60" direction="2" />
		<monster name="demon skeleton" x="-76" y="8" z="9" spawntime="60" direction="2" />
		<monster name="demon skeleton" x="-67" y="8" z="9" spawntime="60" direction="2" />
		<monster name="giant spider" x="0" y="8" z="9" spawntime="60" direction="2" />
		<monster name="demon skeleton" x="-77" y="9" z="9" spawntime="60" direction="2" />
		<monster name="demon skeleton" x="-68" y="9" z="9" spawntime="60" direction="2" />
		<monster name="banshee" x="-67" y="9" z="9" spawntime="60" direction="2" />
		<monster name="demon skeleton" x="-66" y="9" z="9" spawntime="60" direction="2" />
		<monster name="necromancer" x="-23" y="9" z="9" spawntime="60" direction="2" />
		<monster name="tarantula" x="-1" y="9" z="9" spawntime="60" direction="2" />
		<monster name="tarantula" x="1" y="9" z="9" spawntime="60" direction="2" />
		<monster name="giant spider" x="18" y="9" z="9" spawntime="60" direction="2" />
		<monster name="demon skeleton" x="-67" y="10" z="9" spawntime="60" direction="2" />
		<monster name="necromancer" x="-47" y="10" z="9" spawntime="60" direction="2" />
		<monster name="giant spider" x="-14" y="10" z="9" spawntime="60" direction="2" />
		<monster name="tarantula" x="-12" y="10" z="9" spawntime="60" direction="2" />
		<monster name="tarantula" x="-7" y="10" z="9" spawntime="60" direction="2" />
		<monster name="tarantula" x="15" y="10" z="9" spawntime="60" direction="2" />
		<monster name="necromancer" x="-35" y="11" z="9" spawntime="60" direction="2" />
		<monster name="tarantula" x="5" y="12" z="9" spawntime="60" direction="2" />
		<monster name="necromancer" x="-41" y="13" z="9" spawntime="60" direction="2" />
		<monster name="giant spider" x="8" y="14" z="9" spawntime="60" direction="2" />
		<monster name="tarantula" x="10" y="15" z="9" spawntime="60" direction="2" />
		<monster name="dwarf guard" x="-6" y="17" z="9" spawntime="60" direction="2" />
		<monster name="necromancer" x="-35" y="18" z="9" spawntime="60" direction="2" />
		<monster name="dwarf guard" x="-1" y="19" z="9" spawntime="60" direction="2" />
		<monster name="necromancer" x="-23" y="20" z="9" spawntime="60" direction="2" />
		<monster name="necromancer" x="-42" y="21" z="9" spawntime="60" direction="2" />
		<monster name="fire elemental" x="76" y="21" z="9" spawntime="60" direction="2" />
		<monster name="demon" x="78" y="21" z="9" spawntime="60" direction="2" />
		<monster name="fire elemental" x="79" y="21" z="9" spawntime="60" direction="2" />
		<monster name="dwarf guard" x="-1" y="22" z="9" spawntime="60" direction="2" />
		<monster name="dwarf guard" x="5" y="23" z="9" spawntime="60" direction="2" />
		<monster name="hero" x="36" y="23" z="9" spawntime="60" direction="2" />
		<monster name="hero" x="38" y="23" z="9" spawntime="60" direction="2" />
		<monster name="fire elemental" x="75" y="23" z="9" spawntime="60" direction="2" />
		<monster name="fire devil" x="41" y="24" z="9" spawntime="60" direction="2" />
		<monster name="dwarf soldier" x="12" y="25" z="9" spawntime="60" direction="2" />
		<monster name="necromancer" x="36" y="25" z="9" spawntime="20" direction="2" />
		<monster name="demon" x="74" y="25" z="9" spawntime="60" direction="2" />
		<monster name="necromancer" x="-36" y="26" z="9" spawntime="60" direction="2" />
		<monster name="necromancer" x="-27" y="26" z="9" spawntime="60" direction="2" />
		<monster name="dwarf guard" x="1" y="27" z="9" spawntime="60" direction="2" />
		<monster name="dwarf guard" x="10" y="27" z="9" spawntime="60" direction="2" />
		<monster name="necromancer" x="34" y="27" z="9" spawntime="250" direction="2" />
		<monster name="fire elemental" x="74" y="27" z="9" spawntime="60" direction="2" />
		<monster name="necromancer" x="34" y="29" z="9" spawntime="250" direction="2" />
		<monster name="necromancer" x="44" y="29" z="9" spawntime="25" direction="2" />
		<monster name="behemoth" x="73" y="29" z="9" spawntime="60" direction="2" />
		<monster name="dwarf soldier" x="17" y="30" z="9" spawntime="60" direction="2" />
		<monster name="dwarf soldier" x="24" y="30" z="9" spawntime="60" direction="2" />
		<monster name="dwarf guard" x="4" y="31" z="9" spawntime="60" direction="2" />
		<monster name="priestess" x="43" y="31" z="9" spawntime="60" direction="2" />
		<monster name="behemoth" x="75" y="31" z="9" spawntime="60" direction="2" />
		<monster name="dwarf soldier" x="8" y="32" z="9" spawntime="60" direction="2" />
		<monster name="fire devil" x="31" y="32" z="9" spawntime="60" direction="2" />
		<monster name="behemoth" x="73" y="33" z="9" spawntime="60" direction="2" />
		<monster name="fire devil" x="44" y="34" z="9" spawntime="60" direction="2" />
		<monster name="fire devil" x="42" y="37" z="9" spawntime="60" direction="2" />
		<monster name="deathslicer" x="97" y="37" z="9" spawntime="60" direction="2" />
		<monster name="fire devil" x="35" y="38" z="9" spawntime="60" direction="2" />
		<monster name="fire devil" x="40" y="38" z="9" spawntime="60" direction="2" />
		<monster name="fire devil" x="34" y="39" z="9" spawntime="60" direction="2" />
		<monster name="fire devil" x="36" y="39" z="9" spawntime="60" direction="2" />
		<monster name="fire devil" x="39" y="39" z="9" spawntime="60" direction="2" />
		<monster name="gargoyle" x="98" y="42" z="9" spawntime="60" direction="2" />
		<monster name="dragon lord" x="-45" y="52" z="9" spawntime="60" direction="2" />
		<monster name="dragon lord" x="-41" y="53" z="9" spawntime="60" direction="2" />
		<monster name="orc warlord" x="50" y="55" z="9" spawntime="60" direction="2" />
		<monster name="orc warlord" x="52" y="55" z="9" spawntime="60" direction="2" />
		<monster name="orc warlord" x="56" y="55" z="9" spawntime="60" direction="2" />
		<monster name="orc shaman" x="59" y="55" z="9" spawntime="60" direction="2" />
		<monster name="fire devil" x="-47" y="56" z="9" spawntime="60" direction="2" />
		<monster name="orc berserker" x="57" y="56" z="9" spawntime="60" direction="2" />
		<monster name="ancient scarab" x="95" y="56" z="9" spawntime="60" direction="2" />
		<monster name="dragon lord" x="-50" y="57" z="9" spawntime="60" direction="2" />
		<monster name="orc shaman" x="47" y="57" z="9" spawntime="60" direction="2" />
		<monster name="orc warlord" x="49" y="57" z="9" spawntime="60" direction="2" />
		<monster name="orc berserker" x="51" y="57" z="9" spawntime="60" direction="2" />
		<monster name="orc berserker" x="55" y="57" z="9" spawntime="60" direction="2" />
		<monster name="orc berserker" x="58" y="57" z="9" spawntime="60" direction="2" />
		<monster name="Bone Beast" x="93" y="57" z="9" spawntime="60" direction="2" />
		<monster name="Bone Beast" x="98" y="57" z="9" spawntime="60" direction="2" />
		<monster name="orc berserker" x="54" y="58" z="9" spawntime="60" direction="2" />
		<monster name="orc warlord" x="57" y="58" z="9" spawntime="60" direction="2" />
		<monster name="orc warlord" x="59" y="58" z="9" spawntime="60" direction="2" />
		<monster name="orc berserker" x="47" y="59" z="9" spawntime="60" direction="2" />
		<monster name="orc warlord" x="49" y="59" z="9" spawntime="60" direction="2" />
		<monster name="orc berserker" x="52" y="60" z="9" spawntime="60" direction="2" />
		<monster name="orc berserker" x="57" y="60" z="9" spawntime="60" direction="2" />
		<monster name="marid" x="94" y="60" z="9" spawntime="60" direction="2" />
		<monster name="cobra" x="95" y="60" z="9" spawntime="60" direction="2" />
		<monster name="orc warlord" x="49" y="61" z="9" spawntime="60" direction="2" />
		<monster name="orc berserker" x="51" y="61" z="9" spawntime="60" direction="2" />
		<monster name="orc berserker" x="55" y="61" z="9" spawntime="60" direction="2" />
		<monster name="cobra" x="99" y="61" z="9" spawntime="60" direction="2" />
		<monster name="orc berserker" x="46" y="62" z="9" spawntime="60" direction="2" />
		<monster name="orc berserker" x="53" y="62" z="9" spawntime="60" direction="2" />
		<monster name="orc warlord" x="57" y="62" z="9" spawntime="60" direction="2" />
		<monster name="orc shaman" x="59" y="62" z="9" spawntime="60" direction="2" />
		<monster name="orc warlord" x="46" y="63" z="9" spawntime="60" direction="2" />
		<monster name="orc berserker" x="49" y="63" z="9" spawntime="60" direction="2" />
		<monster name="orc berserker" x="51" y="63" z="9" spawntime="60" direction="2" />
		<monster name="orc warlord" x="56" y="63" z="9" spawntime="60" direction="2" />
		<monster name="ancient scarab" x="92" y="63" z="9" spawntime="60" direction="2" />
		<monster name="orc warlord" x="48" y="64" z="9" spawntime="60" direction="2" />
		<monster name="orc warlord" x="52" y="64" z="9" spawntime="60" direction="2" />
		<monster name="orc berserker" x="54" y="64" z="9" spawntime="60" direction="2" />
		<monster name="orc berserker" x="59" y="64" z="9" spawntime="60" direction="2" />
		<monster name="green djinn" x="94" y="64" z="9" spawntime="60" direction="2" />
		<monster name="cobra" x="95" y="65" z="9" spawntime="60" direction="2" />
		<monster name="Rahemos" x="99" y="65" z="9" spawntime="60" direction="2" />
		<monster name="Mahrdis" x="100" y="65" z="9" spawntime="60" direction="2" />
		<monster name="dragon lord" x="-30" y="66" z="9" spawntime="60" direction="2" />
		<monster name="orc shaman" x="46" y="66" z="9" spawntime="60" direction="2" />
		<monster name="orc warlord" x="51" y="66" z="9" spawntime="60" direction="2" />
		<monster name="orc shaman" x="55" y="66" z="9" spawntime="60" direction="2" />
		<monster name="orc shaman" x="59" y="66" z="9" spawntime="60" direction="2" />
		<monster name="cobra" x="98" y="66" z="9" spawntime="60" direction="2" />
		<monster name="fire devil" x="-43" y="67" z="9" spawntime="60" direction="2" />
		<monster name="dragon lord" x="-40" y="67" z="9" spawntime="60" direction="2" />
		<monster name="orc shaman" x="48" y="67" z="9" spawntime="60" direction="2" />
		<monster name="orc shaman" x="51" y="67" z="9" spawntime="60" direction="2" />
		<monster name="orc shaman" x="54" y="67" z="9" spawntime="60" direction="2" />
		<monster name="orc shaman" x="57" y="67" z="9" spawntime="60" direction="2" />
		<monster name="lich" x="93" y="67" z="9" spawntime="60" direction="2" />
		<monster name="lich" x="96" y="67" z="9" spawntime="60" direction="2" />
		<monster name="fire devil" x="-64" y="69" z="9" spawntime="60" direction="2" />
		<monster name="dragon lord" x="-55" y="69" z="9" spawntime="60" direction="2" />
		<monster name="elf arcanist" x="92" y="70" z="9" spawntime="60" direction="2" />
		<monster name="dragon lord" x="-73" y="71" z="9" spawntime="60" direction="2" />
		<monster name="dragon lord" x="-28" y="71" z="9" spawntime="60" direction="2" />
		<monster name="Orshabaal" x="-13" y="71" z="9" spawntime="60" direction="2" />
		<monster name="banshee" x="-13" y="73" z="9" spawntime="60" direction="2" />
		<monster name="banshee" x="-15" y="74" z="9" spawntime="60" direction="2" />
		<monster name="banshee" x="-11" y="74" z="9" spawntime="60" direction="2" />
		<monster name="dragon lord" x="-75" y="75" z="9" spawntime="60" direction="2" />
		<monster name="demon" x="-22" y="75" z="9" spawntime="60" direction="2" />
		<monster name="demon" x="-17" y="75" z="9" spawntime="60" direction="2" />
		<monster name="banshee" x="-13" y="75" z="9" spawntime="60" direction="2" />
		<monster name="demon" x="-9" y="75" z="9" spawntime="60" direction="2" />
		<monster name="demon" x="-3" y="75" z="9" spawntime="60" direction="2" />
		<monster name="banshee" x="-15" y="76" z="9" spawntime="60" direction="2" />
		<monster name="banshee" x="-11" y="76" z="9" spawntime="60" direction="2" />
		<monster name="banshee" x="-13" y="77" z="9" spawntime="60" direction="2" />
		<monster name="dragon lord" x="-51" y="78" z="9" spawntime="60" direction="2" />
		<monster name="banshee" x="-15" y="78" z="9" spawntime="60" direction="2" />
		<monster name="banshee" x="-11" y="78" z="9" spawntime="60" direction="2" />
		<monster name="marid" x="100" y="78" z="9" spawntime="60" direction="2" />
		<monster name="demon" x="-21" y="79" z="9" spawntime="60" direction="2" />
		<monster name="banshee" x="-13" y="79" z="9" spawntime="60" direction="2" />
		<monster name="demon" x="-4" y="79" z="9" spawntime="60" direction="2" />
		<monster name="Vashresamun" x="96" y="79" z="9" spawntime="60" direction="2" />
		<monster name="ancient scarab" x="99" y="79" z="9" spawntime="60" direction="2" />
		<monster name="fire devil" x="-52" y="80" z="9" spawntime="60" direction="2" />
		<monster name="blue djinn" x="96" y="80" z="9" spawntime="60" direction="2" />
		<monster name="ancient scarab" x="97" y="80" z="9" spawntime="60" direction="2" />
		<monster name="Omruc" x="96" y="81" z="9" spawntime="60" direction="2" />
		<monster name="ancient scarab" x="97" y="81" z="9" spawntime="60" direction="2" />
		<monster name="ancient scarab" x="99" y="81" z="9" spawntime="60" direction="2" />
		<monster name="blue djinn" x="96" y="82" z="9" spawntime="60" direction="2" />
		<monster name="ancient scarab" x="97" y="82" z="9" spawntime="60" direction="2" />
		<monster name="blue djinn" x="99" y="82" z="9" spawntime="60" direction="2" />
		<monster name="demon" x="-17" y="83" z="9" spawntime="60" direction="2" />
		<monster name="ghost" x="-13" y="83" z="9" spawntime="60" direction="2" />
		<monster name="demon" x="-8" y="83" z="9" spawntime="60" direction="2" />
		<monster name="Rahemos" x="96" y="84" z="9" spawntime="60" direction="2" />
		<monster name="blue djinn" x="97" y="84" z="9" spawntime="60" direction="2" />
		<monster name="Mahrdis" x="96" y="85" z="9" spawntime="60" direction="2" />
		<monster name="marid" x="98" y="85" z="9" spawntime="60" direction="2" />
		<monster name="dragon lord" x="-59" y="86" z="9" spawntime="60" direction="2" />
		<monster name="dragon lord" x="-55" y="86" z="9" spawntime="60" direction="2" />
		<monster name="ghost" x="-11" y="86" z="9" spawntime="60" direction="2" />
		<monster name="behemoth" x="-8" y="86" z="9" spawntime="60" direction="2" />
		<monster name="ghost" x="-5" y="86" z="9" spawntime="60" direction="2" />
		<monster name="behemoth" x="-1" y="86" z="9" spawntime="60" direction="2" />
		<monster name="ghost" x="3" y="86" z="9" spawntime="60" direction="2" />
		<monster name="behemoth" x="7" y="86" z="9" spawntime="60" direction="2" />
		<monster name="Omruc" x="97" y="86" z="9" spawntime="60" direction="2" />
		<monster name="ancient scarab" x="99" y="86" z="9" spawntime="60" direction="2" />
		<monster name="Ashmunrah" x="96" y="87" z="9" spawntime="60" direction="2" />
		<monster name="green djinn" x="98" y="87" z="9" spawntime="60" direction="2" />
		<monster name="Thalas" x="100" y="87" z="9" spawntime="60" direction="2" />
		<monster name="Mahrdis" x="97" y="88" z="9" spawntime="60" direction="2" />
		<monster name="gargoyle" x="98" y="88" z="9" spawntime="60" direction="2" />
		<monster name="gargoyle" x="100" y="88" z="9" spawntime="60" direction="2" />
		<monster name="dragon lord" x="-56" y="89" z="9" spawntime="60" direction="2" />
		<monster name="ghost" x="7" y="89" z="9" spawntime="60" direction="2" />
		<monster name="warlock" x="4" y="90" z="9" spawntime="60" direction="2" />
		<monster name="warlock" x="11" y="90" z="9" spawntime="60" direction="2" />
		<monster name="ancient scarab" x="96" y="90" z="9" spawntime="60" direction="2" />
		<monster name="Thalas" x="97" y="90" z="9" spawntime="60" direction="2" />
		<monster name="lich" x="99" y="90" z="9" spawntime="60" direction="2" />
		<monster name="Ashmunrah" x="100" y="90" z="9" spawntime="60" direction="2" />
		<monster name="behemoth" x="7" y="93" z="9" spawntime="60" direction="2" />
		<monster name="warlock" x="4" y="94" z="9" spawntime="60" direction="2" />
		<monster name="warlock" x="11" y="94" z="9" spawntime="60" direction="2" />
		<monster name="ghost" x="7" y="96" z="9" spawntime="60" direction="2" />
		<monster name="fire elemental" x="-18" y="97" z="9" spawntime="60" direction="2" />
		<monster name="demon" x="-19" y="98" z="9" spawntime="60" direction="2" />
		<monster name="dragon lord" x="-11" y="98" z="9" spawntime="60" direction="2" />
		<monster name="fire elemental" x="-8" y="98" z="9" spawntime="60" direction="2" />
		<monster name="demon" x="-5" y="98" z="9" spawntime="60" direction="2" />
		<monster name="warlock" x="4" y="98" z="9" spawntime="60" direction="2" />
		<monster name="warlock" x="11" y="98" z="9" spawntime="60" direction="2" />
		<monster name="fire elemental" x="-19" y="99" z="9" spawntime="60" direction="2" />
		<monster name="behemoth" x="7" y="99" z="9" spawntime="60" direction="2" />
		<monster name="fire elemental" x="-5" y="100" z="9" spawntime="60" direction="2" />
	</spawn>
	<spawn centerx="147" centery="100" centerz="9" radius="8" />
	<spawn centerx="70" centery="110" centerz="9" radius="25" />
	<spawn centerx="103" centery="115" centerz="9" radius="5" />
	<spawn centerx="111" centery="120" centerz="9" radius="5" />
	<spawn centerx="145" centery="120" centerz="9" radius="10" />
	<spawn centerx="114" centery="125" centerz="9" radius="5" />
	<spawn centerx="237" centery="125" centerz="9" radius="10">
		<monster name="ghost" x="0" y="-1" z="9" spawntime="60" direction="2" />
		<monster name="lich" x="-4" y="0" z="9" spawntime="60" direction="2" />
		<monster name="vampire" x="-2" y="0" z="9" spawntime="60" direction="2" />
		<monster name="vampire" x="-1" y="0" z="9" spawntime="60" direction="2" />
		<monster name="ghost" x="2" y="0" z="9" spawntime="60" direction="2" />
		<monster name="ghost" x="3" y="0" z="9" spawntime="60" direction="2" />
		<monster name="lich" x="-5" y="1" z="9" spawntime="60" direction="2" />
		<monster name="vampire" x="-2" y="1" z="9" spawntime="60" direction="2" />
		<monster name="ghost" x="4" y="1" z="9" spawntime="60" direction="2" />
	</spawn>
	<spawn centerx="141" centery="126" centerz="9" radius="10" />
	<spawn centerx="151" centery="126" centerz="9" radius="10" />
	<spawn centerx="120" centery="127" centerz="9" radius="5" />
	<spawn centerx="181" centery="127" centerz="9" radius="20" />
	<spawn centerx="182" centery="129" centerz="9" radius="5" />
	<spawn centerx="145" centery="135" centerz="9" radius="5" />
	<spawn centerx="207" centery="136" centerz="9" radius="5">
		<monster name="deathslicer" x="2" y="-2" z="9" spawntime="60" direction="2" />
		<monster name="gargoyle" x="2" y="3" z="9" spawntime="60" direction="2" />
	</spawn>
	<spawn centerx="213" centery="147" centerz="9" radius="5">
		<monster name="gargoyle" x="1" y="-1" z="9" spawntime="60" direction="2" />
		<monster name="gargoyle" x="2" y="0" z="9" spawntime="60" direction="2" />
		<monster name="gargoyle" x="1" y="1" z="9" spawntime="60" direction="2" />
		<monster name="gargoyle" x="2" y="2" z="9" spawntime="60" direction="2" />
	</spawn>
	<spawn centerx="63" centery="150" centerz="9" radius="20" />
	<spawn centerx="161" centery="158" centerz="9" radius="10" />
	<spawn centerx="207" centery="160" centerz="9" radius="10">
		<monster name="efreet" x="2" y="-6" z="9" spawntime="60" direction="2" />
		<monster name="Bone Beast" x="7" y="-6" z="9" spawntime="60" direction="2" />
		<monster name="cobra" x="6" y="-4" z="9" spawntime="60" direction="2" />
		<monster name="green djinn" x="5" y="-2" z="9" spawntime="60" direction="2" />
		<monster name="ancient scarab" x="8" y="0" z="9" spawntime="60" direction="2" />
		<monster name="green djinn" x="2" y="1" z="9" spawntime="60" direction="2" />
		<monster name="lich" x="6" y="3" z="9" spawntime="60" direction="2" />
		<monster name="lich" x="5" y="4" z="9" spawntime="60" direction="2" />
	</spawn>
	<spawn centerx="78" centery="166" centerz="9" radius="5" />
	<spawn centerx="34" centery="168" centerz="9" radius="10" />
	<spawn centerx="213" centery="181" centerz="9" radius="12">
		<monster name="ancient scarab" x="-4" y="-6" z="9" spawntime="60" direction="2" />
		<monster name="efreet" x="-2" y="-6" z="9" spawntime="60" direction="2" />
		<monster name="Mahrdis" x="3" y="-6" z="9" spawntime="60" direction="2" />
		<monster name="Dipthrah" x="7" y="-6" z="9" spawntime="60" direction="2" />
		<monster name="ancient scarab" x="-2" y="-5" z="9" spawntime="60" direction="2" />
		<monster name="Vashresamun" x="0" y="-5" z="9" spawntime="60" direction="2" />
		<monster name="ancient scarab" x="2" y="-5" z="9" spawntime="60" direction="2" />
		<monster name="ancient scarab" x="4" y="-5" z="9" spawntime="60" direction="2" />
		<monster name="Dipthrah" x="8" y="-5" z="9" spawntime="60" direction="2" />
		<monster name="deathslicer" x="-4" y="-4" z="9" spawntime="60" direction="2" />
		<monster name="efreet" x="0" y="-4" z="9" spawntime="60" direction="2" />
		<monster name="ancient scarab" x="4" y="-4" z="9" spawntime="60" direction="2" />
		<monster name="blue djinn" x="6" y="-4" z="9" spawntime="60" direction="2" />
		<monster name="ancient scarab" x="-2" y="-3" z="9" spawntime="60" direction="2" />
		<monster name="Vashresamun" x="0" y="-3" z="9" spawntime="60" direction="2" />
		<monster name="Morguthis" x="2" y="-3" z="9" spawntime="60" direction="2" />
		<monster name="ancient scarab" x="6" y="-3" z="9" spawntime="60" direction="2" />
		<monster name="Rahemos" x="8" y="-3" z="9" spawntime="60" direction="2" />
		<monster name="gargoyle" x="4" y="-2" z="9" spawntime="60" direction="2" />
		<monster name="ancient scarab" x="6" y="-2" z="9" spawntime="60" direction="2" />
		<monster name="deathslicer" x="-4" y="-1" z="9" spawntime="60" direction="2" />
		<monster name="ancient scarab" x="-2" y="-1" z="9" spawntime="60" direction="2" />
		<monster name="efreet" x="0" y="-1" z="9" spawntime="60" direction="2" />
		<monster name="ancient scarab" x="2" y="-1" z="9" spawntime="60" direction="2" />
		<monster name="ancient scarab" x="4" y="-1" z="9" spawntime="60" direction="2" />
		<monster name="efreet" x="8" y="-1" z="9" spawntime="60" direction="2" />
		<monster name="green djinn" x="6" y="0" z="9" spawntime="60" direction="2" />
		<monster name="gargoyle" x="8" y="0" z="9" spawntime="60" direction="2" />
		<monster name="green djinn" x="-3" y="1" z="9" spawntime="60" direction="2" />
		<monster name="ancient scarab" x="-2" y="1" z="9" spawntime="60" direction="2" />
		<monster name="Morguthis" x="0" y="1" z="9" spawntime="60" direction="2" />
		<monster name="Vashresamun" x="2" y="1" z="9" spawntime="60" direction="2" />
		<monster name="Thalas" x="4" y="1" z="9" spawntime="60" direction="2" />
		<monster name="Ashmunrah" x="6" y="1" z="9" spawntime="60" direction="2" />
		<monster name="Mahrdis" x="8" y="1" z="9" spawntime="60" direction="2" />
		<monster name="green djinn" x="8" y="2" z="9" spawntime="60" direction="2" />
		<monster name="Thalas" x="-2" y="3" z="9" spawntime="60" direction="2" />
		<monster name="green djinn" x="0" y="3" z="9" spawntime="60" direction="2" />
		<monster name="Vashresamun" x="1" y="3" z="9" spawntime="60" direction="2" />
		<monster name="ancient scarab" x="2" y="3" z="9" spawntime="60" direction="2" />
		<monster name="Rahemos" x="4" y="3" z="9" spawntime="60" direction="2" />
		<monster name="gargoyle" x="6" y="3" z="9" spawntime="60" direction="2" />
		<monster name="gargoyle" x="8" y="3" z="9" spawntime="60" direction="2" />
		<monster name="lich" x="-3" y="4" z="9" spawntime="60" direction="2" />
		<monster name="lich" x="-1" y="4" z="9" spawntime="60" direction="2" />
		<monster name="lich" x="1" y="4" z="9" spawntime="60" direction="2" />
		<monster name="Omruc" x="2" y="4" z="9" spawntime="60" direction="2" />
		<monster name="gargoyle" x="4" y="4" z="9" spawntime="60" direction="2" />
		<monster name="Vashresamun" x="6" y="4" z="9" spawntime="60" direction="2" />
		<monster name="lich" x="8" y="4" z="9" spawntime="60" direction="2" />
		<monster name="Ashmunrah" x="-4" y="6" z="9" spawntime="60" direction="2" />
		<monster name="Ashmunrah" x="-3" y="6" z="9" spawntime="60" direction="2" />
		<monster name="lich" x="-2" y="6" z="9" spawntime="60" direction="2" />
		<monster name="Omruc" x="0" y="6" z="9" spawntime="60" direction="2" />
		<monster name="lich" x="2" y="6" z="9" spawntime="60" direction="2" />
		<monster name="Mahrdis" x="4" y="6" z="9" spawntime="60" direction="2" />
		<monster name="green djinn" x="5" y="6" z="9" spawntime="60" direction="2" />
		<monster name="green djinn" x="6" y="6" z="9" spawntime="60" direction="2" />
		<monster name="Morguthis" x="7" y="6" z="9" spawntime="60" direction="2" />
		<monster name="gargoyle" x="8" y="6" z="9" spawntime="60" direction="2" />
	</spawn>
	<spawn centerx="52" centery="184" centerz="9" radius="20">
		<monster name="dragon lord" x="-13" y="18" z="9" spawntime="60" direction="2" />
		<monster name="fire elemental" x="-3" y="18" z="9" spawntime="60" direction="2" />
		<monster name="demon" x="-1" y="18" z="9" spawntime="60" direction="2" />
	</spawn>
	<spawn centerx="53" centery="222" centerz="9" radius="100">
		<monster name="dragon lord" x="36" y="-24" z="9" spawntime="60" direction="2" />
		<monster name="ghost" x="62" y="-24" z="9" spawntime="60" direction="2" />
		<monster name="warlock" x="59" y="-23" z="9" spawntime="60" direction="2" />
		<monster name="warlock" x="66" y="-23" z="9" spawntime="60" direction="2" />
		<monster name="fire elemental" x="-22" y="-21" z="9" spawntime="60" direction="2" />
		<monster name="demon" x="31" y="-21" z="9" spawntime="60" direction="2" />
		<monster name="fire elemental" x="32" y="-21" z="9" spawntime="60" direction="2" />
		<monster name="demon" x="-24" y="-20" z="9" spawntime="60" direction="2" />
		<monster name="fire elemental" x="31" y="-20" z="9" spawntime="60" direction="2" />
		<monster name="behemoth" x="62" y="-20" z="9" spawntime="60" direction="2" />
		<monster name="warlock" x="59" y="-19" z="9" spawntime="60" direction="2" />
		<monster name="warlock" x="66" y="-19" z="9" spawntime="60" direction="2" />
		<monster name="ghost" x="62" y="-18" z="9" spawntime="60" direction="2" />
		<monster name="fire elemental" x="-24" y="-17" z="9" spawntime="60" direction="2" />
		<monster name="fire elemental" x="-1" y="-17" z="9" spawntime="60" direction="2" />
		<monster name="dragon lord" x="45" y="-16" z="9" spawntime="60" direction="2" />
		<monster name="fire elemental" x="11" y="-15" z="9" spawntime="60" direction="2" />
		<monster name="demon" x="14" y="-15" z="9" spawntime="60" direction="2" />
		<monster name="dragon lord" x="35" y="-15" z="9" spawntime="60" direction="2" />
		<monster name="warlock" x="59" y="-15" z="9" spawntime="60" direction="2" />
		<monster name="behemoth" x="62" y="-15" z="9" spawntime="60" direction="2" />
		<monster name="warlock" x="66" y="-15" z="9" spawntime="60" direction="2" />
		<monster name="fire elemental" x="25" y="-14" z="9" spawntime="60" direction="2" />
		<monster name="demon" x="23" y="-13" z="9" spawntime="60" direction="2" />
		<monster name="fire elemental" x="15" y="-12" z="9" spawntime="60" direction="2" />
		<monster name="fire elemental" x="23" y="-12" z="9" spawntime="60" direction="2" />
		<monster name="dragon lord" x="-17" y="-11" z="9" spawntime="60" direction="2" />
		<monster name="dragon lord" x="1" y="-11" z="9" spawntime="60" direction="2" />
		<monster name="dragon lord" x="50" y="-11" z="9" spawntime="60" direction="2" />
		<monster name="dragon lord" x="27" y="-10" z="9" spawntime="60" direction="2" />
		<monster name="dragon lord" x="-6" y="-9" z="9" spawntime="60" direction="2" />
		<monster name="demon" x="7" y="-8" z="9" spawntime="60" direction="2" />
		<monster name="fire elemental" x="9" y="-8" z="9" spawntime="60" direction="2" />
		<monster name="fire elemental" x="50" y="-7" z="9" spawntime="60" direction="2" />
		<monster name="fire elemental" x="-28" y="-6" z="9" spawntime="60" direction="2" />
		<monster name="demon" x="-26" y="-6" z="9" spawntime="60" direction="2" />
		<monster name="fire elemental" x="-24" y="-6" z="9" spawntime="60" direction="2" />
		<monster name="demon" x="19" y="-6" z="9" spawntime="60" direction="2" />
		<monster name="fire elemental" x="21" y="-6" z="9" spawntime="60" direction="2" />
		<monster name="dragon lord" x="31" y="-6" z="9" spawntime="60" direction="2" />
		<monster name="fire elemental" x="7" y="-5" z="9" spawntime="60" direction="2" />
		<monster name="fire elemental" x="17" y="-5" z="9" spawntime="60" direction="2" />
		<monster name="dragon lord" x="26" y="-4" z="9" spawntime="60" direction="2" />
		<monster name="dragon lord" x="35" y="-4" z="9" spawntime="60" direction="2" />
		<monster name="dragon lord" x="43" y="-4" z="9" spawntime="60" direction="2" />
		<monster name="fire elemental" x="47" y="-4" z="9" spawntime="60" direction="2" />
		<monster name="demon" x="50" y="-4" z="9" spawntime="60" direction="2" />
		<monster name="dragon lord" x="-19" y="-3" z="9" spawntime="60" direction="2" />
		<monster name="fire elemental" x="-14" y="-2" z="9" spawntime="60" direction="2" />
		<monster name="fire elemental" x="-9" y="-2" z="9" spawntime="60" direction="2" />
		<monster name="dragon lord" x="-3" y="-2" z="9" spawntime="60" direction="2" />
		<monster name="dragon lord" x="14" y="-2" z="9" spawntime="60" direction="2" />
		<monster name="dragon lord" x="24" y="-1" z="9" spawntime="60" direction="2" />
		<monster name="dragon lord" x="29" y="-1" z="9" spawntime="60" direction="2" />
		<monster name="fire elemental" x="21" y="0" z="9" spawntime="60" direction="2" />
		<monster name="fire elemental" x="32" y="0" z="9" spawntime="60" direction="2" />
		<monster name="fire elemental" x="-14" y="1" z="9" spawntime="60" direction="2" />
		<monster name="fire elemental" x="-9" y="1" z="9" spawntime="60" direction="2" />
		<monster name="dragon lord" x="4" y="2" z="9" spawntime="60" direction="2" />
		<monster name="dragon lord" x="5" y="2" z="9" spawntime="60" direction="2" />
		<monster name="demon" x="21" y="2" z="9" spawntime="60" direction="2" />
		<monster name="demon" x="31" y="2" z="9" spawntime="60" direction="2" />
		<monster name="fire elemental" x="13" y="3" z="9" spawntime="60" direction="2" />
		<monster name="fire elemental" x="22" y="3" z="9" spawntime="60" direction="2" />
		<monster name="fire elemental" x="29" y="3" z="9" spawntime="60" direction="2" />
		<monster name="fire elemental" x="-26" y="4" z="9" spawntime="60" direction="2" />
		<monster name="fire elemental" x="-2" y="5" z="9" spawntime="60" direction="2" />
		<monster name="demon" x="-26" y="6" z="9" spawntime="60" direction="2" />
		<monster name="fire elemental" x="-24" y="6" z="9" spawntime="60" direction="2" />
		<monster name="dragon lord" x="-18" y="6" z="9" spawntime="60" direction="2" />
		<monster name="fire elemental" x="11" y="6" z="9" spawntime="60" direction="2" />
		<monster name="demon" x="13" y="6" z="9" spawntime="60" direction="2" />
		<monster name="fire elemental" x="-4" y="7" z="9" spawntime="60" direction="2" />
		<monster name="demon" x="-2" y="7" z="9" spawntime="60" direction="2" />
		<monster name="demon" x="41" y="20" z="9" spawntime="60" direction="2" />
		<monster name="demon" x="44" y="20" z="9" spawntime="60" direction="2" />
		<monster name="behemoth" x="35" y="21" z="9" spawntime="60" direction="2" />
		<monster name="behemoth" x="49" y="21" z="9" spawntime="60" direction="2" />
		<monster name="demon" x="32" y="23" z="9" spawntime="60" direction="2" />
		<monster name="dragon lord" x="39" y="23" z="9" spawntime="60" direction="2" />
		<monster name="dragon lord" x="45" y="23" z="9" spawntime="60" direction="2" />
		<monster name="demon" x="52" y="23" z="9" spawntime="60" direction="2" />
		<monster name="dragon lord" x="42" y="24" z="9" spawntime="60" direction="2" />
		<monster name="behemoth" x="35" y="25" z="9" spawntime="60" direction="2" />
		<monster name="Orshabaal" x="38" y="25" z="9" spawntime="60" direction="2" />
		<monster name="Orshabaal" x="46" y="25" z="9" spawntime="60" direction="2" />
		<monster name="behemoth" x="49" y="25" z="9" spawntime="60" direction="2" />
		<monster name="demon" x="32" y="27" z="9" spawntime="60" direction="2" />
		<monster name="dragon lord" x="40" y="27" z="9" spawntime="60" direction="2" />
		<monster name="dragon lord" x="44" y="27" z="9" spawntime="60" direction="2" />
		<monster name="demon" x="52" y="27" z="9" spawntime="60" direction="2" />
		<monster name="Demodras" x="38" y="29" z="9" spawntime="60" direction="2" />
		<monster name="dragon lord" x="42" y="29" z="9" spawntime="60" direction="2" />
		<monster name="Demodras" x="46" y="29" z="9" spawntime="60" direction="2" />
		<monster name="behemoth" x="38" y="33" z="9" spawntime="60" direction="2" />
		<monster name="Orshabaal" x="42" y="33" z="9" spawntime="60" direction="2" />
		<monster name="behemoth" x="46" y="33" z="9" spawntime="60" direction="2" />
	</spawn>
	<spawn centerx="33" centery="53" centerz="10" radius="100">
		<monster name="banshee" x="40" y="-4" z="10" spawntime="60" direction="2" />
		<monster name="demon" x="39" y="-3" z="10" spawntime="60" direction="2" />
		<monster name="banshee" x="41" y="-2" z="10" spawntime="60" direction="2" />
		<monster name="banshee" x="61" y="-2" z="10" spawntime="60" direction="2" />
		<monster name="banshee" x="64" y="-2" z="10" spawntime="60" direction="2" />
		<monster name="demon" x="1" y="-1" z="10" spawntime="60" direction="2" />
		<monster name="banshee" x="40" y="-1" z="10" spawntime="60" direction="2" />
		<monster name="banshee" x="-1" y="1" z="10" spawntime="60" direction="2" />
		<monster name="banshee" x="3" y="1" z="10" spawntime="60" direction="2" />
		<monster name="demon" x="63" y="1" z="10" spawntime="60" direction="2" />
		<monster name="banshee" x="1" y="2" z="10" spawntime="60" direction="2" />
		<monster name="banshee" x="56" y="2" z="10" spawntime="60" direction="2" />
		<monster name="banshee" x="69" y="2" z="10" spawntime="60" direction="2" />
		<monster name="banshee" x="61" y="3" z="10" spawntime="60" direction="2" />
		<monster name="banshee" x="64" y="3" z="10" spawntime="60" direction="2" />
		<monster name="banshee" x="56" y="4" z="10" spawntime="60" direction="2" />
		<monster name="banshee" x="69" y="4" z="10" spawntime="60" direction="2" />
		<monster name="demon" x="59" y="6" z="10" spawntime="60" direction="2" />
		<monster name="banshee" x="61" y="6" z="10" spawntime="60" direction="2" />
		<monster name="banshee" x="64" y="6" z="10" spawntime="60" direction="2" />
		<monster name="demon" x="67" y="6" z="10" spawntime="60" direction="2" />
		<monster name="banshee" x="44" y="9" z="10" spawntime="60" direction="2" />
		<monster name="demon" x="63" y="9" z="10" spawntime="60" direction="2" />
		<monster name="banshee" x="45" y="10" z="10" spawntime="60" direction="2" />
		<monster name="demon" x="47" y="10" z="10" spawntime="60" direction="2" />
		<monster name="banshee" x="44" y="11" z="10" spawntime="60" direction="2" />
		<monster name="banshee" x="32" y="21" z="10" spawntime="60" direction="2" />
		<monster name="banshee" x="31" y="22" z="10" spawntime="60" direction="2" />
		<monster name="banshee" x="33" y="23" z="10" spawntime="60" direction="2" />
		<monster name="demon" x="32" y="24" z="10" spawntime="60" direction="2" />
		<monster name="demon" x="28" y="38" z="10" spawntime="60" direction="2" />
		<monster name="banshee" x="26" y="39" z="10" spawntime="60" direction="2" />
		<monster name="banshee" x="30" y="39" z="10" spawntime="60" direction="2" />
		<monster name="banshee" x="28" y="40" z="10" spawntime="60" direction="2" />
		<monster name="dwarf geomancer" x="44" y="40" z="10" spawntime="60" direction="2" />
		<monster name="dwarf guard" x="67" y="40" z="10" spawntime="60" direction="2" />
		<monster name="banshee" x="40" y="41" z="10" spawntime="60" direction="2" />
		<monster name="dwarf guard" x="55" y="41" z="10" spawntime="60" direction="2" />
		<monster name="dwarf guard" x="61" y="41" z="10" spawntime="60" direction="2" />
		<monster name="banshee" x="41" y="42" z="10" spawntime="60" direction="2" />
		<monster name="dwarf geomancer" x="46" y="42" z="10" spawntime="60" direction="2" />
		<monster name="dwarf guard" x="73" y="42" z="10" spawntime="60" direction="2" />
		<monster name="dwarf guard" x="78" y="43" z="10" spawntime="60" direction="2" />
		<monster name="demon" x="9" y="46" z="10" spawntime="60" direction="2" />
		<monster name="dwarf guard" x="41" y="46" z="10" spawntime="60" direction="2" />
		<monster name="banshee" x="8" y="47" z="10" spawntime="60" direction="2" />
		<monster name="banshee" x="10" y="47" z="10" spawntime="60" direction="2" />
		<monster name="banshee" x="9" y="48" z="10" spawntime="60" direction="2" />
		<monster name="dwarf guard" x="62" y="48" z="10" spawntime="60" direction="2" />
		<monster name="dwarf guard" x="78" y="50" z="10" spawntime="60" direction="2" />
		<monster name="dwarf guard" x="46" y="52" z="10" spawntime="60" direction="2" />
		<monster name="dwarf guard" x="53" y="52" z="10" spawntime="60" direction="2" />
		<monster name="banshee" x="18" y="53" z="10" spawntime="60" direction="2" />
		<monster name="banshee" x="19" y="54" z="10" spawntime="60" direction="2" />
		<monster name="dwarf guard" x="82" y="54" z="10" spawntime="60" direction="2" />
		<monster name="banshee" x="18" y="55" z="10" spawntime="60" direction="2" />
		<monster name="demon" x="19" y="56" z="10" spawntime="60" direction="2" />
		<monster name="behemoth" x="-5" y="58" z="10" spawntime="60" direction="2" />
		<monster name="banshee" x="-4" y="58" z="10" spawntime="60" direction="2" />
		<monster name="banshee" x="-1" y="58" z="10" spawntime="60" direction="2" />
		<monster name="behemoth" x="1" y="58" z="10" spawntime="60" direction="2" />
		<monster name="dwarf guard" x="41" y="58" z="10" spawntime="60" direction="2" />
		<monster name="behemoth" x="-2" y="60" z="10" spawntime="60" direction="2" />
		<monster name="dwarf guard" x="78" y="60" z="10" spawntime="60" direction="2" />
		<monster name="banshee" x="-9" y="61" z="10" spawntime="60" direction="2" />
		<monster name="banshee" x="-4" y="61" z="10" spawntime="60" direction="2" />
		<monster name="banshee" x="-1" y="61" z="10" spawntime="60" direction="2" />
		<monster name="banshee" x="4" y="61" z="10" spawntime="60" direction="2" />
		<monster name="behemoth" x="-7" y="62" z="10" spawntime="60" direction="2" />
		<monster name="behemoth" x="2" y="62" z="10" spawntime="60" direction="2" />
		<monster name="banshee" x="-9" y="63" z="10" spawntime="60" direction="2" />
		<monster name="banshee" x="-4" y="63" z="10" spawntime="60" direction="2" />
		<monster name="banshee" x="-1" y="63" z="10" spawntime="60" direction="2" />
		<monster name="banshee" x="4" y="63" z="10" spawntime="60" direction="2" />
		<monster name="dwarf guard" x="62" y="64" z="10" spawntime="60" direction="2" />
		<monster name="dwarf guard" x="40" y="65" z="10" spawntime="60" direction="2" />
		<monster name="dwarf guard" x="81" y="65" z="10" spawntime="60" direction="2" />
		<monster name="behemoth" x="-5" y="66" z="10" spawntime="60" direction="2" />
		<monster name="behemoth" x="-2" y="66" z="10" spawntime="60" direction="2" />
		<monster name="behemoth" x="1" y="66" z="10" spawntime="60" direction="2" />
		<monster name="banshee" x="-4" y="67" z="10" spawntime="60" direction="2" />
		<monster name="banshee" x="-1" y="67" z="10" spawntime="60" direction="2" />
		<monster name="dwarf guard" x="78" y="67" z="10" spawntime="60" direction="2" />
		<monster name="demon" x="-2" y="69" z="10" spawntime="60" direction="2" />
		<monster name="dwarf guard" x="47" y="70" z="10" spawntime="60" direction="2" />
		<monster name="dwarf guard" x="54" y="70" z="10" spawntime="60" direction="2" />
		<monster name="dwarf guard" x="42" y="71" z="10" spawntime="60" direction="2" />
		<monster name="dwarf guard" x="65" y="74" z="10" spawntime="60" direction="2" />
		<monster name="dwarf guard" x="74" y="75" z="10" spawntime="60" direction="2" />
		<monster name="dwarf guard" x="80" y="76" z="10" spawntime="60" direction="2" />
	</spawn>
	<spawn centerx="95" centery="57" centerz="10" radius="9" />
	<spawn centerx="196" centery="71" centerz="10" radius="5">
		<monster name="Orshabaal" x="0" y="1" z="10" spawntime="60" direction="2" />
		<monster name="demon" x="0" y="4" z="10" spawntime="60" direction="2" />
		<monster name="demon" x="4" y="4" z="10" spawntime="60" direction="2" />
	</spawn>
	<spawn centerx="207" centery="87" centerz="10" radius="15">
		<monster name="Orshabaal" x="-4" y="-14" z="10" spawntime="60" direction="2" />
		<monster name="demon" x="-5" y="-12" z="10" spawntime="60" direction="2" />
		<monster name="demon" x="-13" y="-6" z="10" spawntime="60" direction="2" />
		<monster name="Orshabaal" x="-10" y="-6" z="10" spawntime="60" direction="2" />
		<monster name="dragon lord" x="-8" y="-6" z="10" spawntime="60" direction="2" />
		<monster name="dragon lord" x="-13" y="-2" z="10" spawntime="60" direction="2" />
		<monster name="demon" x="-14" y="1" z="10" spawntime="60" direction="2" />
		<monster name="Orshabaal" x="2" y="2" z="10" spawntime="60" direction="2" />
		<monster name="demon" x="6" y="2" z="10" spawntime="60" direction="2" />
		<monster name="Orshabaal" x="-13" y="5" z="10" spawntime="60" direction="2" />
		<monster name="dragon lord" x="4" y="5" z="10" spawntime="60" direction="2" />
		<monster name="demon" x="1" y="6" z="10" spawntime="60" direction="2" />
		<monster name="dragon lord" x="5" y="6" z="10" spawntime="60" direction="2" />
		<monster name="demon" x="11" y="6" z="10" spawntime="60" direction="2" />
		<monster name="dragon lord" x="-13" y="7" z="10" spawntime="60" direction="2" />
		<monster name="demon" x="-9" y="9" z="10" spawntime="60" direction="2" />
		<monster name="Orshabaal" x="8" y="9" z="10" spawntime="60" direction="2" />
		<monster name="demon" x="6" y="11" z="10" spawntime="60" direction="2" />
		<monster name="Orshabaal" x="-7" y="13" z="10" spawntime="60" direction="2" />
		<monster name="dragon lord" x="5" y="13" z="10" spawntime="60" direction="2" />
		<monster name="dragon lord" x="2" y="14" z="10" spawntime="60" direction="2" />
	</spawn>
	<spawn centerx="81" centery="94" centerz="10" radius="10" />
	<spawn centerx="109" centery="96" centerz="10" radius="15" />
	<spawn centerx="94" centery="105" centerz="10" radius="15" />
	<spawn centerx="146" centery="108" centerz="10" radius="5">
		<monster name="fire devil" x="-2" y="0" z="10" spawntime="60" direction="2" />
		<monster name="fire devil" x="3" y="0" z="10" spawntime="60" direction="2" />
		<monster name="fire elemental" x="0" y="2" z="10" spawntime="60" direction="2" />
		<monster name="fire elemental" x="2" y="2" z="10" spawntime="60" direction="2" />
		<monster name="fire elemental" x="1" y="3" z="10" spawntime="60" direction="2" />
		<monster name="hero" x="-5" y="5" z="10" spawntime="60" direction="2" />
		<monster name="behemoth" x="1" y="5" z="10" spawntime="60" direction="2" />
	</spawn>
	<spawn centerx="150" centery="114" centerz="10" radius="5">
		<monster name="hero" x="2" y="-1" z="10" spawntime="60" direction="2" />
		<monster name="dragon" x="0" y="0" z="10" spawntime="60" direction="2" />
		<monster name="priestess" x="-3" y="1" z="10" spawntime="60" direction="2" />
		<monster name="dragon" x="1" y="2" z="10" spawntime="60" direction="2" />
		<monster name="priestess" x="-3" y="3" z="10" spawntime="60" direction="2" />
		<monster name="dragon" x="2" y="4" z="10" spawntime="60" direction="2" />
		<monster name="priestess" x="-3" y="5" z="10" spawntime="60" direction="2" />
	</spawn>
	<spawn centerx="142" centery="115" centerz="10" radius="5">
		<monster name="dragon" x="2" y="-1" z="10" spawntime="60" direction="2" />
		<monster name="dragon" x="1" y="1" z="10" spawntime="60" direction="2" />
		<monster name="dragon" x="0" y="3" z="10" spawntime="60" direction="2" />
	</spawn>
	<spawn centerx="194" centery="118" centerz="10" radius="5">
		<monster name="demon" x="-3" y="-2" z="10" spawntime="60" direction="2" />
		<monster name="demon" x="-1" y="-2" z="10" spawntime="60" direction="2" />
		<monster name="demon" x="-5" y="0" z="10" spawntime="60" direction="2" />
		<monster name="demon" x="1" y="0" z="10" spawntime="60" direction="2" />
		<monster name="demon" x="2" y="0" z="10" spawntime="60" direction="2" />
		<monster name="demon" x="-2" y="2" z="10" spawntime="60" direction="2" />
		<monster name="demon" x="0" y="2" z="10" spawntime="60" direction="2" />
	</spawn>
	<spawn centerx="150" centery="121" centerz="10" radius="5">
		<monster name="necromancer" x="-3" y="0" z="10" spawntime="60" direction="2" />
		<monster name="hero" x="3" y="0" z="10" spawntime="60" direction="2" />
		<monster name="necromancer" x="-3" y="2" z="10" spawntime="60" direction="2" />
		<monster name="demon skeleton" x="0" y="2" z="10" spawntime="60" direction="2" />
		<monster name="hero" x="-1" y="4" z="10" spawntime="60" direction="2" />
		<monster name="dragon" x="-3" y="5" z="10" spawntime="60" direction="2" />
	</spawn>
	<spawn centerx="143" centery="122" centerz="10" radius="5">
		<monster name="hero" x="-2" y="-1" z="10" spawntime="60" direction="2" />
		<monster name="demon skeleton" x="1" y="1" z="10" spawntime="60" direction="2" />
		<monster name="hero" x="1" y="3" z="10" spawntime="60" direction="2" />
	</spawn>
	<spawn centerx="77" centery="123" centerz="10" radius="15" />
	<spawn centerx="237" centery="125" centerz="10" radius="5">
		<monster name="Thalas" x="-2" y="-2" z="10" spawntime="60" direction="2" />
		<monster name="Rahemos" x="-3" y="-1" z="10" spawntime="60" direction="2" />
		<monster name="skeleton" x="0" y="-1" z="10" spawntime="60" direction="2" />
		<monster name="demon skeleton" x="1" y="-1" z="10" spawntime="60" direction="2" />
		<monster name="demon skeleton" x="2" y="-1" z="10" spawntime="60" direction="2" />
		<monster name="skeleton" x="0" y="0" z="10" spawntime="60" direction="2" />
		<monster name="demon skeleton" x="0" y="1" z="10" spawntime="60" direction="2" />
		<monster name="demon skeleton" x="1" y="1" z="10" spawntime="60" direction="2" />
	</spawn>
	<spawn centerx="111" centery="126" centerz="10" radius="15" />
	<spawn centerx="147" centery="129" centerz="10" radius="5">
		<monster name="banshee" x="-1" y="-1" z="10" spawntime="60" direction="2" />
		<monster name="warlock" x="0" y="-1" z="10" spawntime="60" direction="2" />
		<monster name="hero" x="-4" y="0" z="10" spawntime="60" direction="2" />
		<monster name="hero" x="3" y="0" z="10" spawntime="60" direction="2" />
		<monster name="behemoth" x="-2" y="1" z="10" spawntime="60" direction="2" />
		<monster name="behemoth" x="1" y="1" z="10" spawntime="60" direction="2" />
	</spawn>
	<spawn centerx="194" centery="133" centerz="10" radius="5">
		<monster name="fire elemental" x="-1" y="-2" z="10" spawntime="60" direction="2" />
		<monster name="fire elemental" x="1" y="-2" z="10" spawntime="60" direction="2" />
		<monster name="fire elemental" x="-4" y="0" z="10" spawntime="60" direction="2" />
		<monster name="monk" x="1" y="0" z="10" spawntime="60" direction="2" />
		<monster name="monk" x="2" y="0" z="10" spawntime="60" direction="2" />
		<monster name="fire elemental" x="-1" y="2" z="10" spawntime="60" direction="2" />
		<monster name="fire elemental" x="1" y="2" z="10" spawntime="60" direction="2" />
	</spawn>
	<spawn centerx="52" centery="184" centerz="10" radius="100">
		<monster name="dragon lord" x="-12" y="-17" z="10" spawntime="60" direction="2" />
		<monster name="dragon lord" x="-4" y="-11" z="10" spawntime="60" direction="2" />
		<monster name="dragon lord" x="-20" y="-8" z="10" spawntime="60" direction="2" />
		<monster name="dragon" x="-5" y="-6" z="10" spawntime="60" direction="2" />
		<monster name="Demodras" x="-24" y="-4" z="10" spawntime="60" direction="2" />
		<monster name="dragon lord" x="-18" y="-4" z="10" spawntime="60" direction="2" />
		<monster name="dragon" x="8" y="-2" z="10" spawntime="60" direction="2" />
		<monster name="dragon" x="-4" y="-1" z="10" spawntime="60" direction="2" />
		<monster name="dragon" x="0" y="-1" z="10" spawntime="60" direction="2" />
		<monster name="dragon lord" x="15" y="-1" z="10" spawntime="60" direction="2" />
		<monster name="Demodras" x="-17" y="0" z="10" spawntime="60" direction="2" />
		<monster name="dragon lord" x="-22" y="1" z="10" spawntime="60" direction="2" />
		<monster name="dragon" x="-4" y="2" z="10" spawntime="60" direction="2" />
		<monster name="dragon" x="0" y="2" z="10" spawntime="60" direction="2" />
		<monster name="dragon lord" x="13" y="7" z="10" spawntime="60" direction="2" />
		<monster name="dragon lord" x="5" y="11" z="10" spawntime="60" direction="2" />
		<monster name="dragon lord" x="3" y="21" z="10" spawntime="60" direction="2" />
		<monster name="dragon lord" x="9" y="21" z="10" spawntime="60" direction="2" />
		<monster name="Demodras" x="2" y="24" z="10" spawntime="60" direction="2" />
		<monster name="Demodras" x="11" y="24" z="10" spawntime="60" direction="2" />
		<monster name="dragon lord" x="6" y="25" z="10" spawntime="60" direction="2" />
	</spawn>
	<spawn centerx="286" centery="35" centerz="11" radius="2">
		<monster name="demon" x="0" y="2" z="11" spawntime="60" direction="2" />
	</spawn>
	<spawn centerx="282" centery="36" centerz="11" radius="2">
		<monster name="behemoth" x="0" y="0" z="11" spawntime="60" direction="2" />
	</spawn>
	<spawn centerx="290" centery="36" centerz="11" radius="2">
		<monster name="behemoth" x="0" y="0" z="11" spawntime="60" direction="2" />
	</spawn>
	<spawn centerx="286" centery="38" centerz="11" radius="2">
		<monster name="demon" x="0" y="2" z="11" spawntime="60" direction="2" />
	</spawn>
	<spawn centerx="282" centery="40" centerz="11" radius="2">
		<monster name="behemoth" x="0" y="0" z="11" spawntime="60" direction="2" />
	</spawn>
	<spawn centerx="290" centery="40" centerz="11" radius="2">
		<monster name="behemoth" x="0" y="0" z="11" spawntime="60" direction="2" />
	</spawn>
	<spawn centerx="286" centery="41" centerz="11" radius="2">
		<monster name="dragon" x="-2" y="2" z="11" spawntime="60" direction="2" />
		<monster name="behemoth" x="0" y="2" z="11" spawntime="60" direction="2" />
		<monster name="dragon" x="2" y="2" z="11" spawntime="60" direction="2" />
	</spawn>
	<spawn centerx="286" centery="44" centerz="11" radius="2">
		<monster name="dragon" x="0" y="1" z="11" spawntime="60" direction="2" />
	</spawn>
	<spawn centerx="279" centery="46" centerz="11" radius="5">
		<monster name="warlock" x="3" y="-2" z="11" spawntime="60" direction="2" />
		<monster name="Orshabaal" x="0" y="-1" z="11" spawntime="60" direction="2" />
		<monster name="dragon lord" x="4" y="0" z="11" spawntime="60" direction="2" />
		<monster name="behemoth" x="5" y="2" z="11" spawntime="60" direction="2" />
		<monster name="demon" x="4" y="4" z="11" spawntime="60" direction="2" />
	</spawn>
	<spawn centerx="293" centery="46" centerz="11" radius="5">
		<monster name="warlock" x="-3" y="-2" z="11" spawntime="60" direction="2" />
		<monster name="Orshabaal" x="0" y="-1" z="11" spawntime="60" direction="2" />
		<monster name="dragon lord" x="-4" y="0" z="11" spawntime="60" direction="2" />
		<monster name="behemoth" x="-5" y="2" z="11" spawntime="60" direction="2" />
		<monster name="demon" x="-4" y="4" z="11" spawntime="60" direction="2" />
	</spawn>
	<spawn centerx="286" centery="47" centerz="11" radius="5">
		<monster name="demon" x="0" y="0" z="11" spawntime="60" direction="2" />
		<monster name="demon" x="0" y="3" z="11" spawntime="60" direction="2" />
	</spawn>
	<spawn centerx="220" centery="71" centerz="11" radius="1">
		<npc name="Sarina" x="0" y="0" z="11" spawntime="60" />
	</spawn>
	<spawn centerx="206" centery="77" centerz="11" radius="1">
		<npc name="Seller" x="0" y="0" z="11" spawntime="60" />
	</spawn>
	<spawn centerx="213" centery="82" centerz="11" radius="1">
		<npc name="Perac" x="0" y="0" z="11" spawntime="60" />
	</spawn>
	<spawn centerx="274" centery="153" centerz="15" radius="50" />
</spawns>
